Parsing SuperLearner FPI arguments...
--model_dir
--predict_var
--num_inputs
--corr_cutoff
--predict_data
Submodels within SuperLearner and their weights:
['nusvr-rbf', 'nusvr-lin', 'nusvr-poly', 'nusvr-sig', 'knn-uni', 'knn-dist', 'pls', 'mlp', 'ridge', 'lasso', 'linear', 'enet', 'huber', 'xgb', 'etr']
[0.34913616 0.         0.         1.36745656 0.         0.01258597
 0.26852759 0.         0.         0.         0.         0.05724589
 0.         0.48777323 1.33796387]
Did not detect any one-hot features.
Started with 25 features.
Finishing with 18 features in 3 groups.
pre_mm_cyr,run_mm_cyr,pre_mm_cdi,tmp_dc_cdi;RA_dm,RA_SO,RA_ms_av,RA_ms_di;Mean_DO_mg_per_L,Mean_DO_percent_saturation,ire_pc_cse,crp_pc_cse,for_pc_cse,gwt_cm_cav,slp_dg_cav,ele_mt_cav,tmp_dc_cyr,Mean_Temp_Deg_C
Loading model for job: 0
FPI on stacked ensemble...
FPI on ML model: nusvr-rbf...
FPI on ML model: nusvr-sig...
FPI on ML model: pls...
FPI on ML model: xgb...
FPI on ML model: etr...
                                                    Avg_Ratiostack0  Std_Ratiostack0
Feature                                                                             
pre_mm_cyr,run_mm_cyr,pre_mm_cdi,tmp_dc_cdi                4.478015         0.302831
RA_dm,RA_SO,RA_ms_av,RA_ms_di                              4.000321         0.182033
Mean_DO_mg_per_L,Mean_DO_percent_saturation,ire...         7.307234         0.252366
prm_pc_cse                                                 1.051330         0.024114
gla_pc_cse                                                 1.003157         0.011358
pst_pc_cse                                                 2.246120         0.158385
ppd_pk_cav                                                 1.823299         0.083667
sgr_dk_rav                                                 1.549289         0.074217
dor_pc_pva                                                 1.386616         0.123360
pH                                                         1.778738         0.107075
--------nusvr-rbf---------
Feature
pre_mm_cyr,run_mm_cyr,pre_mm_cdi,tmp_dc_cdi                                                                                                 10.495269
RA_dm,RA_SO,RA_ms_av,RA_ms_di                                                                                                                7.988633
Mean_DO_mg_per_L,Mean_DO_percent_saturation,ire_pc_cse,crp_pc_cse,for_pc_cse,gwt_cm_cav,slp_dg_cav,ele_mt_cav,tmp_dc_cyr,Mean_Temp_Deg_C     9.517661
prm_pc_cse                                                                                                                                   1.287448
gla_pc_cse                                                                                                                                   1.019004
pst_pc_cse                                                                                                                                   2.898275
ppd_pk_cav                                                                                                                                   2.499211
sgr_dk_rav                                                                                                                                   2.194283
dor_pc_pva                                                                                                                                   2.068520
pH                                                                                                                                           3.095776
Name: Avg_Rationusvr-rbf0, dtype: float64
--------nusvr-sig---------
Feature
pre_mm_cyr,run_mm_cyr,pre_mm_cdi,tmp_dc_cdi                                                                                                 1.001374
RA_dm,RA_SO,RA_ms_av,RA_ms_di                                                                                                               0.999987
Mean_DO_mg_per_L,Mean_DO_percent_saturation,ire_pc_cse,crp_pc_cse,for_pc_cse,gwt_cm_cav,slp_dg_cav,ele_mt_cav,tmp_dc_cyr,Mean_Temp_Deg_C    1.002578
prm_pc_cse                                                                                                                                  1.000000
gla_pc_cse                                                                                                                                  1.000000
pst_pc_cse                                                                                                                                  1.000062
ppd_pk_cav                                                                                                                                  1.000009
sgr_dk_rav                                                                                                                                  1.000009
dor_pc_pva                                                                                                                                  0.999994
pH                                                                                                                                          1.000093
Name: Avg_Rationusvr-sig0, dtype: float64
--------pls---------
Feature
pre_mm_cyr,run_mm_cyr,pre_mm_cdi,tmp_dc_cdi                                                                                                 1.016794
RA_dm,RA_SO,RA_ms_av,RA_ms_di                                                                                                               1.053383
Mean_DO_mg_per_L,Mean_DO_percent_saturation,ire_pc_cse,crp_pc_cse,for_pc_cse,gwt_cm_cav,slp_dg_cav,ele_mt_cav,tmp_dc_cyr,Mean_Temp_Deg_C    1.048951
prm_pc_cse                                                                                                                                  0.999818
gla_pc_cse                                                                                                                                  1.000552
pst_pc_cse                                                                                                                                  0.998440
ppd_pk_cav                                                                                                                                  1.021352
sgr_dk_rav                                                                                                                                  1.001848
dor_pc_pva                                                                                                                                  1.053601
pH                                                                                                                                          1.008818
Name: Avg_Ratiopls0, dtype: float64
--------xgb---------
Feature
pre_mm_cyr,run_mm_cyr,pre_mm_cdi,tmp_dc_cdi                                                                                                 4.273292
RA_dm,RA_SO,RA_ms_av,RA_ms_di                                                                                                               4.045342
Mean_DO_mg_per_L,Mean_DO_percent_saturation,ire_pc_cse,crp_pc_cse,for_pc_cse,gwt_cm_cav,slp_dg_cav,ele_mt_cav,tmp_dc_cyr,Mean_Temp_Deg_C    8.834781
prm_pc_cse                                                                                                                                  1.002058
gla_pc_cse                                                                                                                                  1.000000
pst_pc_cse                                                                                                                                  2.563432
ppd_pk_cav                                                                                                                                  1.894717
sgr_dk_rav                                                                                                                                  1.590141
dor_pc_pva                                                                                                                                  1.188742
pH                                                                                                                                          1.650485
Name: Avg_Ratioxgb0, dtype: float32
--------etr---------
Feature
pre_mm_cyr,run_mm_cyr,pre_mm_cdi,tmp_dc_cdi                                                                                                 1.001175
RA_dm,RA_SO,RA_ms_av,RA_ms_di                                                                                                               1.000127
Mean_DO_mg_per_L,Mean_DO_percent_saturation,ire_pc_cse,crp_pc_cse,for_pc_cse,gwt_cm_cav,slp_dg_cav,ele_mt_cav,tmp_dc_cyr,Mean_Temp_Deg_C    1.010543
prm_pc_cse                                                                                                                                  1.000000
gla_pc_cse                                                                                                                                  1.000000
pst_pc_cse                                                                                                                                  1.000083
ppd_pk_cav                                                                                                                                  1.000019
sgr_dk_rav                                                                                                                                  1.000021
dor_pc_pva                                                                                                                                  1.000002
pH                                                                                                                                          1.000193
Name: Avg_Ratioetr0, dtype: float64
