Parsing SuperLearner predict arguments...
--model_dir
--predict_var
--num_inputs
--predict_data
Submodels within SuperLearner and their weights:
['nusvr-rbf', 'nusvr-lin', 'nusvr-poly', 'nusvr-sig', 'knn-uni', 'knn-dist', 'pls', 'mlp', 'ridge', 'lasso', 'linear', 'enet', 'huber', 'xgb', 'etr']
[2.22684990e-02 0.00000000e+00 0.00000000e+00 3.69084732e+00
 0.00000000e+00 6.49359273e-01 0.00000000e+00 0.00000000e+00
 0.00000000e+00 2.24509452e-01 1.68300049e-03 2.22190309e-02
 3.24935168e-02 0.00000000e+00 8.89362828e-01]
RSE: 210.35517040890585 +/- 407.7823012324869
mean.error: 93.81115 +/- 49.123363
predict.error: 928.6082 +/- 8.97092
RSE vs mean.error: [[1.         0.53524714]
 [0.53524714 1.        ]]
RSE vs predict.error: [[1.         0.45323803]
 [0.45323803 1.        ]]
evaluating hold out on a high/low split
Done!
