Running Workflow Job
/home/pnnl/.bashrc: line 33: conda: command not found
python main.py --conda_env 'parsl-pw' --remote_dir '/tmp' --conda_sh '/tmp/pworks/.miniconda3/etc/profile.d/conda.sh' --superlearner_conf '/pw/workflows/sl_test/superlearner_conf.py' --n_jobs '8' --num_inputs '25' --cross_val_score 'True' --model_dir './model_dir' --hpo 'True' --data '/pw/workflows/sl_test/whondrml_global_train_25_inputs_update.csv' --backend 'loky' --sanity_test 'None'
pwargs: Namespace(backend='loky', conda_env='parsl-pw', conda_sh='/tmp/pworks/.miniconda3/etc/profile.d/conda.sh', cross_val_score='True', data='/pw/workflows/sl_test/whondrml_global_train_25_inputs_update.csv', hpo='True', model_dir='./model_dir', n_jobs='8', num_inputs='25', remote_dir='/tmp', sanity_test='None', superlearner_conf='/pw/workflows/sl_test/superlearner_conf.py')

args:
{
    "conda_env": "parsl-pw",
    "remote_dir": "/tmp",
    "conda_sh": "/tmp/pworks/.miniconda3/etc/profile.d/conda.sh",
    "superlearner_conf": "/pw/workflows/sl_test/superlearner_conf.py",
    "n_jobs": "8",
    "num_inputs": "25",
    "cross_val_score": "True",
    "model_dir": "./model_dir",
    "hpo": "True",
    "data": "/pw/workflows/sl_test/whondrml_global_train_25_inputs_update.csv",
    "backend": "loky",
    "sanity_test": "None"
}
Command line arguments:
{'conda_env': 'parsl-pw', 'remote_dir': './', 'conda_sh': '/tmp/pworks/.miniconda3/etc/profile.d/conda.sh', 'superlearner_conf': '/pw/workflows/sl_test/superlearner_conf.py', 'n_jobs': '8', 'num_inputs': '25', 'cross_val_score': 'True', 'model_dir': './model_dir', 'hpo': 'True', 'data': '/pw/workflows/sl_test/whondrml_global_train_25_inputs_update.csv', 'backend': 'loky', 'sanity_test': 'None', 'workflow_host': ''}
{
    "workflow_host": "",
    "command": "bash .//superlearner_fit_validate/./run.sh python .//superlearner_fit_validate/main.py",
    "inputs": {
        "sh_script": {
            "type": "file",
            "origin": "./superlearner_fit_validate/run.sh",
            "destination": ".//superlearner_fit_validate/run.sh"
        },
        "py_script": {
            "type": "file",
            "origin": "./superlearner_fit_validate/main.py",
            "destination": ".//superlearner_fit_validate/main.py"
        },
        "data": {
            "type": "file",
            "origin": "/pw/workflows/sl_test/whondrml_global_train_25_inputs_update.csv",
            "destination": ".//data.csv"
        },
        "num_inputs": {
            "type": "text",
            "value": "25"
        },
        "superlearner_conf": {
            "type": "file",
            "origin": "/pw/workflows/sl_test/superlearner_conf.py",
            "destination": ".///pw/workflows/sl_test/superlearner_conf.py"
        },
        "backend": {
            "type": "text",
            "value": "loky"
        },
        "n_jobs": {
            "type": "text",
            "value": "8"
        },
        "conda_sh": {
            "type": "text",
            "value": "/tmp/pworks/.miniconda3/etc/profile.d/conda.sh"
        },
        "conda_env": {
            "type": "text",
            "value": "parsl-pw"
        },
        "hpo": {
            "type": "text",
            "value": "True"
        },
        "cross_val_score": {
            "type": "text",
            "value": "True"
        }
    },
    "outputs": {
        "model_dir": {
            "type": "file",
            "destination": "./model_dir",
            "origin": ".//model_dir"
        }
    }
}
{'workflow_host': '', 'command': 'bash .//superlearner_fit_validate/./run.sh python .//superlearner_fit_validate/main.py', 'inputs': {'sh_script': {'type': 'file', 'origin': './superlearner_fit_validate/run.sh', 'destination': './/superlearner_fit_validate/run.sh', 'parsl_file': <<class 'parsl.data_provider.files.File'> at 0x7f21c0197dd8 url=file://parslhost//pw/jobs/60357/./superlearner_fit_validate/run.sh scheme=file netloc=parslhost path=//pw/jobs/60357/./superlearner_fit_validate/run.sh filename=run.sh>}, 'py_script': {'type': 'file', 'origin': './superlearner_fit_validate/main.py', 'destination': './/superlearner_fit_validate/main.py', 'parsl_file': <<class 'parsl.data_provider.files.File'> at 0x7f21c0197eb8 url=file://parslhost//pw/jobs/60357/./superlearner_fit_validate/main.py scheme=file netloc=parslhost path=//pw/jobs/60357/./superlearner_fit_validate/main.py filename=main.py>}, 'data': {'type': 'file', 'origin': '/pw/workflows/sl_test/whondrml_global_train_25_inputs_update.csv', 'destination': './/data.csv', 'parsl_file': <<class 'parsl.data_provider.files.File'> at 0x7f21c0197f60 url=file://parslhost//pw/workflows/sl_test/whondrml_global_train_25_inputs_update.csv scheme=file netloc=parslhost path=//pw/workflows/sl_test/whondrml_global_train_25_inputs_update.csv filename=whondrml_global_train_25_inputs_update.csv>}, 'num_inputs': {'type': 'text', 'value': '25'}, 'superlearner_conf': {'type': 'file', 'origin': '/pw/workflows/sl_test/superlearner_conf.py', 'destination': './//pw/workflows/sl_test/superlearner_conf.py', 'parsl_file': <<class 'parsl.data_provider.files.File'> at 0x7f21c0197f98 url=file://parslhost//pw/workflows/sl_test/superlearner_conf.py scheme=file netloc=parslhost path=//pw/workflows/sl_test/superlearner_conf.py filename=superlearner_conf.py>}, 'backend': {'type': 'text', 'value': 'loky'}, 'n_jobs': {'type': 'text', 'value': '8'}, 'conda_sh': {'type': 'text', 'value': '/tmp/pworks/.miniconda3/etc/profile.d/conda.sh'}, 'conda_env': {'type': 'text', 'value': 'parsl-pw'}, 'hpo': {'type': 'text', 'value': 'True'}, 'cross_val_score': {'type': 'text', 'value': 'True'}}, 'outputs': {'model_dir': {'type': 'file', 'destination': './model_dir', 'origin': './/model_dir', 'parsl_file': <<class 'parsl.data_provider.files.File'> at 0x7f21c0197fd0 url=file://parslhost//pw/jobs/60357/./model_dir scheme=file netloc=parslhost path=//pw/jobs/60357/./model_dir filename=model_dir>}}}
Workflow command
bash .//superlearner_fit_validate/./run.sh python .//superlearner_fit_validate/main.py --sh_script "superlearner_fit_validate/run.sh" --py_script "superlearner_fit_validate/main.py" --data "whondrml_global_train_25_inputs_update.csv" --num_inputs 25 --superlearner_conf "superlearner_conf.py" --backend loky --n_jobs 8 --conda_sh /tmp/pworks/.miniconda3/etc/profile.d/conda.sh --conda_env parsl-pw --hpo True --cross_val_score True --model_dir "model_dir"
Execution Complete.
Exit Code: 0
