Parsing SuperLearner FPI arguments...
--model_dir
--predict_var
--num_inputs
--corr_cutoff
--predict_data
Submodels within SuperLearner and their weights:
['nusvr-rbf', 'nusvr-lin', 'nusvr-poly', 'nusvr-sig', 'knn-uni', 'knn-dist', 'pls', 'mlp', 'ridge', 'lasso', 'linear', 'enet', 'huber', 'xgb', 'etr']
[0.         1.15917101 0.2002323  0.16725382 0.         0.16901344
 0.08125756 0.12468148 0.         0.         0.         0.
 0.         0.7281192  0.        ]
Did not detect any one-hot features.
Started with 25 features.
Finishing with 18 features in 3 groups.
pre_mm_cyr,run_mm_cyr,pre_mm_cdi,tmp_dc_cdi;RA_SO,RA_dm,RA_ms_av,RA_ms_di;Mean_DO_mg_per_L,Mean_DO_percent_saturation,crp_pc_cse,ire_pc_cse,for_pc_cse,gwt_cm_cav,slp_dg_cav,ele_mt_cav,tmp_dc_cyr,Mean_Temp_Deg_C
Loading model for job: 0
FPI on stacked ensemble...
FPI on ML model: nusvr-lin...
FPI on ML model: nusvr-poly...
FPI on ML model: nusvr-sig...
FPI on ML model: knn-dist...
FPI on ML model: mlp...
FPI on ML model: xgb...
                                                    Avg_Ratiostack0  Std_Ratiostack0
Feature                                                                             
pre_mm_cyr,run_mm_cyr,pre_mm_cdi,tmp_dc_cdi                2.416832         0.122240
RA_SO,RA_dm,RA_ms_av,RA_ms_di                              2.595109         0.122672
Mean_DO_mg_per_L,Mean_DO_percent_saturation,crp...         5.858651         0.314416
pst_pc_cse                                                 1.634420         0.138999
ppd_pk_cav                                                 1.575003         0.075986
dor_pc_pva                                                 1.309025         0.076868
sgr_dk_rav                                                 1.603171         0.043621
pH                                                         1.417015         0.057338
gla_pc_cse                                                 1.000723         0.002817
prm_pc_cse                                                 1.012789         0.014458
--------nusvr-lin---------
Feature
pre_mm_cyr,run_mm_cyr,pre_mm_cdi,tmp_dc_cdi                                                                                                 1.007581
RA_SO,RA_dm,RA_ms_av,RA_ms_di                                                                                                               1.001298
Mean_DO_mg_per_L,Mean_DO_percent_saturation,crp_pc_cse,ire_pc_cse,for_pc_cse,gwt_cm_cav,slp_dg_cav,ele_mt_cav,tmp_dc_cyr,Mean_Temp_Deg_C    1.017718
pst_pc_cse                                                                                                                                  1.000506
ppd_pk_cav                                                                                                                                  1.001327
dor_pc_pva                                                                                                                                  0.998702
sgr_dk_rav                                                                                                                                  0.999703
pH                                                                                                                                          1.003252
gla_pc_cse                                                                                                                                  1.000000
prm_pc_cse                                                                                                                                  0.999986
Name: Avg_Rationusvr-lin0, dtype: float64
--------nusvr-poly---------
Feature
pre_mm_cyr,run_mm_cyr,pre_mm_cdi,tmp_dc_cdi                                                                                                 1.423523
RA_SO,RA_dm,RA_ms_av,RA_ms_di                                                                                                               1.356580
Mean_DO_mg_per_L,Mean_DO_percent_saturation,crp_pc_cse,ire_pc_cse,for_pc_cse,gwt_cm_cav,slp_dg_cav,ele_mt_cav,tmp_dc_cyr,Mean_Temp_Deg_C    2.474606
pst_pc_cse                                                                                                                                  1.641634
ppd_pk_cav                                                                                                                                  1.245239
dor_pc_pva                                                                                                                                  0.980987
sgr_dk_rav                                                                                                                                  1.039301
pH                                                                                                                                          1.180314
gla_pc_cse                                                                                                                                  1.000229
prm_pc_cse                                                                                                                                  1.003786
Name: Avg_Rationusvr-poly0, dtype: float64
--------nusvr-sig---------
Feature
pre_mm_cyr,run_mm_cyr,pre_mm_cdi,tmp_dc_cdi                                                                                                 0.583695
RA_SO,RA_dm,RA_ms_av,RA_ms_di                                                                                                               0.929166
Mean_DO_mg_per_L,Mean_DO_percent_saturation,crp_pc_cse,ire_pc_cse,for_pc_cse,gwt_cm_cav,slp_dg_cav,ele_mt_cav,tmp_dc_cyr,Mean_Temp_Deg_C    0.716135
pst_pc_cse                                                                                                                                  0.706808
ppd_pk_cav                                                                                                                                  1.040524
dor_pc_pva                                                                                                                                  0.977556
sgr_dk_rav                                                                                                                                  0.959053
pH                                                                                                                                          0.978199
gla_pc_cse                                                                                                                                  1.001407
prm_pc_cse                                                                                                                                  1.004749
Name: Avg_Rationusvr-sig0, dtype: float64
--------knn-dist---------
Feature
pre_mm_cyr,run_mm_cyr,pre_mm_cdi,tmp_dc_cdi                                                                                                 7.709947
RA_SO,RA_dm,RA_ms_av,RA_ms_di                                                                                                               7.690407
Mean_DO_mg_per_L,Mean_DO_percent_saturation,crp_pc_cse,ire_pc_cse,for_pc_cse,gwt_cm_cav,slp_dg_cav,ele_mt_cav,tmp_dc_cyr,Mean_Temp_Deg_C    8.401631
pst_pc_cse                                                                                                                                  6.077053
ppd_pk_cav                                                                                                                                  3.807918
dor_pc_pva                                                                                                                                  3.245388
sgr_dk_rav                                                                                                                                  3.702397
pH                                                                                                                                          5.766633
gla_pc_cse                                                                                                                                  1.049258
prm_pc_cse                                                                                                                                  1.194043
Name: Avg_Ratioknn-dist0, dtype: float64
--------mlp---------
Feature
pre_mm_cyr,run_mm_cyr,pre_mm_cdi,tmp_dc_cdi                                                                                                 1.546237
RA_SO,RA_dm,RA_ms_av,RA_ms_di                                                                                                               1.744265
Mean_DO_mg_per_L,Mean_DO_percent_saturation,crp_pc_cse,ire_pc_cse,for_pc_cse,gwt_cm_cav,slp_dg_cav,ele_mt_cav,tmp_dc_cyr,Mean_Temp_Deg_C    2.409858
pst_pc_cse                                                                                                                                  1.684528
ppd_pk_cav                                                                                                                                  1.257092
dor_pc_pva                                                                                                                                  1.014924
sgr_dk_rav                                                                                                                                  1.021076
pH                                                                                                                                          1.136870
gla_pc_cse                                                                                                                                  0.999940
prm_pc_cse                                                                                                                                  1.007942
Name: Avg_Ratiomlp0, dtype: float64
--------xgb---------
Feature
pre_mm_cyr,run_mm_cyr,pre_mm_cdi,tmp_dc_cdi                                                                                                 2.526151
RA_SO,RA_dm,RA_ms_av,RA_ms_di                                                                                                               2.626182
Mean_DO_mg_per_L,Mean_DO_percent_saturation,crp_pc_cse,ire_pc_cse,for_pc_cse,gwt_cm_cav,slp_dg_cav,ele_mt_cav,tmp_dc_cyr,Mean_Temp_Deg_C    6.590602
pst_pc_cse                                                                                                                                  1.274456
ppd_pk_cav                                                                                                                                  1.507829
dor_pc_pva                                                                                                                                  1.269115
sgr_dk_rav                                                                                                                                  1.751116
pH                                                                                                                                          1.252371
gla_pc_cse                                                                                                                                  1.000425
prm_pc_cse                                                                                                                                  1.000485
Name: Avg_Ratioxgb0, dtype: float32
