Parsing SuperLearner FPI arguments...
--model_dir
--predict_var
--num_inputs
--corr_cutoff
--predict_data
Submodels within SuperLearner and their weights:
['nusvr-rbf', 'nusvr-lin', 'nusvr-poly', 'nusvr-sig', 'knn-uni', 'knn-dist', 'pls', 'mlp', 'ridge', 'lasso', 'linear', 'enet', 'huber', 'xgb', 'etr']
[0.         0.         0.         0.02908826 0.173686   0.
 0.10804449 0.         0.         0.         0.         0.
 0.06687768 0.70642797 1.19868893]
Did not detect any one-hot features.
Started with 25 features.
Finishing with 18 features in 3 groups.
pre_mm_cyr,run_mm_cyr,pre_mm_cdi,tmp_dc_cdi;RA_SO,RA_dm,RA_ms_av,RA_ms_di;Mean_DO_mg_per_L,Mean_DO_percent_saturation,crp_pc_cse,ire_pc_cse,for_pc_cse,slp_dg_cav,gwt_cm_cav,ele_mt_cav,tmp_dc_cyr,Mean_Temp_Deg_C
Loading model for job: 0
FPI on stacked ensemble...
FPI on ML model: knn-uni...
FPI on ML model: pls...
FPI on ML model: xgb...
FPI on ML model: etr...
                                                    Avg_Ratiostack0  Std_Ratiostack0
Feature                                                                             
pre_mm_cyr,run_mm_cyr,pre_mm_cdi,tmp_dc_cdi                3.151192         0.183866
RA_SO,RA_dm,RA_ms_av,RA_ms_di                              3.484073         0.192726
Mean_DO_mg_per_L,Mean_DO_percent_saturation,crp...         6.558035         0.245832
pH                                                         1.278288         0.080290
dor_pc_pva                                                 1.251217         0.046722
gla_pc_cse                                                 1.000140         0.001588
sgr_dk_rav                                                 2.086441         0.148161
pst_pc_cse                                                 1.522233         0.179742
prm_pc_cse                                                 1.072907         0.023856
ppd_pk_cav                                                 1.574522         0.087017
--------knn-uni---------
Feature
pre_mm_cyr,run_mm_cyr,pre_mm_cdi,tmp_dc_cdi                                                                                                 2.229191
RA_SO,RA_dm,RA_ms_av,RA_ms_di                                                                                                               3.192908
Mean_DO_mg_per_L,Mean_DO_percent_saturation,crp_pc_cse,ire_pc_cse,for_pc_cse,slp_dg_cav,gwt_cm_cav,ele_mt_cav,tmp_dc_cyr,Mean_Temp_Deg_C    5.619042
pH                                                                                                                                          1.273745
dor_pc_pva                                                                                                                                  1.052773
gla_pc_cse                                                                                                                                  1.000001
sgr_dk_rav                                                                                                                                  1.001713
pst_pc_cse                                                                                                                                  1.516592
prm_pc_cse                                                                                                                                  0.995819
ppd_pk_cav                                                                                                                                  1.018256
Name: Avg_Ratioknn-uni0, dtype: float32
--------pls---------
Feature
pre_mm_cyr,run_mm_cyr,pre_mm_cdi,tmp_dc_cdi                                                                                                 1.009672
RA_SO,RA_dm,RA_ms_av,RA_ms_di                                                                                                               1.041057
Mean_DO_mg_per_L,Mean_DO_percent_saturation,crp_pc_cse,ire_pc_cse,for_pc_cse,slp_dg_cav,gwt_cm_cav,ele_mt_cav,tmp_dc_cyr,Mean_Temp_Deg_C    1.056283
pH                                                                                                                                          1.017562
dor_pc_pva                                                                                                                                  1.003731
gla_pc_cse                                                                                                                                  1.000004
sgr_dk_rav                                                                                                                                  0.999146
pst_pc_cse                                                                                                                                  0.996370
prm_pc_cse                                                                                                                                  1.000562
ppd_pk_cav                                                                                                                                  1.027457
Name: Avg_Ratiopls0, dtype: float64
--------xgb---------
Feature
pre_mm_cyr,run_mm_cyr,pre_mm_cdi,tmp_dc_cdi                                                                                                 3.456840
RA_SO,RA_dm,RA_ms_av,RA_ms_di                                                                                                               4.018036
Mean_DO_mg_per_L,Mean_DO_percent_saturation,crp_pc_cse,ire_pc_cse,for_pc_cse,slp_dg_cav,gwt_cm_cav,ele_mt_cav,tmp_dc_cyr,Mean_Temp_Deg_C    6.515119
pH                                                                                                                                          1.422293
dor_pc_pva                                                                                                                                  1.136734
gla_pc_cse                                                                                                                                  0.999964
sgr_dk_rav                                                                                                                                  2.699751
pst_pc_cse                                                                                                                                  1.568785
prm_pc_cse                                                                                                                                  1.023977
ppd_pk_cav                                                                                                                                  1.820753
Name: Avg_Ratioxgb0, dtype: float32
--------etr---------
Feature
pre_mm_cyr,run_mm_cyr,pre_mm_cdi,tmp_dc_cdi                                                                                                 1.000262
RA_SO,RA_dm,RA_ms_av,RA_ms_di                                                                                                               1.000015
Mean_DO_mg_per_L,Mean_DO_percent_saturation,crp_pc_cse,ire_pc_cse,for_pc_cse,slp_dg_cav,gwt_cm_cav,ele_mt_cav,tmp_dc_cyr,Mean_Temp_Deg_C    1.006593
pH                                                                                                                                          1.000000
dor_pc_pva                                                                                                                                  1.000000
gla_pc_cse                                                                                                                                  1.000000
sgr_dk_rav                                                                                                                                  1.000031
pst_pc_cse                                                                                                                                  1.000039
prm_pc_cse                                                                                                                                  1.000000
ppd_pk_cav                                                                                                                                  1.000000
Name: Avg_Ratioetr0, dtype: float64
