Parsing SuperLearner predict arguments...
--model_dir
--predict_var
--num_inputs
--predict_data
Submodels within SuperLearner and their weights:
['nusvr-rbf', 'nusvr-lin', 'nusvr-poly', 'nusvr-sig', 'knn-uni', 'knn-dist', 'pls', 'mlp', 'ridge', 'lasso', 'linear', 'enet', 'huber', 'xgb', 'etr']
[6.91903588e-01 0.00000000e+00 1.41624356e-01 0.00000000e+00
 7.06077777e-02 9.97799727e-04 0.00000000e+00 0.00000000e+00
 0.00000000e+00 4.28236592e-02 0.00000000e+00 1.51552157e-01
 0.00000000e+00 1.67926310e-01 3.06240910e+00]
RSE: 186.61116079535995 +/- 343.02593346179356
mean.error: 77.98734 +/- 42.44118
predict.error: 778.45074 +/- 8.536679
RSE vs mean.error: [[1.        0.4322279]
 [0.4322279 1.       ]]
RSE vs predict.error: [[1.         0.34390994]
 [0.34390994 1.        ]]
evaluating hold out on a high/low split
Done!
