/home/sfgary/.miniconda3/envs/superlearner/lib/python3.9/site-packages/sklearn/neural_network/_multilayer_perceptron.py:541: ConvergenceWarning: lbfgs failed to converge (status=1):
STOP: TOTAL NO. of ITERATIONS REACHED LIMIT.

Increase the number of iterations (max_iter) or scale the data as shown in:
    https://scikit-learn.org/stable/modules/preprocessing.html
  self.n_iter_ = _check_optimize_result("lbfgs", opt_res, self.max_iter)
/home/sfgary/.miniconda3/envs/superlearner/lib/python3.9/site-packages/sklearn/neural_network/_multilayer_perceptron.py:541: ConvergenceWarning: lbfgs failed to converge (status=1):
STOP: TOTAL NO. of ITERATIONS REACHED LIMIT.

Increase the number of iterations (max_iter) or scale the data as shown in:
    https://scikit-learn.org/stable/modules/preprocessing.html
  self.n_iter_ = _check_optimize_result("lbfgs", opt_res, self.max_iter)
/home/sfgary/.miniconda3/envs/superlearner/lib/python3.9/site-packages/sklearn/neural_network/_multilayer_perceptron.py:541: ConvergenceWarning: lbfgs failed to converge (status=1):
STOP: TOTAL NO. of ITERATIONS REACHED LIMIT.

Increase the number of iterations (max_iter) or scale the data as shown in:
    https://scikit-learn.org/stable/modules/preprocessing.html
  self.n_iter_ = _check_optimize_result("lbfgs", opt_res, self.max_iter)
/home/sfgary/.miniconda3/envs/superlearner/lib/python3.9/site-packages/sklearn/neural_network/_multilayer_perceptron.py:541: ConvergenceWarning: lbfgs failed to converge (status=1):
STOP: TOTAL NO. of ITERATIONS REACHED LIMIT.

Increase the number of iterations (max_iter) or scale the data as shown in:
    https://scikit-learn.org/stable/modules/preprocessing.html
  self.n_iter_ = _check_optimize_result("lbfgs", opt_res, self.max_iter)
/home/sfgary/.miniconda3/envs/superlearner/lib/python3.9/site-packages/sklearn/neural_network/_multilayer_perceptron.py:541: ConvergenceWarning: lbfgs failed to converge (status=1):
STOP: TOTAL NO. of ITERATIONS REACHED LIMIT.

Increase the number of iterations (max_iter) or scale the data as shown in:
    https://scikit-learn.org/stable/modules/preprocessing.html
  self.n_iter_ = _check_optimize_result("lbfgs", opt_res, self.max_iter)
/home/sfgary/.miniconda3/envs/superlearner/lib/python3.9/site-packages/sklearn/neural_network/_multilayer_perceptron.py:686: ConvergenceWarning: Stochastic Optimizer: Maximum iterations (200) reached and the optimization hasn't converged yet.
  warnings.warn(
/home/sfgary/.miniconda3/envs/superlearner/lib/python3.9/site-packages/sklearn/neural_network/_multilayer_perceptron.py:686: ConvergenceWarning: Stochastic Optimizer: Maximum iterations (200) reached and the optimization hasn't converged yet.
  warnings.warn(
/home/sfgary/.miniconda3/envs/superlearner/lib/python3.9/site-packages/sklearn/neural_network/_multilayer_perceptron.py:686: ConvergenceWarning: Stochastic Optimizer: Maximum iterations (200) reached and the optimization hasn't converged yet.
  warnings.warn(
/home/sfgary/.miniconda3/envs/superlearner/lib/python3.9/site-packages/sklearn/neural_network/_multilayer_perceptron.py:686: ConvergenceWarning: Stochastic Optimizer: Maximum iterations (200) reached and the optimization hasn't converged yet.
  warnings.warn(
/home/sfgary/.miniconda3/envs/superlearner/lib/python3.9/site-packages/sklearn/neural_network/_multilayer_perceptron.py:686: ConvergenceWarning: Stochastic Optimizer: Maximum iterations (200) reached and the optimization hasn't converged yet.
  warnings.warn(
/home/sfgary/.miniconda3/envs/superlearner/lib/python3.9/site-packages/sklearn/neural_network/_multilayer_perceptron.py:541: ConvergenceWarning: lbfgs failed to converge (status=1):
STOP: TOTAL NO. of ITERATIONS REACHED LIMIT.

Increase the number of iterations (max_iter) or scale the data as shown in:
    https://scikit-learn.org/stable/modules/preprocessing.html
  self.n_iter_ = _check_optimize_result("lbfgs", opt_res, self.max_iter)
/home/sfgary/.miniconda3/envs/superlearner/lib/python3.9/site-packages/sklearn/neural_network/_multilayer_perceptron.py:541: ConvergenceWarning: lbfgs failed to converge (status=1):
STOP: TOTAL NO. of ITERATIONS REACHED LIMIT.

Increase the number of iterations (max_iter) or scale the data as shown in:
    https://scikit-learn.org/stable/modules/preprocessing.html
  self.n_iter_ = _check_optimize_result("lbfgs", opt_res, self.max_iter)
/home/sfgary/.miniconda3/envs/superlearner/lib/python3.9/site-packages/sklearn/neural_network/_multilayer_perceptron.py:541: ConvergenceWarning: lbfgs failed to converge (status=1):
STOP: TOTAL NO. of ITERATIONS REACHED LIMIT.

Increase the number of iterations (max_iter) or scale the data as shown in:
    https://scikit-learn.org/stable/modules/preprocessing.html
  self.n_iter_ = _check_optimize_result("lbfgs", opt_res, self.max_iter)
/home/sfgary/.miniconda3/envs/superlearner/lib/python3.9/site-packages/sklearn/neural_network/_multilayer_perceptron.py:541: ConvergenceWarning: lbfgs failed to converge (status=1):
STOP: TOTAL NO. of ITERATIONS REACHED LIMIT.

Increase the number of iterations (max_iter) or scale the data as shown in:
    https://scikit-learn.org/stable/modules/preprocessing.html
  self.n_iter_ = _check_optimize_result("lbfgs", opt_res, self.max_iter)
/home/sfgary/.miniconda3/envs/superlearner/lib/python3.9/site-packages/sklearn/neural_network/_multilayer_perceptron.py:541: ConvergenceWarning: lbfgs failed to converge (status=1):
STOP: TOTAL NO. of ITERATIONS REACHED LIMIT.

Increase the number of iterations (max_iter) or scale the data as shown in:
    https://scikit-learn.org/stable/modules/preprocessing.html
  self.n_iter_ = _check_optimize_result("lbfgs", opt_res, self.max_iter)
/home/sfgary/.miniconda3/envs/superlearner/lib/python3.9/site-packages/sklearn/neural_network/_multilayer_perceptron.py:541: ConvergenceWarning: lbfgs failed to converge (status=1):
STOP: TOTAL NO. of ITERATIONS REACHED LIMIT.

Increase the number of iterations (max_iter) or scale the data as shown in:
    https://scikit-learn.org/stable/modules/preprocessing.html
  self.n_iter_ = _check_optimize_result("lbfgs", opt_res, self.max_iter)
/home/sfgary/.miniconda3/envs/superlearner/lib/python3.9/site-packages/sklearn/neural_network/_multilayer_perceptron.py:541: ConvergenceWarning: lbfgs failed to converge (status=1):
STOP: TOTAL NO. of ITERATIONS REACHED LIMIT.

Increase the number of iterations (max_iter) or scale the data as shown in:
    https://scikit-learn.org/stable/modules/preprocessing.html
  self.n_iter_ = _check_optimize_result("lbfgs", opt_res, self.max_iter)
/home/sfgary/.miniconda3/envs/superlearner/lib/python3.9/site-packages/sklearn/neural_network/_multilayer_perceptron.py:541: ConvergenceWarning: lbfgs failed to converge (status=1):
STOP: TOTAL NO. of ITERATIONS REACHED LIMIT.

Increase the number of iterations (max_iter) or scale the data as shown in:
    https://scikit-learn.org/stable/modules/preprocessing.html
  self.n_iter_ = _check_optimize_result("lbfgs", opt_res, self.max_iter)
/home/sfgary/.miniconda3/envs/superlearner/lib/python3.9/site-packages/sklearn/neural_network/_multilayer_perceptron.py:541: ConvergenceWarning: lbfgs failed to converge (status=1):
STOP: TOTAL NO. of ITERATIONS REACHED LIMIT.

Increase the number of iterations (max_iter) or scale the data as shown in:
    https://scikit-learn.org/stable/modules/preprocessing.html
  self.n_iter_ = _check_optimize_result("lbfgs", opt_res, self.max_iter)
/home/sfgary/.miniconda3/envs/superlearner/lib/python3.9/site-packages/sklearn/neural_network/_multilayer_perceptron.py:541: ConvergenceWarning: lbfgs failed to converge (status=1):
STOP: TOTAL NO. of ITERATIONS REACHED LIMIT.

Increase the number of iterations (max_iter) or scale the data as shown in:
    https://scikit-learn.org/stable/modules/preprocessing.html
  self.n_iter_ = _check_optimize_result("lbfgs", opt_res, self.max_iter)
/home/sfgary/.miniconda3/envs/superlearner/lib/python3.9/site-packages/sklearn/neural_network/_multilayer_perceptron.py:541: ConvergenceWarning: lbfgs failed to converge (status=1):
STOP: TOTAL NO. of ITERATIONS REACHED LIMIT.

Increase the number of iterations (max_iter) or scale the data as shown in:
    https://scikit-learn.org/stable/modules/preprocessing.html
  self.n_iter_ = _check_optimize_result("lbfgs", opt_res, self.max_iter)
/home/sfgary/.miniconda3/envs/superlearner/lib/python3.9/site-packages/sklearn/neural_network/_multilayer_perceptron.py:541: ConvergenceWarning: lbfgs failed to converge (status=1):
STOP: TOTAL NO. of ITERATIONS REACHED LIMIT.

Increase the number of iterations (max_iter) or scale the data as shown in:
    https://scikit-learn.org/stable/modules/preprocessing.html
  self.n_iter_ = _check_optimize_result("lbfgs", opt_res, self.max_iter)
/home/sfgary/.miniconda3/envs/superlearner/lib/python3.9/site-packages/sklearn/neural_network/_multilayer_perceptron.py:541: ConvergenceWarning: lbfgs failed to converge (status=1):
STOP: TOTAL NO. of ITERATIONS REACHED LIMIT.

Increase the number of iterations (max_iter) or scale the data as shown in:
    https://scikit-learn.org/stable/modules/preprocessing.html
  self.n_iter_ = _check_optimize_result("lbfgs", opt_res, self.max_iter)
/home/sfgary/.miniconda3/envs/superlearner/lib/python3.9/site-packages/sklearn/neural_network/_multilayer_perceptron.py:541: ConvergenceWarning: lbfgs failed to converge (status=1):
STOP: TOTAL NO. of ITERATIONS REACHED LIMIT.

Increase the number of iterations (max_iter) or scale the data as shown in:
    https://scikit-learn.org/stable/modules/preprocessing.html
  self.n_iter_ = _check_optimize_result("lbfgs", opt_res, self.max_iter)
/home/sfgary/.miniconda3/envs/superlearner/lib/python3.9/site-packages/sklearn/neural_network/_multilayer_perceptron.py:541: ConvergenceWarning: lbfgs failed to converge (status=1):
STOP: TOTAL NO. of ITERATIONS REACHED LIMIT.

Increase the number of iterations (max_iter) or scale the data as shown in:
    https://scikit-learn.org/stable/modules/preprocessing.html
  self.n_iter_ = _check_optimize_result("lbfgs", opt_res, self.max_iter)
/home/sfgary/.miniconda3/envs/superlearner/lib/python3.9/site-packages/sklearn/neural_network/_multilayer_perceptron.py:541: ConvergenceWarning: lbfgs failed to converge (status=1):
STOP: TOTAL NO. of ITERATIONS REACHED LIMIT.

Increase the number of iterations (max_iter) or scale the data as shown in:
    https://scikit-learn.org/stable/modules/preprocessing.html
  self.n_iter_ = _check_optimize_result("lbfgs", opt_res, self.max_iter)
/home/sfgary/.miniconda3/envs/superlearner/lib/python3.9/site-packages/sklearn/neural_network/_multilayer_perceptron.py:541: ConvergenceWarning: lbfgs failed to converge (status=1):
STOP: TOTAL NO. of ITERATIONS REACHED LIMIT.

Increase the number of iterations (max_iter) or scale the data as shown in:
    https://scikit-learn.org/stable/modules/preprocessing.html
  self.n_iter_ = _check_optimize_result("lbfgs", opt_res, self.max_iter)
/home/sfgary/.miniconda3/envs/superlearner/lib/python3.9/site-packages/sklearn/linear_model/_ridge.py:253: LinAlgWarning: Ill-conditioned matrix (rcond=1.29566e-08): result may not be accurate.
  dual_coef = linalg.solve(K, y, assume_a="pos", overwrite_a=False)
/home/sfgary/.miniconda3/envs/superlearner/lib/python3.9/site-packages/sklearn/linear_model/_ridge.py:253: LinAlgWarning: Ill-conditioned matrix (rcond=2.77202e-08): result may not be accurate.
  dual_coef = linalg.solve(K, y, assume_a="pos", overwrite_a=False)
/home/sfgary/.miniconda3/envs/superlearner/lib/python3.9/site-packages/sklearn/linear_model/_ridge.py:253: LinAlgWarning: Ill-conditioned matrix (rcond=1.15002e-08): result may not be accurate.
  dual_coef = linalg.solve(K, y, assume_a="pos", overwrite_a=False)
/home/sfgary/.miniconda3/envs/superlearner/lib/python3.9/site-packages/sklearn/linear_model/_ridge.py:253: LinAlgWarning: Ill-conditioned matrix (rcond=1.57964e-08): result may not be accurate.
  dual_coef = linalg.solve(K, y, assume_a="pos", overwrite_a=False)
/home/sfgary/.miniconda3/envs/superlearner/lib/python3.9/site-packages/sklearn/linear_model/_ridge.py:253: LinAlgWarning: Ill-conditioned matrix (rcond=1.16392e-08): result may not be accurate.
  dual_coef = linalg.solve(K, y, assume_a="pos", overwrite_a=False)
/home/sfgary/.miniconda3/envs/superlearner/lib/python3.9/site-packages/sklearn/linear_model/_ridge.py:255: UserWarning: Singular matrix in solving dual problem. Using least-squares solution instead.
  warnings.warn(
/home/sfgary/.miniconda3/envs/superlearner/lib/python3.9/site-packages/sklearn/linear_model/_ridge.py:255: UserWarning: Singular matrix in solving dual problem. Using least-squares solution instead.
  warnings.warn(
/home/sfgary/.miniconda3/envs/superlearner/lib/python3.9/site-packages/sklearn/linear_model/_ridge.py:255: UserWarning: Singular matrix in solving dual problem. Using least-squares solution instead.
  warnings.warn(
/home/sfgary/.miniconda3/envs/superlearner/lib/python3.9/site-packages/sklearn/linear_model/_ridge.py:255: UserWarning: Singular matrix in solving dual problem. Using least-squares solution instead.
  warnings.warn(
/home/sfgary/.miniconda3/envs/superlearner/lib/python3.9/site-packages/sklearn/linear_model/_ridge.py:255: UserWarning: Singular matrix in solving dual problem. Using least-squares solution instead.
  warnings.warn(
/home/sfgary/.miniconda3/envs/superlearner/lib/python3.9/site-packages/sklearn/linear_model/_ridge.py:253: LinAlgWarning: Ill-conditioned matrix (rcond=3.5881e-10): result may not be accurate.
  dual_coef = linalg.solve(K, y, assume_a="pos", overwrite_a=False)
/home/sfgary/.miniconda3/envs/superlearner/lib/python3.9/site-packages/sklearn/linear_model/_ridge.py:253: LinAlgWarning: Ill-conditioned matrix (rcond=7.11346e-10): result may not be accurate.
  dual_coef = linalg.solve(K, y, assume_a="pos", overwrite_a=False)
/home/sfgary/.miniconda3/envs/superlearner/lib/python3.9/site-packages/sklearn/linear_model/_ridge.py:253: LinAlgWarning: Ill-conditioned matrix (rcond=7.30871e-10): result may not be accurate.
  dual_coef = linalg.solve(K, y, assume_a="pos", overwrite_a=False)
/home/sfgary/.miniconda3/envs/superlearner/lib/python3.9/site-packages/sklearn/linear_model/_ridge.py:253: LinAlgWarning: Ill-conditioned matrix (rcond=6.9171e-10): result may not be accurate.
  dual_coef = linalg.solve(K, y, assume_a="pos", overwrite_a=False)
/home/sfgary/.miniconda3/envs/superlearner/lib/python3.9/site-packages/sklearn/linear_model/_ridge.py:253: LinAlgWarning: Ill-conditioned matrix (rcond=3.86582e-10): result may not be accurate.
  dual_coef = linalg.solve(K, y, assume_a="pos", overwrite_a=False)
/home/sfgary/.miniconda3/envs/superlearner/lib/python3.9/site-packages/sklearn/linear_model/_ridge.py:255: UserWarning: Singular matrix in solving dual problem. Using least-squares solution instead.
  warnings.warn(
/home/sfgary/.miniconda3/envs/superlearner/lib/python3.9/site-packages/sklearn/linear_model/_ridge.py:253: LinAlgWarning: Ill-conditioned matrix (rcond=1.06825e-09): result may not be accurate.
  dual_coef = linalg.solve(K, y, assume_a="pos", overwrite_a=False)
/home/sfgary/.miniconda3/envs/superlearner/lib/python3.9/site-packages/sklearn/linear_model/_ridge.py:255: UserWarning: Singular matrix in solving dual problem. Using least-squares solution instead.
  warnings.warn(
/home/sfgary/.miniconda3/envs/superlearner/lib/python3.9/site-packages/sklearn/linear_model/_ridge.py:253: LinAlgWarning: Ill-conditioned matrix (rcond=1.78832e-10): result may not be accurate.
  dual_coef = linalg.solve(K, y, assume_a="pos", overwrite_a=False)
/home/sfgary/.miniconda3/envs/superlearner/lib/python3.9/site-packages/sklearn/linear_model/_ridge.py:255: UserWarning: Singular matrix in solving dual problem. Using least-squares solution instead.
  warnings.warn(
/home/sfgary/.miniconda3/envs/superlearner/lib/python3.9/site-packages/sklearn/linear_model/_ridge.py:255: UserWarning: Singular matrix in solving dual problem. Using least-squares solution instead.
  warnings.warn(
/home/sfgary/.miniconda3/envs/superlearner/lib/python3.9/site-packages/sklearn/linear_model/_ridge.py:255: UserWarning: Singular matrix in solving dual problem. Using least-squares solution instead.
  warnings.warn(
/home/sfgary/.miniconda3/envs/superlearner/lib/python3.9/site-packages/sklearn/linear_model/_ridge.py:255: UserWarning: Singular matrix in solving dual problem. Using least-squares solution instead.
  warnings.warn(
/home/sfgary/.miniconda3/envs/superlearner/lib/python3.9/site-packages/sklearn/linear_model/_ridge.py:255: UserWarning: Singular matrix in solving dual problem. Using least-squares solution instead.
  warnings.warn(
/home/sfgary/.miniconda3/envs/superlearner/lib/python3.9/site-packages/sklearn/linear_model/_ridge.py:255: UserWarning: Singular matrix in solving dual problem. Using least-squares solution instead.
  warnings.warn(
/home/sfgary/.miniconda3/envs/superlearner/lib/python3.9/site-packages/sklearn/linear_model/_ridge.py:255: UserWarning: Singular matrix in solving dual problem. Using least-squares solution instead.
  warnings.warn(
/home/sfgary/.miniconda3/envs/superlearner/lib/python3.9/site-packages/sklearn/linear_model/_ridge.py:255: UserWarning: Singular matrix in solving dual problem. Using least-squares solution instead.
  warnings.warn(
/home/sfgary/.miniconda3/envs/superlearner/lib/python3.9/site-packages/sklearn/linear_model/_ridge.py:255: UserWarning: Singular matrix in solving dual problem. Using least-squares solution instead.
  warnings.warn(
/home/sfgary/.miniconda3/envs/superlearner/lib/python3.9/site-packages/sklearn/linear_model/_ridge.py:255: UserWarning: Singular matrix in solving dual problem. Using least-squares solution instead.
  warnings.warn(
/home/sfgary/.miniconda3/envs/superlearner/lib/python3.9/site-packages/sklearn/linear_model/_ridge.py:255: UserWarning: Singular matrix in solving dual problem. Using least-squares solution instead.
  warnings.warn(
/home/sfgary/.miniconda3/envs/superlearner/lib/python3.9/site-packages/sklearn/linear_model/_ridge.py:255: UserWarning: Singular matrix in solving dual problem. Using least-squares solution instead.
  warnings.warn(
/home/sfgary/.miniconda3/envs/superlearner/lib/python3.9/site-packages/sklearn/linear_model/_ridge.py:255: UserWarning: Singular matrix in solving dual problem. Using least-squares solution instead.
  warnings.warn(
/home/sfgary/.miniconda3/envs/superlearner/lib/python3.9/site-packages/sklearn/linear_model/_ridge.py:255: UserWarning: Singular matrix in solving dual problem. Using least-squares solution instead.
  warnings.warn(
/home/sfgary/.miniconda3/envs/superlearner/lib/python3.9/site-packages/sklearn/linear_model/_ridge.py:255: UserWarning: Singular matrix in solving dual problem. Using least-squares solution instead.
  warnings.warn(
/home/sfgary/.miniconda3/envs/superlearner/lib/python3.9/site-packages/sklearn/linear_model/_ridge.py:255: UserWarning: Singular matrix in solving dual problem. Using least-squares solution instead.
  warnings.warn(
/home/sfgary/.miniconda3/envs/superlearner/lib/python3.9/site-packages/sklearn/linear_model/_ridge.py:255: UserWarning: Singular matrix in solving dual problem. Using least-squares solution instead.
  warnings.warn(
/home/sfgary/.miniconda3/envs/superlearner/lib/python3.9/site-packages/sklearn/linear_model/_ridge.py:255: UserWarning: Singular matrix in solving dual problem. Using least-squares solution instead.
  warnings.warn(
/home/sfgary/.miniconda3/envs/superlearner/lib/python3.9/site-packages/sklearn/linear_model/_ridge.py:255: UserWarning: Singular matrix in solving dual problem. Using least-squares solution instead.
  warnings.warn(
/home/sfgary/.miniconda3/envs/superlearner/lib/python3.9/site-packages/sklearn/linear_model/_ridge.py:255: UserWarning: Singular matrix in solving dual problem. Using least-squares solution instead.
  warnings.warn(
/home/sfgary/.miniconda3/envs/superlearner/lib/python3.9/site-packages/sklearn/linear_model/_ridge.py:255: UserWarning: Singular matrix in solving dual problem. Using least-squares solution instead.
  warnings.warn(
/home/sfgary/.miniconda3/envs/superlearner/lib/python3.9/site-packages/sklearn/linear_model/_coordinate_descent.py:631: ConvergenceWarning: Objective did not converge. You might want to increase the number of iterations, check the scale of the features or consider increasing regularisation. Duality gap: 5.478e-01, tolerance: 5.369e-04
  model = cd_fast.enet_coordinate_descent(
/home/sfgary/.miniconda3/envs/superlearner/lib/python3.9/site-packages/sklearn/linear_model/_coordinate_descent.py:631: ConvergenceWarning: Objective did not converge. You might want to increase the number of iterations, check the scale of the features or consider increasing regularisation. Duality gap: 1.713e-01, tolerance: 2.757e-04
  model = cd_fast.enet_coordinate_descent(
/home/sfgary/.miniconda3/envs/superlearner/lib/python3.9/site-packages/sklearn/linear_model/_coordinate_descent.py:631: ConvergenceWarning: Objective did not converge. You might want to increase the number of iterations, check the scale of the features or consider increasing regularisation. Duality gap: 3.716e-01, tolerance: 2.723e-04
  model = cd_fast.enet_coordinate_descent(
/home/sfgary/.miniconda3/envs/superlearner/lib/python3.9/site-packages/sklearn/linear_model/_coordinate_descent.py:631: ConvergenceWarning: Objective did not converge. You might want to increase the number of iterations, check the scale of the features or consider increasing regularisation. Duality gap: 3.145e-01, tolerance: 2.911e-04
  model = cd_fast.enet_coordinate_descent(
/home/sfgary/.miniconda3/envs/superlearner/lib/python3.9/site-packages/sklearn/linear_model/_coordinate_descent.py:631: ConvergenceWarning: Objective did not converge. You might want to increase the number of iterations, check the scale of the features or consider increasing regularisation. Duality gap: 3.277e-01, tolerance: 2.453e-04
  model = cd_fast.enet_coordinate_descent(
/home/sfgary/.miniconda3/envs/superlearner/lib/python3.9/site-packages/sklearn/linear_model/_coordinate_descent.py:631: ConvergenceWarning: Objective did not converge. You might want to increase the number of iterations, check the scale of the features or consider increasing regularisation. Duality gap: 4.966e-01, tolerance: 5.369e-04
  model = cd_fast.enet_coordinate_descent(
/home/sfgary/.miniconda3/envs/superlearner/lib/python3.9/site-packages/sklearn/linear_model/_coordinate_descent.py:631: ConvergenceWarning: Objective did not converge. You might want to increase the number of iterations, check the scale of the features or consider increasing regularisation. Duality gap: 1.559e-01, tolerance: 2.757e-04
  model = cd_fast.enet_coordinate_descent(
/home/sfgary/.miniconda3/envs/superlearner/lib/python3.9/site-packages/sklearn/linear_model/_coordinate_descent.py:631: ConvergenceWarning: Objective did not converge. You might want to increase the number of iterations, check the scale of the features or consider increasing regularisation. Duality gap: 3.811e-01, tolerance: 2.723e-04
  model = cd_fast.enet_coordinate_descent(
/home/sfgary/.miniconda3/envs/superlearner/lib/python3.9/site-packages/sklearn/linear_model/_coordinate_descent.py:631: ConvergenceWarning: Objective did not converge. You might want to increase the number of iterations, check the scale of the features or consider increasing regularisation. Duality gap: 1.703e-01, tolerance: 2.911e-04
  model = cd_fast.enet_coordinate_descent(
/home/sfgary/.miniconda3/envs/superlearner/lib/python3.9/site-packages/sklearn/linear_model/_coordinate_descent.py:631: ConvergenceWarning: Objective did not converge. You might want to increase the number of iterations, check the scale of the features or consider increasing regularisation. Duality gap: 2.857e-01, tolerance: 2.453e-04
  model = cd_fast.enet_coordinate_descent(
/home/sfgary/.miniconda3/envs/superlearner/lib/python3.9/site-packages/sklearn/linear_model/_coordinate_descent.py:631: ConvergenceWarning: Objective did not converge. You might want to increase the number of iterations, check the scale of the features or consider increasing regularisation. Duality gap: 4.076e-01, tolerance: 5.369e-04
  model = cd_fast.enet_coordinate_descent(
/home/sfgary/.miniconda3/envs/superlearner/lib/python3.9/site-packages/sklearn/linear_model/_coordinate_descent.py:631: ConvergenceWarning: Objective did not converge. You might want to increase the number of iterations, check the scale of the features or consider increasing regularisation. Duality gap: 2.772e-02, tolerance: 2.757e-04
  model = cd_fast.enet_coordinate_descent(
/home/sfgary/.miniconda3/envs/superlearner/lib/python3.9/site-packages/sklearn/linear_model/_coordinate_descent.py:631: ConvergenceWarning: Objective did not converge. You might want to increase the number of iterations, check the scale of the features or consider increasing regularisation. Duality gap: 1.888e-01, tolerance: 2.723e-04
  model = cd_fast.enet_coordinate_descent(
/home/sfgary/.miniconda3/envs/superlearner/lib/python3.9/site-packages/sklearn/linear_model/_coordinate_descent.py:631: ConvergenceWarning: Objective did not converge. You might want to increase the number of iterations, check the scale of the features or consider increasing regularisation. Duality gap: 8.998e-02, tolerance: 2.911e-04
  model = cd_fast.enet_coordinate_descent(
/home/sfgary/.miniconda3/envs/superlearner/lib/python3.9/site-packages/sklearn/linear_model/_coordinate_descent.py:631: ConvergenceWarning: Objective did not converge. You might want to increase the number of iterations, check the scale of the features or consider increasing regularisation. Duality gap: 1.507e-01, tolerance: 2.453e-04
  model = cd_fast.enet_coordinate_descent(
/home/sfgary/.miniconda3/envs/superlearner/lib/python3.9/site-packages/sklearn/linear_model/_coordinate_descent.py:631: ConvergenceWarning: Objective did not converge. You might want to increase the number of iterations, check the scale of the features or consider increasing regularisation. Duality gap: 2.571e-03, tolerance: 2.723e-04
  model = cd_fast.enet_coordinate_descent(
/home/sfgary/.miniconda3/envs/superlearner/lib/python3.9/site-packages/sklearn/linear_model/_coordinate_descent.py:631: ConvergenceWarning: Objective did not converge. You might want to increase the number of iterations, check the scale of the features or consider increasing regularisation. Duality gap: 5.411e-01, tolerance: 5.369e-04
  model = cd_fast.enet_coordinate_descent(
/home/sfgary/.miniconda3/envs/superlearner/lib/python3.9/site-packages/sklearn/linear_model/_coordinate_descent.py:631: ConvergenceWarning: Objective did not converge. You might want to increase the number of iterations, check the scale of the features or consider increasing regularisation. Duality gap: 1.826e-01, tolerance: 2.757e-04
  model = cd_fast.enet_coordinate_descent(
/home/sfgary/.miniconda3/envs/superlearner/lib/python3.9/site-packages/sklearn/linear_model/_coordinate_descent.py:631: ConvergenceWarning: Objective did not converge. You might want to increase the number of iterations, check the scale of the features or consider increasing regularisation. Duality gap: 4.077e-01, tolerance: 2.723e-04
  model = cd_fast.enet_coordinate_descent(
/home/sfgary/.miniconda3/envs/superlearner/lib/python3.9/site-packages/sklearn/linear_model/_coordinate_descent.py:631: ConvergenceWarning: Objective did not converge. You might want to increase the number of iterations, check the scale of the features or consider increasing regularisation. Duality gap: 3.512e-01, tolerance: 2.911e-04
  model = cd_fast.enet_coordinate_descent(
/home/sfgary/.miniconda3/envs/superlearner/lib/python3.9/site-packages/sklearn/linear_model/_coordinate_descent.py:631: ConvergenceWarning: Objective did not converge. You might want to increase the number of iterations, check the scale of the features or consider increasing regularisation. Duality gap: 3.483e-01, tolerance: 2.453e-04
  model = cd_fast.enet_coordinate_descent(
/home/sfgary/.miniconda3/envs/superlearner/lib/python3.9/site-packages/sklearn/linear_model/_coordinate_descent.py:631: ConvergenceWarning: Objective did not converge. You might want to increase the number of iterations, check the scale of the features or consider increasing regularisation. Duality gap: 5.681e-01, tolerance: 5.369e-04
  model = cd_fast.enet_coordinate_descent(
/home/sfgary/.miniconda3/envs/superlearner/lib/python3.9/site-packages/sklearn/linear_model/_coordinate_descent.py:631: ConvergenceWarning: Objective did not converge. You might want to increase the number of iterations, check the scale of the features or consider increasing regularisation. Duality gap: 1.881e-01, tolerance: 2.757e-04
  model = cd_fast.enet_coordinate_descent(
/home/sfgary/.miniconda3/envs/superlearner/lib/python3.9/site-packages/sklearn/linear_model/_coordinate_descent.py:631: ConvergenceWarning: Objective did not converge. You might want to increase the number of iterations, check the scale of the features or consider increasing regularisation. Duality gap: 4.311e-01, tolerance: 2.723e-04
  model = cd_fast.enet_coordinate_descent(
/home/sfgary/.miniconda3/envs/superlearner/lib/python3.9/site-packages/sklearn/linear_model/_coordinate_descent.py:631: ConvergenceWarning: Objective did not converge. You might want to increase the number of iterations, check the scale of the features or consider increasing regularisation. Duality gap: 3.607e-01, tolerance: 2.911e-04
  model = cd_fast.enet_coordinate_descent(
/home/sfgary/.miniconda3/envs/superlearner/lib/python3.9/site-packages/sklearn/linear_model/_coordinate_descent.py:631: ConvergenceWarning: Objective did not converge. You might want to increase the number of iterations, check the scale of the features or consider increasing regularisation. Duality gap: 3.730e-01, tolerance: 2.453e-04
  model = cd_fast.enet_coordinate_descent(
/home/sfgary/.miniconda3/envs/superlearner/lib/python3.9/site-packages/sklearn/linear_model/_coordinate_descent.py:631: ConvergenceWarning: Objective did not converge. You might want to increase the number of iterations, check the scale of the features or consider increasing regularisation. Duality gap: 1.114e+00, tolerance: 5.369e-04
  model = cd_fast.enet_coordinate_descent(
/home/sfgary/.miniconda3/envs/superlearner/lib/python3.9/site-packages/sklearn/linear_model/_coordinate_descent.py:631: ConvergenceWarning: Objective did not converge. You might want to increase the number of iterations, check the scale of the features or consider increasing regularisation. Duality gap: 4.089e-01, tolerance: 2.757e-04
  model = cd_fast.enet_coordinate_descent(
/home/sfgary/.miniconda3/envs/superlearner/lib/python3.9/site-packages/sklearn/linear_model/_coordinate_descent.py:631: ConvergenceWarning: Objective did not converge. You might want to increase the number of iterations, check the scale of the features or consider increasing regularisation. Duality gap: 6.060e-01, tolerance: 2.723e-04
  model = cd_fast.enet_coordinate_descent(
/home/sfgary/.miniconda3/envs/superlearner/lib/python3.9/site-packages/sklearn/linear_model/_coordinate_descent.py:631: ConvergenceWarning: Objective did not converge. You might want to increase the number of iterations, check the scale of the features or consider increasing regularisation. Duality gap: 6.074e-01, tolerance: 2.911e-04
  model = cd_fast.enet_coordinate_descent(
/home/sfgary/.miniconda3/envs/superlearner/lib/python3.9/site-packages/sklearn/linear_model/_coordinate_descent.py:631: ConvergenceWarning: Objective did not converge. You might want to increase the number of iterations, check the scale of the features or consider increasing regularisation. Duality gap: 5.234e-01, tolerance: 2.453e-04
  model = cd_fast.enet_coordinate_descent(
/home/sfgary/.miniconda3/envs/superlearner/lib/python3.9/site-packages/sklearn/linear_model/_coordinate_descent.py:631: ConvergenceWarning: Objective did not converge. You might want to increase the number of iterations, check the scale of the features or consider increasing regularisation. Duality gap: 5.460e-01, tolerance: 5.369e-04
  model = cd_fast.enet_coordinate_descent(
/home/sfgary/.miniconda3/envs/superlearner/lib/python3.9/site-packages/sklearn/linear_model/_coordinate_descent.py:631: ConvergenceWarning: Objective did not converge. You might want to increase the number of iterations, check the scale of the features or consider increasing regularisation. Duality gap: 1.831e-01, tolerance: 2.757e-04
  model = cd_fast.enet_coordinate_descent(
/home/sfgary/.miniconda3/envs/superlearner/lib/python3.9/site-packages/sklearn/linear_model/_coordinate_descent.py:631: ConvergenceWarning: Objective did not converge. You might want to increase the number of iterations, check the scale of the features or consider increasing regularisation. Duality gap: 4.153e-01, tolerance: 2.723e-04
  model = cd_fast.enet_coordinate_descent(
/home/sfgary/.miniconda3/envs/superlearner/lib/python3.9/site-packages/sklearn/linear_model/_coordinate_descent.py:631: ConvergenceWarning: Objective did not converge. You might want to increase the number of iterations, check the scale of the features or consider increasing regularisation. Duality gap: 3.541e-01, tolerance: 2.911e-04
  model = cd_fast.enet_coordinate_descent(
/home/sfgary/.miniconda3/envs/superlearner/lib/python3.9/site-packages/sklearn/linear_model/_coordinate_descent.py:631: ConvergenceWarning: Objective did not converge. You might want to increase the number of iterations, check the scale of the features or consider increasing regularisation. Duality gap: 3.645e-01, tolerance: 2.453e-04
  model = cd_fast.enet_coordinate_descent(
/home/sfgary/.miniconda3/envs/superlearner/lib/python3.9/site-packages/sklearn/linear_model/_coordinate_descent.py:631: ConvergenceWarning: Objective did not converge. You might want to increase the number of iterations, check the scale of the features or consider increasing regularisation. Duality gap: 5.556e-01, tolerance: 5.369e-04
  model = cd_fast.enet_coordinate_descent(
/home/sfgary/.miniconda3/envs/superlearner/lib/python3.9/site-packages/sklearn/linear_model/_coordinate_descent.py:631: ConvergenceWarning: Objective did not converge. You might want to increase the number of iterations, check the scale of the features or consider increasing regularisation. Duality gap: 1.825e-01, tolerance: 2.757e-04
  model = cd_fast.enet_coordinate_descent(
/home/sfgary/.miniconda3/envs/superlearner/lib/python3.9/site-packages/sklearn/linear_model/_coordinate_descent.py:631: ConvergenceWarning: Objective did not converge. You might want to increase the number of iterations, check the scale of the features or consider increasing regularisation. Duality gap: 4.244e-01, tolerance: 2.723e-04
  model = cd_fast.enet_coordinate_descent(
/home/sfgary/.miniconda3/envs/superlearner/lib/python3.9/site-packages/sklearn/linear_model/_coordinate_descent.py:631: ConvergenceWarning: Objective did not converge. You might want to increase the number of iterations, check the scale of the features or consider increasing regularisation. Duality gap: 3.560e-01, tolerance: 2.911e-04
  model = cd_fast.enet_coordinate_descent(
/home/sfgary/.miniconda3/envs/superlearner/lib/python3.9/site-packages/sklearn/linear_model/_coordinate_descent.py:631: ConvergenceWarning: Objective did not converge. You might want to increase the number of iterations, check the scale of the features or consider increasing regularisation. Duality gap: 3.652e-01, tolerance: 2.453e-04
  model = cd_fast.enet_coordinate_descent(
/home/sfgary/.miniconda3/envs/superlearner/lib/python3.9/site-packages/sklearn/linear_model/_coordinate_descent.py:631: ConvergenceWarning: Objective did not converge. You might want to increase the number of iterations, check the scale of the features or consider increasing regularisation. Duality gap: 5.549e-01, tolerance: 5.369e-04
  model = cd_fast.enet_coordinate_descent(
/home/sfgary/.miniconda3/envs/superlearner/lib/python3.9/site-packages/sklearn/linear_model/_coordinate_descent.py:631: ConvergenceWarning: Objective did not converge. You might want to increase the number of iterations, check the scale of the features or consider increasing regularisation. Duality gap: 1.818e-01, tolerance: 2.757e-04
  model = cd_fast.enet_coordinate_descent(
/home/sfgary/.miniconda3/envs/superlearner/lib/python3.9/site-packages/sklearn/linear_model/_coordinate_descent.py:631: ConvergenceWarning: Objective did not converge. You might want to increase the number of iterations, check the scale of the features or consider increasing regularisation. Duality gap: 4.233e-01, tolerance: 2.723e-04
  model = cd_fast.enet_coordinate_descent(
/home/sfgary/.miniconda3/envs/superlearner/lib/python3.9/site-packages/sklearn/linear_model/_coordinate_descent.py:631: ConvergenceWarning: Objective did not converge. You might want to increase the number of iterations, check the scale of the features or consider increasing regularisation. Duality gap: 3.551e-01, tolerance: 2.911e-04
  model = cd_fast.enet_coordinate_descent(
/home/sfgary/.miniconda3/envs/superlearner/lib/python3.9/site-packages/sklearn/linear_model/_coordinate_descent.py:631: ConvergenceWarning: Objective did not converge. You might want to increase the number of iterations, check the scale of the features or consider increasing regularisation. Duality gap: 3.638e-01, tolerance: 2.453e-04
  model = cd_fast.enet_coordinate_descent(
/home/sfgary/.miniconda3/envs/superlearner/lib/python3.9/site-packages/sklearn/linear_model/_coordinate_descent.py:631: ConvergenceWarning: Objective did not converge. You might want to increase the number of iterations, check the scale of the features or consider increasing regularisation. Duality gap: 1.438e+00, tolerance: 5.369e-04
  model = cd_fast.enet_coordinate_descent(
/home/sfgary/.miniconda3/envs/superlearner/lib/python3.9/site-packages/sklearn/linear_model/_coordinate_descent.py:631: ConvergenceWarning: Objective did not converge. You might want to increase the number of iterations, check the scale of the features or consider increasing regularisation. Duality gap: 7.607e-01, tolerance: 2.757e-04
  model = cd_fast.enet_coordinate_descent(
/home/sfgary/.miniconda3/envs/superlearner/lib/python3.9/site-packages/sklearn/linear_model/_coordinate_descent.py:631: ConvergenceWarning: Objective did not converge. You might want to increase the number of iterations, check the scale of the features or consider increasing regularisation. Duality gap: 7.176e-01, tolerance: 2.723e-04
  model = cd_fast.enet_coordinate_descent(
/home/sfgary/.miniconda3/envs/superlearner/lib/python3.9/site-packages/sklearn/linear_model/_coordinate_descent.py:631: ConvergenceWarning: Objective did not converge. You might want to increase the number of iterations, check the scale of the features or consider increasing regularisation. Duality gap: 7.767e-01, tolerance: 2.911e-04
  model = cd_fast.enet_coordinate_descent(
/home/sfgary/.miniconda3/envs/superlearner/lib/python3.9/site-packages/sklearn/linear_model/_coordinate_descent.py:631: ConvergenceWarning: Objective did not converge. You might want to increase the number of iterations, check the scale of the features or consider increasing regularisation. Duality gap: 5.465e-01, tolerance: 2.453e-04
  model = cd_fast.enet_coordinate_descent(
/home/sfgary/.miniconda3/envs/superlearner/lib/python3.9/site-packages/sklearn/linear_model/_coordinate_descent.py:631: ConvergenceWarning: Objective did not converge. You might want to increase the number of iterations, check the scale of the features or consider increasing regularisation. Duality gap: 5.555e-01, tolerance: 5.369e-04
  model = cd_fast.enet_coordinate_descent(
/home/sfgary/.miniconda3/envs/superlearner/lib/python3.9/site-packages/sklearn/linear_model/_coordinate_descent.py:631: ConvergenceWarning: Objective did not converge. You might want to increase the number of iterations, check the scale of the features or consider increasing regularisation. Duality gap: 1.824e-01, tolerance: 2.757e-04
  model = cd_fast.enet_coordinate_descent(
/home/sfgary/.miniconda3/envs/superlearner/lib/python3.9/site-packages/sklearn/linear_model/_coordinate_descent.py:631: ConvergenceWarning: Objective did not converge. You might want to increase the number of iterations, check the scale of the features or consider increasing regularisation. Duality gap: 4.242e-01, tolerance: 2.723e-04
  model = cd_fast.enet_coordinate_descent(
/home/sfgary/.miniconda3/envs/superlearner/lib/python3.9/site-packages/sklearn/linear_model/_coordinate_descent.py:631: ConvergenceWarning: Objective did not converge. You might want to increase the number of iterations, check the scale of the features or consider increasing regularisation. Duality gap: 3.560e-01, tolerance: 2.911e-04
  model = cd_fast.enet_coordinate_descent(
/home/sfgary/.miniconda3/envs/superlearner/lib/python3.9/site-packages/sklearn/linear_model/_coordinate_descent.py:631: ConvergenceWarning: Objective did not converge. You might want to increase the number of iterations, check the scale of the features or consider increasing regularisation. Duality gap: 3.649e-01, tolerance: 2.453e-04
  model = cd_fast.enet_coordinate_descent(
/home/sfgary/.miniconda3/envs/superlearner/lib/python3.9/site-packages/sklearn/linear_model/_coordinate_descent.py:631: ConvergenceWarning: Objective did not converge. You might want to increase the number of iterations, check the scale of the features or consider increasing regularisation. Duality gap: 5.937e-01, tolerance: 5.369e-04
  model = cd_fast.enet_coordinate_descent(
/home/sfgary/.miniconda3/envs/superlearner/lib/python3.9/site-packages/sklearn/linear_model/_coordinate_descent.py:631: ConvergenceWarning: Objective did not converge. You might want to increase the number of iterations, check the scale of the features or consider increasing regularisation. Duality gap: 1.977e-01, tolerance: 2.757e-04
  model = cd_fast.enet_coordinate_descent(
/home/sfgary/.miniconda3/envs/superlearner/lib/python3.9/site-packages/sklearn/linear_model/_coordinate_descent.py:631: ConvergenceWarning: Objective did not converge. You might want to increase the number of iterations, check the scale of the features or consider increasing regularisation. Duality gap: 4.393e-01, tolerance: 2.723e-04
  model = cd_fast.enet_coordinate_descent(
/home/sfgary/.miniconda3/envs/superlearner/lib/python3.9/site-packages/sklearn/linear_model/_coordinate_descent.py:631: ConvergenceWarning: Objective did not converge. You might want to increase the number of iterations, check the scale of the features or consider increasing regularisation. Duality gap: 3.684e-01, tolerance: 2.911e-04
  model = cd_fast.enet_coordinate_descent(
/home/sfgary/.miniconda3/envs/superlearner/lib/python3.9/site-packages/sklearn/linear_model/_coordinate_descent.py:631: ConvergenceWarning: Objective did not converge. You might want to increase the number of iterations, check the scale of the features or consider increasing regularisation. Duality gap: 3.802e-01, tolerance: 2.453e-04
  model = cd_fast.enet_coordinate_descent(
/home/sfgary/.miniconda3/envs/superlearner/lib/python3.9/site-packages/sklearn/linear_model/_coordinate_descent.py:631: ConvergenceWarning: Objective did not converge. You might want to increase the number of iterations, check the scale of the features or consider increasing regularisation. Duality gap: 1.177e+00, tolerance: 5.369e-04
  model = cd_fast.enet_coordinate_descent(
/home/sfgary/.miniconda3/envs/superlearner/lib/python3.9/site-packages/sklearn/linear_model/_coordinate_descent.py:631: ConvergenceWarning: Objective did not converge. You might want to increase the number of iterations, check the scale of the features or consider increasing regularisation. Duality gap: 6.943e-01, tolerance: 2.757e-04
  model = cd_fast.enet_coordinate_descent(
/home/sfgary/.miniconda3/envs/superlearner/lib/python3.9/site-packages/sklearn/linear_model/_coordinate_descent.py:631: ConvergenceWarning: Objective did not converge. You might want to increase the number of iterations, check the scale of the features or consider increasing regularisation. Duality gap: 6.337e-01, tolerance: 2.723e-04
  model = cd_fast.enet_coordinate_descent(
/home/sfgary/.miniconda3/envs/superlearner/lib/python3.9/site-packages/sklearn/linear_model/_coordinate_descent.py:631: ConvergenceWarning: Objective did not converge. You might want to increase the number of iterations, check the scale of the features or consider increasing regularisation. Duality gap: 6.762e-01, tolerance: 2.911e-04
  model = cd_fast.enet_coordinate_descent(
/home/sfgary/.miniconda3/envs/superlearner/lib/python3.9/site-packages/sklearn/linear_model/_coordinate_descent.py:631: ConvergenceWarning: Objective did not converge. You might want to increase the number of iterations, check the scale of the features or consider increasing regularisation. Duality gap: 6.339e-01, tolerance: 2.453e-04
  model = cd_fast.enet_coordinate_descent(
/home/sfgary/.miniconda3/envs/superlearner/lib/python3.9/site-packages/sklearn/linear_model/_coordinate_descent.py:631: ConvergenceWarning: Objective did not converge. You might want to increase the number of iterations, check the scale of the features or consider increasing regularisation. Duality gap: 8.415e-01, tolerance: 3.207e-04
  model = cd_fast.enet_coordinate_descent(
/home/sfgary/.miniconda3/envs/superlearner/lib/python3.9/site-packages/sklearn/linear_model/_huber.py:342: ConvergenceWarning: lbfgs failed to converge (status=1):
STOP: TOTAL NO. of ITERATIONS REACHED LIMIT.

Increase the number of iterations (max_iter) or scale the data as shown in:
    https://scikit-learn.org/stable/modules/preprocessing.html
  self.n_iter_ = _check_optimize_result("lbfgs", opt_res, self.max_iter)
/home/sfgary/.miniconda3/envs/superlearner/lib/python3.9/site-packages/sklearn/linear_model/_huber.py:342: ConvergenceWarning: lbfgs failed to converge (status=1):
STOP: TOTAL NO. of ITERATIONS REACHED LIMIT.

Increase the number of iterations (max_iter) or scale the data as shown in:
    https://scikit-learn.org/stable/modules/preprocessing.html
  self.n_iter_ = _check_optimize_result("lbfgs", opt_res, self.max_iter)
/home/sfgary/.miniconda3/envs/superlearner/lib/python3.9/site-packages/sklearn/linear_model/_huber.py:342: ConvergenceWarning: lbfgs failed to converge (status=1):
STOP: TOTAL NO. of ITERATIONS REACHED LIMIT.

Increase the number of iterations (max_iter) or scale the data as shown in:
    https://scikit-learn.org/stable/modules/preprocessing.html
  self.n_iter_ = _check_optimize_result("lbfgs", opt_res, self.max_iter)
/home/sfgary/.miniconda3/envs/superlearner/lib/python3.9/site-packages/sklearn/linear_model/_huber.py:342: ConvergenceWarning: lbfgs failed to converge (status=1):
STOP: TOTAL NO. of ITERATIONS REACHED LIMIT.

Increase the number of iterations (max_iter) or scale the data as shown in:
    https://scikit-learn.org/stable/modules/preprocessing.html
  self.n_iter_ = _check_optimize_result("lbfgs", opt_res, self.max_iter)
/home/sfgary/.miniconda3/envs/superlearner/lib/python3.9/site-packages/sklearn/linear_model/_huber.py:342: ConvergenceWarning: lbfgs failed to converge (status=1):
STOP: TOTAL NO. of ITERATIONS REACHED LIMIT.

Increase the number of iterations (max_iter) or scale the data as shown in:
    https://scikit-learn.org/stable/modules/preprocessing.html
  self.n_iter_ = _check_optimize_result("lbfgs", opt_res, self.max_iter)
/home/sfgary/.miniconda3/envs/superlearner/lib/python3.9/site-packages/sklearn/linear_model/_huber.py:342: ConvergenceWarning: lbfgs failed to converge (status=1):
STOP: TOTAL NO. of ITERATIONS REACHED LIMIT.

Increase the number of iterations (max_iter) or scale the data as shown in:
    https://scikit-learn.org/stable/modules/preprocessing.html
  self.n_iter_ = _check_optimize_result("lbfgs", opt_res, self.max_iter)
/home/sfgary/.miniconda3/envs/superlearner/lib/python3.9/site-packages/sklearn/linear_model/_huber.py:342: ConvergenceWarning: lbfgs failed to converge (status=1):
STOP: TOTAL NO. of ITERATIONS REACHED LIMIT.

Increase the number of iterations (max_iter) or scale the data as shown in:
    https://scikit-learn.org/stable/modules/preprocessing.html
  self.n_iter_ = _check_optimize_result("lbfgs", opt_res, self.max_iter)
/home/sfgary/.miniconda3/envs/superlearner/lib/python3.9/site-packages/sklearn/linear_model/_huber.py:342: ConvergenceWarning: lbfgs failed to converge (status=1):
STOP: TOTAL NO. of ITERATIONS REACHED LIMIT.

Increase the number of iterations (max_iter) or scale the data as shown in:
    https://scikit-learn.org/stable/modules/preprocessing.html
  self.n_iter_ = _check_optimize_result("lbfgs", opt_res, self.max_iter)
/home/sfgary/.miniconda3/envs/superlearner/lib/python3.9/site-packages/sklearn/linear_model/_huber.py:342: ConvergenceWarning: lbfgs failed to converge (status=1):
STOP: TOTAL NO. of ITERATIONS REACHED LIMIT.

Increase the number of iterations (max_iter) or scale the data as shown in:
    https://scikit-learn.org/stable/modules/preprocessing.html
  self.n_iter_ = _check_optimize_result("lbfgs", opt_res, self.max_iter)
/home/sfgary/.miniconda3/envs/superlearner/lib/python3.9/site-packages/sklearn/linear_model/_huber.py:342: ConvergenceWarning: lbfgs failed to converge (status=1):
STOP: TOTAL NO. of ITERATIONS REACHED LIMIT.

Increase the number of iterations (max_iter) or scale the data as shown in:
    https://scikit-learn.org/stable/modules/preprocessing.html
  self.n_iter_ = _check_optimize_result("lbfgs", opt_res, self.max_iter)
/home/sfgary/.miniconda3/envs/superlearner/lib/python3.9/site-packages/sklearn/linear_model/_huber.py:342: ConvergenceWarning: lbfgs failed to converge (status=1):
STOP: TOTAL NO. of ITERATIONS REACHED LIMIT.

Increase the number of iterations (max_iter) or scale the data as shown in:
    https://scikit-learn.org/stable/modules/preprocessing.html
  self.n_iter_ = _check_optimize_result("lbfgs", opt_res, self.max_iter)
/home/sfgary/.miniconda3/envs/superlearner/lib/python3.9/site-packages/sklearn/linear_model/_huber.py:342: ConvergenceWarning: lbfgs failed to converge (status=1):
STOP: TOTAL NO. of ITERATIONS REACHED LIMIT.

Increase the number of iterations (max_iter) or scale the data as shown in:
    https://scikit-learn.org/stable/modules/preprocessing.html
  self.n_iter_ = _check_optimize_result("lbfgs", opt_res, self.max_iter)
/home/sfgary/.miniconda3/envs/superlearner/lib/python3.9/site-packages/sklearn/linear_model/_huber.py:342: ConvergenceWarning: lbfgs failed to converge (status=1):
STOP: TOTAL NO. of ITERATIONS REACHED LIMIT.

Increase the number of iterations (max_iter) or scale the data as shown in:
    https://scikit-learn.org/stable/modules/preprocessing.html
  self.n_iter_ = _check_optimize_result("lbfgs", opt_res, self.max_iter)
/home/sfgary/.miniconda3/envs/superlearner/lib/python3.9/site-packages/sklearn/linear_model/_huber.py:342: ConvergenceWarning: lbfgs failed to converge (status=1):
STOP: TOTAL NO. of ITERATIONS REACHED LIMIT.

Increase the number of iterations (max_iter) or scale the data as shown in:
    https://scikit-learn.org/stable/modules/preprocessing.html
  self.n_iter_ = _check_optimize_result("lbfgs", opt_res, self.max_iter)
/home/sfgary/.miniconda3/envs/superlearner/lib/python3.9/site-packages/sklearn/linear_model/_huber.py:342: ConvergenceWarning: lbfgs failed to converge (status=1):
STOP: TOTAL NO. of ITERATIONS REACHED LIMIT.

Increase the number of iterations (max_iter) or scale the data as shown in:
    https://scikit-learn.org/stable/modules/preprocessing.html
  self.n_iter_ = _check_optimize_result("lbfgs", opt_res, self.max_iter)
/home/sfgary/.miniconda3/envs/superlearner/lib/python3.9/site-packages/sklearn/linear_model/_huber.py:342: ConvergenceWarning: lbfgs failed to converge (status=1):
STOP: TOTAL NO. of ITERATIONS REACHED LIMIT.

Increase the number of iterations (max_iter) or scale the data as shown in:
    https://scikit-learn.org/stable/modules/preprocessing.html
  self.n_iter_ = _check_optimize_result("lbfgs", opt_res, self.max_iter)
/home/sfgary/.miniconda3/envs/superlearner/lib/python3.9/site-packages/sklearn/linear_model/_huber.py:342: ConvergenceWarning: lbfgs failed to converge (status=1):
STOP: TOTAL NO. of ITERATIONS REACHED LIMIT.

Increase the number of iterations (max_iter) or scale the data as shown in:
    https://scikit-learn.org/stable/modules/preprocessing.html
  self.n_iter_ = _check_optimize_result("lbfgs", opt_res, self.max_iter)
/home/sfgary/.miniconda3/envs/superlearner/lib/python3.9/site-packages/sklearn/linear_model/_huber.py:342: ConvergenceWarning: lbfgs failed to converge (status=1):
STOP: TOTAL NO. of ITERATIONS REACHED LIMIT.

Increase the number of iterations (max_iter) or scale the data as shown in:
    https://scikit-learn.org/stable/modules/preprocessing.html
  self.n_iter_ = _check_optimize_result("lbfgs", opt_res, self.max_iter)
/home/sfgary/.miniconda3/envs/superlearner/lib/python3.9/site-packages/sklearn/linear_model/_huber.py:342: ConvergenceWarning: lbfgs failed to converge (status=1):
STOP: TOTAL NO. of ITERATIONS REACHED LIMIT.

Increase the number of iterations (max_iter) or scale the data as shown in:
    https://scikit-learn.org/stable/modules/preprocessing.html
  self.n_iter_ = _check_optimize_result("lbfgs", opt_res, self.max_iter)
/home/sfgary/.miniconda3/envs/superlearner/lib/python3.9/site-packages/sklearn/linear_model/_huber.py:342: ConvergenceWarning: lbfgs failed to converge (status=1):
STOP: TOTAL NO. of ITERATIONS REACHED LIMIT.

Increase the number of iterations (max_iter) or scale the data as shown in:
    https://scikit-learn.org/stable/modules/preprocessing.html
  self.n_iter_ = _check_optimize_result("lbfgs", opt_res, self.max_iter)
/home/sfgary/.miniconda3/envs/superlearner/lib/python3.9/site-packages/sklearn/linear_model/_huber.py:342: ConvergenceWarning: lbfgs failed to converge (status=1):
STOP: TOTAL NO. of ITERATIONS REACHED LIMIT.

Increase the number of iterations (max_iter) or scale the data as shown in:
    https://scikit-learn.org/stable/modules/preprocessing.html
  self.n_iter_ = _check_optimize_result("lbfgs", opt_res, self.max_iter)
/home/sfgary/.miniconda3/envs/superlearner/lib/python3.9/site-packages/sklearn/linear_model/_huber.py:342: ConvergenceWarning: lbfgs failed to converge (status=1):
STOP: TOTAL NO. of ITERATIONS REACHED LIMIT.

Increase the number of iterations (max_iter) or scale the data as shown in:
    https://scikit-learn.org/stable/modules/preprocessing.html
  self.n_iter_ = _check_optimize_result("lbfgs", opt_res, self.max_iter)
/home/sfgary/.miniconda3/envs/superlearner/lib/python3.9/site-packages/sklearn/linear_model/_huber.py:342: ConvergenceWarning: lbfgs failed to converge (status=1):
STOP: TOTAL NO. of ITERATIONS REACHED LIMIT.

Increase the number of iterations (max_iter) or scale the data as shown in:
    https://scikit-learn.org/stable/modules/preprocessing.html
  self.n_iter_ = _check_optimize_result("lbfgs", opt_res, self.max_iter)
/home/sfgary/.miniconda3/envs/superlearner/lib/python3.9/site-packages/sklearn/linear_model/_huber.py:342: ConvergenceWarning: lbfgs failed to converge (status=1):
STOP: TOTAL NO. of ITERATIONS REACHED LIMIT.

Increase the number of iterations (max_iter) or scale the data as shown in:
    https://scikit-learn.org/stable/modules/preprocessing.html
  self.n_iter_ = _check_optimize_result("lbfgs", opt_res, self.max_iter)
/home/sfgary/.miniconda3/envs/superlearner/lib/python3.9/site-packages/sklearn/linear_model/_huber.py:342: ConvergenceWarning: lbfgs failed to converge (status=1):
STOP: TOTAL NO. of ITERATIONS REACHED LIMIT.

Increase the number of iterations (max_iter) or scale the data as shown in:
    https://scikit-learn.org/stable/modules/preprocessing.html
  self.n_iter_ = _check_optimize_result("lbfgs", opt_res, self.max_iter)
/home/sfgary/.miniconda3/envs/superlearner/lib/python3.9/site-packages/sklearn/linear_model/_huber.py:342: ConvergenceWarning: lbfgs failed to converge (status=1):
STOP: TOTAL NO. of ITERATIONS REACHED LIMIT.

Increase the number of iterations (max_iter) or scale the data as shown in:
    https://scikit-learn.org/stable/modules/preprocessing.html
  self.n_iter_ = _check_optimize_result("lbfgs", opt_res, self.max_iter)
/home/sfgary/.miniconda3/envs/superlearner/lib/python3.9/site-packages/sklearn/linear_model/_huber.py:342: ConvergenceWarning: lbfgs failed to converge (status=1):
STOP: TOTAL NO. of ITERATIONS REACHED LIMIT.

Increase the number of iterations (max_iter) or scale the data as shown in:
    https://scikit-learn.org/stable/modules/preprocessing.html
  self.n_iter_ = _check_optimize_result("lbfgs", opt_res, self.max_iter)
/home/sfgary/.miniconda3/envs/superlearner/lib/python3.9/site-packages/sklearn/linear_model/_huber.py:342: ConvergenceWarning: lbfgs failed to converge (status=1):
STOP: TOTAL NO. of ITERATIONS REACHED LIMIT.

Increase the number of iterations (max_iter) or scale the data as shown in:
    https://scikit-learn.org/stable/modules/preprocessing.html
  self.n_iter_ = _check_optimize_result("lbfgs", opt_res, self.max_iter)
/home/sfgary/.miniconda3/envs/superlearner/lib/python3.9/site-packages/sklearn/linear_model/_huber.py:342: ConvergenceWarning: lbfgs failed to converge (status=1):
STOP: TOTAL NO. of ITERATIONS REACHED LIMIT.

Increase the number of iterations (max_iter) or scale the data as shown in:
    https://scikit-learn.org/stable/modules/preprocessing.html
  self.n_iter_ = _check_optimize_result("lbfgs", opt_res, self.max_iter)
/home/sfgary/.miniconda3/envs/superlearner/lib/python3.9/site-packages/sklearn/linear_model/_huber.py:342: ConvergenceWarning: lbfgs failed to converge (status=1):
STOP: TOTAL NO. of ITERATIONS REACHED LIMIT.

Increase the number of iterations (max_iter) or scale the data as shown in:
    https://scikit-learn.org/stable/modules/preprocessing.html
  self.n_iter_ = _check_optimize_result("lbfgs", opt_res, self.max_iter)
/home/sfgary/.miniconda3/envs/superlearner/lib/python3.9/site-packages/sklearn/linear_model/_huber.py:342: ConvergenceWarning: lbfgs failed to converge (status=1):
STOP: TOTAL NO. of ITERATIONS REACHED LIMIT.

Increase the number of iterations (max_iter) or scale the data as shown in:
    https://scikit-learn.org/stable/modules/preprocessing.html
  self.n_iter_ = _check_optimize_result("lbfgs", opt_res, self.max_iter)
/home/sfgary/.miniconda3/envs/superlearner/lib/python3.9/site-packages/sklearn/linear_model/_huber.py:342: ConvergenceWarning: lbfgs failed to converge (status=1):
STOP: TOTAL NO. of ITERATIONS REACHED LIMIT.

Increase the number of iterations (max_iter) or scale the data as shown in:
    https://scikit-learn.org/stable/modules/preprocessing.html
  self.n_iter_ = _check_optimize_result("lbfgs", opt_res, self.max_iter)
/home/sfgary/.miniconda3/envs/superlearner/lib/python3.9/site-packages/sklearn/linear_model/_huber.py:342: ConvergenceWarning: lbfgs failed to converge (status=1):
STOP: TOTAL NO. of ITERATIONS REACHED LIMIT.

Increase the number of iterations (max_iter) or scale the data as shown in:
    https://scikit-learn.org/stable/modules/preprocessing.html
  self.n_iter_ = _check_optimize_result("lbfgs", opt_res, self.max_iter)
/home/sfgary/.miniconda3/envs/superlearner/lib/python3.9/site-packages/sklearn/linear_model/_huber.py:342: ConvergenceWarning: lbfgs failed to converge (status=1):
STOP: TOTAL NO. of ITERATIONS REACHED LIMIT.

Increase the number of iterations (max_iter) or scale the data as shown in:
    https://scikit-learn.org/stable/modules/preprocessing.html
  self.n_iter_ = _check_optimize_result("lbfgs", opt_res, self.max_iter)
/home/sfgary/.miniconda3/envs/superlearner/lib/python3.9/site-packages/sklearn/linear_model/_huber.py:342: ConvergenceWarning: lbfgs failed to converge (status=1):
STOP: TOTAL NO. of ITERATIONS REACHED LIMIT.

Increase the number of iterations (max_iter) or scale the data as shown in:
    https://scikit-learn.org/stable/modules/preprocessing.html
  self.n_iter_ = _check_optimize_result("lbfgs", opt_res, self.max_iter)
/home/sfgary/.miniconda3/envs/superlearner/lib/python3.9/site-packages/sklearn/linear_model/_huber.py:342: ConvergenceWarning: lbfgs failed to converge (status=1):
STOP: TOTAL NO. of ITERATIONS REACHED LIMIT.

Increase the number of iterations (max_iter) or scale the data as shown in:
    https://scikit-learn.org/stable/modules/preprocessing.html
  self.n_iter_ = _check_optimize_result("lbfgs", opt_res, self.max_iter)
/home/sfgary/.miniconda3/envs/superlearner/lib/python3.9/site-packages/sklearn/linear_model/_huber.py:342: ConvergenceWarning: lbfgs failed to converge (status=1):
STOP: TOTAL NO. of ITERATIONS REACHED LIMIT.

Increase the number of iterations (max_iter) or scale the data as shown in:
    https://scikit-learn.org/stable/modules/preprocessing.html
  self.n_iter_ = _check_optimize_result("lbfgs", opt_res, self.max_iter)
/home/sfgary/.miniconda3/envs/superlearner/lib/python3.9/site-packages/sklearn/linear_model/_huber.py:342: ConvergenceWarning: lbfgs failed to converge (status=1):
STOP: TOTAL NO. of ITERATIONS REACHED LIMIT.

Increase the number of iterations (max_iter) or scale the data as shown in:
    https://scikit-learn.org/stable/modules/preprocessing.html
  self.n_iter_ = _check_optimize_result("lbfgs", opt_res, self.max_iter)
/home/sfgary/.miniconda3/envs/superlearner/lib/python3.9/site-packages/sklearn/linear_model/_huber.py:342: ConvergenceWarning: lbfgs failed to converge (status=1):
STOP: TOTAL NO. of ITERATIONS REACHED LIMIT.

Increase the number of iterations (max_iter) or scale the data as shown in:
    https://scikit-learn.org/stable/modules/preprocessing.html
  self.n_iter_ = _check_optimize_result("lbfgs", opt_res, self.max_iter)
/home/sfgary/.miniconda3/envs/superlearner/lib/python3.9/site-packages/sklearn/linear_model/_huber.py:342: ConvergenceWarning: lbfgs failed to converge (status=1):
STOP: TOTAL NO. of ITERATIONS REACHED LIMIT.

Increase the number of iterations (max_iter) or scale the data as shown in:
    https://scikit-learn.org/stable/modules/preprocessing.html
  self.n_iter_ = _check_optimize_result("lbfgs", opt_res, self.max_iter)
/home/sfgary/.miniconda3/envs/superlearner/lib/python3.9/site-packages/sklearn/linear_model/_huber.py:342: ConvergenceWarning: lbfgs failed to converge (status=1):
STOP: TOTAL NO. of ITERATIONS REACHED LIMIT.

Increase the number of iterations (max_iter) or scale the data as shown in:
    https://scikit-learn.org/stable/modules/preprocessing.html
  self.n_iter_ = _check_optimize_result("lbfgs", opt_res, self.max_iter)
/home/sfgary/.miniconda3/envs/superlearner/lib/python3.9/site-packages/sklearn/linear_model/_huber.py:342: ConvergenceWarning: lbfgs failed to converge (status=1):
STOP: TOTAL NO. of ITERATIONS REACHED LIMIT.

Increase the number of iterations (max_iter) or scale the data as shown in:
    https://scikit-learn.org/stable/modules/preprocessing.html
  self.n_iter_ = _check_optimize_result("lbfgs", opt_res, self.max_iter)
/home/sfgary/.miniconda3/envs/superlearner/lib/python3.9/site-packages/sklearn/linear_model/_huber.py:342: ConvergenceWarning: lbfgs failed to converge (status=1):
STOP: TOTAL NO. of ITERATIONS REACHED LIMIT.

Increase the number of iterations (max_iter) or scale the data as shown in:
    https://scikit-learn.org/stable/modules/preprocessing.html
  self.n_iter_ = _check_optimize_result("lbfgs", opt_res, self.max_iter)
/home/sfgary/.miniconda3/envs/superlearner/lib/python3.9/site-packages/sklearn/linear_model/_huber.py:342: ConvergenceWarning: lbfgs failed to converge (status=1):
STOP: TOTAL NO. of ITERATIONS REACHED LIMIT.

Increase the number of iterations (max_iter) or scale the data as shown in:
    https://scikit-learn.org/stable/modules/preprocessing.html
  self.n_iter_ = _check_optimize_result("lbfgs", opt_res, self.max_iter)
/home/sfgary/.miniconda3/envs/superlearner/lib/python3.9/site-packages/sklearn/linear_model/_huber.py:342: ConvergenceWarning: lbfgs failed to converge (status=1):
STOP: TOTAL NO. of ITERATIONS REACHED LIMIT.

Increase the number of iterations (max_iter) or scale the data as shown in:
    https://scikit-learn.org/stable/modules/preprocessing.html
  self.n_iter_ = _check_optimize_result("lbfgs", opt_res, self.max_iter)
/home/sfgary/.miniconda3/envs/superlearner/lib/python3.9/site-packages/sklearn/linear_model/_huber.py:342: ConvergenceWarning: lbfgs failed to converge (status=1):
STOP: TOTAL NO. of ITERATIONS REACHED LIMIT.

Increase the number of iterations (max_iter) or scale the data as shown in:
    https://scikit-learn.org/stable/modules/preprocessing.html
  self.n_iter_ = _check_optimize_result("lbfgs", opt_res, self.max_iter)
/home/sfgary/.miniconda3/envs/superlearner/lib/python3.9/site-packages/sklearn/linear_model/_huber.py:342: ConvergenceWarning: lbfgs failed to converge (status=1):
STOP: TOTAL NO. of ITERATIONS REACHED LIMIT.

Increase the number of iterations (max_iter) or scale the data as shown in:
    https://scikit-learn.org/stable/modules/preprocessing.html
  self.n_iter_ = _check_optimize_result("lbfgs", opt_res, self.max_iter)
/home/sfgary/.miniconda3/envs/superlearner/lib/python3.9/site-packages/sklearn/linear_model/_huber.py:342: ConvergenceWarning: lbfgs failed to converge (status=1):
STOP: TOTAL NO. of ITERATIONS REACHED LIMIT.

Increase the number of iterations (max_iter) or scale the data as shown in:
    https://scikit-learn.org/stable/modules/preprocessing.html
  self.n_iter_ = _check_optimize_result("lbfgs", opt_res, self.max_iter)
/home/sfgary/.miniconda3/envs/superlearner/lib/python3.9/site-packages/sklearn/linear_model/_huber.py:342: ConvergenceWarning: lbfgs failed to converge (status=1):
STOP: TOTAL NO. of ITERATIONS REACHED LIMIT.

Increase the number of iterations (max_iter) or scale the data as shown in:
    https://scikit-learn.org/stable/modules/preprocessing.html
  self.n_iter_ = _check_optimize_result("lbfgs", opt_res, self.max_iter)
/home/sfgary/.miniconda3/envs/superlearner/lib/python3.9/site-packages/sklearn/linear_model/_huber.py:342: ConvergenceWarning: lbfgs failed to converge (status=1):
STOP: TOTAL NO. of ITERATIONS REACHED LIMIT.

Increase the number of iterations (max_iter) or scale the data as shown in:
    https://scikit-learn.org/stable/modules/preprocessing.html
  self.n_iter_ = _check_optimize_result("lbfgs", opt_res, self.max_iter)
/home/sfgary/.miniconda3/envs/superlearner/lib/python3.9/site-packages/sklearn/linear_model/_huber.py:342: ConvergenceWarning: lbfgs failed to converge (status=1):
STOP: TOTAL NO. of ITERATIONS REACHED LIMIT.

Increase the number of iterations (max_iter) or scale the data as shown in:
    https://scikit-learn.org/stable/modules/preprocessing.html
  self.n_iter_ = _check_optimize_result("lbfgs", opt_res, self.max_iter)
/home/sfgary/.miniconda3/envs/superlearner/lib/python3.9/site-packages/sklearn/neural_network/_multilayer_perceptron.py:541: ConvergenceWarning: lbfgs failed to converge (status=1):
STOP: TOTAL NO. of ITERATIONS REACHED LIMIT.

Increase the number of iterations (max_iter) or scale the data as shown in:
    https://scikit-learn.org/stable/modules/preprocessing.html
  self.n_iter_ = _check_optimize_result("lbfgs", opt_res, self.max_iter)
/home/sfgary/.miniconda3/envs/superlearner/lib/python3.9/site-packages/sklearn/linear_model/_coordinate_descent.py:631: ConvergenceWarning: Objective did not converge. You might want to increase the number of iterations, check the scale of the features or consider increasing regularisation. Duality gap: 8.415e-01, tolerance: 3.207e-04
  model = cd_fast.enet_coordinate_descent(
/home/sfgary/.miniconda3/envs/superlearner/lib/python3.9/site-packages/sklearn/linear_model/_huber.py:342: ConvergenceWarning: lbfgs failed to converge (status=1):
STOP: TOTAL NO. of ITERATIONS REACHED LIMIT.

Increase the number of iterations (max_iter) or scale the data as shown in:
    https://scikit-learn.org/stable/modules/preprocessing.html
  self.n_iter_ = _check_optimize_result("lbfgs", opt_res, self.max_iter)
/home/sfgary/.miniconda3/envs/superlearner/lib/python3.9/site-packages/sklearn/neural_network/_multilayer_perceptron.py:541: ConvergenceWarning: lbfgs failed to converge (status=1):
STOP: TOTAL NO. of ITERATIONS REACHED LIMIT.

Increase the number of iterations (max_iter) or scale the data as shown in:
    https://scikit-learn.org/stable/modules/preprocessing.html
  self.n_iter_ = _check_optimize_result("lbfgs", opt_res, self.max_iter)
/home/sfgary/.miniconda3/envs/superlearner/lib/python3.9/site-packages/sklearn/neural_network/_multilayer_perceptron.py:541: ConvergenceWarning: lbfgs failed to converge (status=1):
STOP: TOTAL NO. of ITERATIONS REACHED LIMIT.

Increase the number of iterations (max_iter) or scale the data as shown in:
    https://scikit-learn.org/stable/modules/preprocessing.html
  self.n_iter_ = _check_optimize_result("lbfgs", opt_res, self.max_iter)
/home/sfgary/.miniconda3/envs/superlearner/lib/python3.9/site-packages/sklearn/neural_network/_multilayer_perceptron.py:541: ConvergenceWarning: lbfgs failed to converge (status=1):
STOP: TOTAL NO. of ITERATIONS REACHED LIMIT.

Increase the number of iterations (max_iter) or scale the data as shown in:
    https://scikit-learn.org/stable/modules/preprocessing.html
  self.n_iter_ = _check_optimize_result("lbfgs", opt_res, self.max_iter)
/home/sfgary/.miniconda3/envs/superlearner/lib/python3.9/site-packages/sklearn/linear_model/_coordinate_descent.py:631: ConvergenceWarning: Objective did not converge. You might want to increase the number of iterations, check the scale of the features or consider increasing regularisation. Duality gap: 1.438e+00, tolerance: 5.369e-04
  model = cd_fast.enet_coordinate_descent(
/home/sfgary/.miniconda3/envs/superlearner/lib/python3.9/site-packages/sklearn/linear_model/_coordinate_descent.py:631: ConvergenceWarning: Objective did not converge. You might want to increase the number of iterations, check the scale of the features or consider increasing regularisation. Duality gap: 7.607e-01, tolerance: 2.757e-04
  model = cd_fast.enet_coordinate_descent(
/home/sfgary/.miniconda3/envs/superlearner/lib/python3.9/site-packages/sklearn/linear_model/_coordinate_descent.py:631: ConvergenceWarning: Objective did not converge. You might want to increase the number of iterations, check the scale of the features or consider increasing regularisation. Duality gap: 7.176e-01, tolerance: 2.723e-04
  model = cd_fast.enet_coordinate_descent(
/home/sfgary/.miniconda3/envs/superlearner/lib/python3.9/site-packages/sklearn/linear_model/_coordinate_descent.py:631: ConvergenceWarning: Objective did not converge. You might want to increase the number of iterations, check the scale of the features or consider increasing regularisation. Duality gap: 7.767e-01, tolerance: 2.911e-04
  model = cd_fast.enet_coordinate_descent(
/home/sfgary/.miniconda3/envs/superlearner/lib/python3.9/site-packages/sklearn/linear_model/_coordinate_descent.py:631: ConvergenceWarning: Objective did not converge. You might want to increase the number of iterations, check the scale of the features or consider increasing regularisation. Duality gap: 5.465e-01, tolerance: 2.453e-04
  model = cd_fast.enet_coordinate_descent(
/home/sfgary/.miniconda3/envs/superlearner/lib/python3.9/site-packages/sklearn/linear_model/_huber.py:342: ConvergenceWarning: lbfgs failed to converge (status=1):
STOP: TOTAL NO. of ITERATIONS REACHED LIMIT.

Increase the number of iterations (max_iter) or scale the data as shown in:
    https://scikit-learn.org/stable/modules/preprocessing.html
  self.n_iter_ = _check_optimize_result("lbfgs", opt_res, self.max_iter)
/home/sfgary/.miniconda3/envs/superlearner/lib/python3.9/site-packages/sklearn/linear_model/_huber.py:342: ConvergenceWarning: lbfgs failed to converge (status=1):
STOP: TOTAL NO. of ITERATIONS REACHED LIMIT.

Increase the number of iterations (max_iter) or scale the data as shown in:
    https://scikit-learn.org/stable/modules/preprocessing.html
  self.n_iter_ = _check_optimize_result("lbfgs", opt_res, self.max_iter)
/home/sfgary/.miniconda3/envs/superlearner/lib/python3.9/site-packages/sklearn/linear_model/_huber.py:342: ConvergenceWarning: lbfgs failed to converge (status=1):
STOP: TOTAL NO. of ITERATIONS REACHED LIMIT.

Increase the number of iterations (max_iter) or scale the data as shown in:
    https://scikit-learn.org/stable/modules/preprocessing.html
  self.n_iter_ = _check_optimize_result("lbfgs", opt_res, self.max_iter)
/home/sfgary/.miniconda3/envs/superlearner/lib/python3.9/site-packages/sklearn/linear_model/_huber.py:342: ConvergenceWarning: lbfgs failed to converge (status=1):
STOP: TOTAL NO. of ITERATIONS REACHED LIMIT.

Increase the number of iterations (max_iter) or scale the data as shown in:
    https://scikit-learn.org/stable/modules/preprocessing.html
  self.n_iter_ = _check_optimize_result("lbfgs", opt_res, self.max_iter)
/home/sfgary/.miniconda3/envs/superlearner/lib/python3.9/site-packages/sklearn/linear_model/_huber.py:342: ConvergenceWarning: lbfgs failed to converge (status=1):
STOP: TOTAL NO. of ITERATIONS REACHED LIMIT.

Increase the number of iterations (max_iter) or scale the data as shown in:
    https://scikit-learn.org/stable/modules/preprocessing.html
  self.n_iter_ = _check_optimize_result("lbfgs", opt_res, self.max_iter)
