1.4.2
Parsing SuperLearner input arguments...
--conda_sh
--superlearner_conf
--n_jobs
--num_inputs
--predict_var
--cross_val_score
--model_dir
--hpo
--smogn
--data
--backend
NOTICE: Filling any NaN with mean values!
NaN in training data will cause a crash.
Loading SuperLearner configuration...
Loading from: /home/sfgary/sl_core/sample_inputs/superlearner_conf_TTR_mms_log10_neg.py
Dirname:  /home/sfgary/sl_core/sample_inputs
Basename: superlearner_conf_TTR_mms_log10_neg
Running HPO for output Respiration_Rate_mg_DO_per_L_per_H and estimator nusvr-rbf
Running HPO for output Respiration_Rate_mg_DO_per_L_per_H and estimator nusvr-lin
Running HPO for output Respiration_Rate_mg_DO_per_L_per_H and estimator nusvr-poly
Running HPO for output Respiration_Rate_mg_DO_per_L_per_H and estimator nusvr-sig
Running HPO for output Respiration_Rate_mg_DO_per_L_per_H and estimator knn-uni
Running HPO for output Respiration_Rate_mg_DO_per_L_per_H and estimator knn-dist
Running HPO for output Respiration_Rate_mg_DO_per_L_per_H and estimator pls
Running HPO for output Respiration_Rate_mg_DO_per_L_per_H and estimator mlp
Running HPO for output Respiration_Rate_mg_DO_per_L_per_H and estimator ridge
Running HPO for output Respiration_Rate_mg_DO_per_L_per_H and estimator lasso
Running HPO for output Respiration_Rate_mg_DO_per_L_per_H and estimator linear
Running HPO for output Respiration_Rate_mg_DO_per_L_per_H and estimator enet
Running HPO for output Respiration_Rate_mg_DO_per_L_per_H and estimator huber
Running HPO for output Respiration_Rate_mg_DO_per_L_per_H and estimator xgb
Running HPO for output Respiration_Rate_mg_DO_per_L_per_H and estimator etr
Defining estimator for output: Respiration_Rate_mg_DO_per_L_per_H
Training estimator for output: Respiration_Rate_mg_DO_per_L_per_H
Evaluating estimator for output: Respiration_Rate_mg_DO_per_L_per_H
Evaluating estimator on holdout(test) high/low set for output: Respiration_Rate_mg_DO_per_L_per_H
Hold out metrics:
{
    "Respiration_Rate_mg_DO_per_L_per_H": 0.6934734772773403,
    "Respiration_Rate_mg_DO_per_L_per_H_high": -1.1541625534752922,
    "Respiration_Rate_mg_DO_per_L_per_H_low": -0.6189890289041946
}
Evaluating estimator for output: Respiration_Rate_mg_DO_per_L_per_H
Classical metrics:
{
    "Respiration_Rate_mg_DO_per_L_per_H": 0.8621749020529345
}
Save train/test data
