/home/sfgary/.miniconda3/envs/superlearner/lib/python3.9/site-packages/xgboost/compat.py:36: FutureWarning: pandas.Int64Index is deprecated and will be removed from pandas in a future version. Use pandas.Index with the appropriate dtype instead.
  from pandas import MultiIndex, Int64Index
/home/sfgary/.miniconda3/envs/superlearner/lib/python3.9/site-packages/sklearn/neural_network/_multilayer_perceptron.py:549: ConvergenceWarning: lbfgs failed to converge (status=1):
STOP: TOTAL NO. of ITERATIONS REACHED LIMIT.

Increase the number of iterations (max_iter) or scale the data as shown in:
    https://scikit-learn.org/stable/modules/preprocessing.html
  self.n_iter_ = _check_optimize_result("lbfgs", opt_res, self.max_iter)
/home/sfgary/.miniconda3/envs/superlearner/lib/python3.9/site-packages/sklearn/neural_network/_multilayer_perceptron.py:549: ConvergenceWarning: lbfgs failed to converge (status=1):
STOP: TOTAL NO. of ITERATIONS REACHED LIMIT.

Increase the number of iterations (max_iter) or scale the data as shown in:
    https://scikit-learn.org/stable/modules/preprocessing.html
  self.n_iter_ = _check_optimize_result("lbfgs", opt_res, self.max_iter)
/home/sfgary/.miniconda3/envs/superlearner/lib/python3.9/site-packages/sklearn/neural_network/_multilayer_perceptron.py:549: ConvergenceWarning: lbfgs failed to converge (status=1):
STOP: TOTAL NO. of ITERATIONS REACHED LIMIT.

Increase the number of iterations (max_iter) or scale the data as shown in:
    https://scikit-learn.org/stable/modules/preprocessing.html
  self.n_iter_ = _check_optimize_result("lbfgs", opt_res, self.max_iter)
/home/sfgary/.miniconda3/envs/superlearner/lib/python3.9/site-packages/sklearn/neural_network/_multilayer_perceptron.py:549: ConvergenceWarning: lbfgs failed to converge (status=1):
STOP: TOTAL NO. of ITERATIONS REACHED LIMIT.

Increase the number of iterations (max_iter) or scale the data as shown in:
    https://scikit-learn.org/stable/modules/preprocessing.html
  self.n_iter_ = _check_optimize_result("lbfgs", opt_res, self.max_iter)
/home/sfgary/.miniconda3/envs/superlearner/lib/python3.9/site-packages/sklearn/neural_network/_multilayer_perceptron.py:549: ConvergenceWarning: lbfgs failed to converge (status=1):
STOP: TOTAL NO. of ITERATIONS REACHED LIMIT.

Increase the number of iterations (max_iter) or scale the data as shown in:
    https://scikit-learn.org/stable/modules/preprocessing.html
  self.n_iter_ = _check_optimize_result("lbfgs", opt_res, self.max_iter)
/home/sfgary/.miniconda3/envs/superlearner/lib/python3.9/site-packages/sklearn/neural_network/_multilayer_perceptron.py:549: ConvergenceWarning: lbfgs failed to converge (status=1):
STOP: TOTAL NO. of ITERATIONS REACHED LIMIT.

Increase the number of iterations (max_iter) or scale the data as shown in:
    https://scikit-learn.org/stable/modules/preprocessing.html
  self.n_iter_ = _check_optimize_result("lbfgs", opt_res, self.max_iter)
/home/sfgary/.miniconda3/envs/superlearner/lib/python3.9/site-packages/sklearn/neural_network/_multilayer_perceptron.py:549: ConvergenceWarning: lbfgs failed to converge (status=1):
STOP: TOTAL NO. of ITERATIONS REACHED LIMIT.

Increase the number of iterations (max_iter) or scale the data as shown in:
    https://scikit-learn.org/stable/modules/preprocessing.html
  self.n_iter_ = _check_optimize_result("lbfgs", opt_res, self.max_iter)
/home/sfgary/.miniconda3/envs/superlearner/lib/python3.9/site-packages/sklearn/neural_network/_multilayer_perceptron.py:549: ConvergenceWarning: lbfgs failed to converge (status=1):
STOP: TOTAL NO. of ITERATIONS REACHED LIMIT.

Increase the number of iterations (max_iter) or scale the data as shown in:
    https://scikit-learn.org/stable/modules/preprocessing.html
  self.n_iter_ = _check_optimize_result("lbfgs", opt_res, self.max_iter)
/home/sfgary/.miniconda3/envs/superlearner/lib/python3.9/site-packages/sklearn/neural_network/_multilayer_perceptron.py:549: ConvergenceWarning: lbfgs failed to converge (status=1):
STOP: TOTAL NO. of ITERATIONS REACHED LIMIT.

Increase the number of iterations (max_iter) or scale the data as shown in:
    https://scikit-learn.org/stable/modules/preprocessing.html
  self.n_iter_ = _check_optimize_result("lbfgs", opt_res, self.max_iter)
/home/sfgary/.miniconda3/envs/superlearner/lib/python3.9/site-packages/sklearn/neural_network/_multilayer_perceptron.py:549: ConvergenceWarning: lbfgs failed to converge (status=1):
STOP: TOTAL NO. of ITERATIONS REACHED LIMIT.

Increase the number of iterations (max_iter) or scale the data as shown in:
    https://scikit-learn.org/stable/modules/preprocessing.html
  self.n_iter_ = _check_optimize_result("lbfgs", opt_res, self.max_iter)
/home/sfgary/.miniconda3/envs/superlearner/lib/python3.9/site-packages/sklearn/neural_network/_multilayer_perceptron.py:549: ConvergenceWarning: lbfgs failed to converge (status=1):
STOP: TOTAL NO. of ITERATIONS REACHED LIMIT.

Increase the number of iterations (max_iter) or scale the data as shown in:
    https://scikit-learn.org/stable/modules/preprocessing.html
  self.n_iter_ = _check_optimize_result("lbfgs", opt_res, self.max_iter)
/home/sfgary/.miniconda3/envs/superlearner/lib/python3.9/site-packages/sklearn/neural_network/_multilayer_perceptron.py:549: ConvergenceWarning: lbfgs failed to converge (status=1):
STOP: TOTAL NO. of ITERATIONS REACHED LIMIT.

Increase the number of iterations (max_iter) or scale the data as shown in:
    https://scikit-learn.org/stable/modules/preprocessing.html
  self.n_iter_ = _check_optimize_result("lbfgs", opt_res, self.max_iter)
/home/sfgary/.miniconda3/envs/superlearner/lib/python3.9/site-packages/sklearn/neural_network/_multilayer_perceptron.py:549: ConvergenceWarning: lbfgs failed to converge (status=1):
STOP: TOTAL NO. of ITERATIONS REACHED LIMIT.

Increase the number of iterations (max_iter) or scale the data as shown in:
    https://scikit-learn.org/stable/modules/preprocessing.html
  self.n_iter_ = _check_optimize_result("lbfgs", opt_res, self.max_iter)
/home/sfgary/.miniconda3/envs/superlearner/lib/python3.9/site-packages/sklearn/neural_network/_multilayer_perceptron.py:549: ConvergenceWarning: lbfgs failed to converge (status=1):
STOP: TOTAL NO. of ITERATIONS REACHED LIMIT.

Increase the number of iterations (max_iter) or scale the data as shown in:
    https://scikit-learn.org/stable/modules/preprocessing.html
  self.n_iter_ = _check_optimize_result("lbfgs", opt_res, self.max_iter)
/home/sfgary/.miniconda3/envs/superlearner/lib/python3.9/site-packages/sklearn/linear_model/_ridge.py:194: LinAlgWarning: Ill-conditioned matrix (rcond=4.0613e-08): result may not be accurate.
  dual_coef = linalg.solve(K, y, sym_pos=True, overwrite_a=False)
/home/sfgary/.miniconda3/envs/superlearner/lib/python3.9/site-packages/sklearn/linear_model/_ridge.py:194: LinAlgWarning: Ill-conditioned matrix (rcond=4.01598e-08): result may not be accurate.
  dual_coef = linalg.solve(K, y, sym_pos=True, overwrite_a=False)
/home/sfgary/.miniconda3/envs/superlearner/lib/python3.9/site-packages/sklearn/linear_model/_ridge.py:194: LinAlgWarning: Ill-conditioned matrix (rcond=3.48732e-08): result may not be accurate.
  dual_coef = linalg.solve(K, y, sym_pos=True, overwrite_a=False)
/home/sfgary/.miniconda3/envs/superlearner/lib/python3.9/site-packages/sklearn/linear_model/_ridge.py:194: LinAlgWarning: Ill-conditioned matrix (rcond=4.28497e-08): result may not be accurate.
  dual_coef = linalg.solve(K, y, sym_pos=True, overwrite_a=False)
/home/sfgary/.miniconda3/envs/superlearner/lib/python3.9/site-packages/sklearn/linear_model/_ridge.py:194: LinAlgWarning: Ill-conditioned matrix (rcond=3.37284e-08): result may not be accurate.
  dual_coef = linalg.solve(K, y, sym_pos=True, overwrite_a=False)
/home/sfgary/.miniconda3/envs/superlearner/lib/python3.9/site-packages/sklearn/linear_model/_ridge.py:194: LinAlgWarning: Ill-conditioned matrix (rcond=5.33828e-09): result may not be accurate.
  dual_coef = linalg.solve(K, y, sym_pos=True, overwrite_a=False)
/home/sfgary/.miniconda3/envs/superlearner/lib/python3.9/site-packages/sklearn/linear_model/_ridge.py:194: LinAlgWarning: Ill-conditioned matrix (rcond=3.98729e-09): result may not be accurate.
  dual_coef = linalg.solve(K, y, sym_pos=True, overwrite_a=False)
/home/sfgary/.miniconda3/envs/superlearner/lib/python3.9/site-packages/sklearn/linear_model/_ridge.py:194: LinAlgWarning: Ill-conditioned matrix (rcond=4.6977e-09): result may not be accurate.
  dual_coef = linalg.solve(K, y, sym_pos=True, overwrite_a=False)
/home/sfgary/.miniconda3/envs/superlearner/lib/python3.9/site-packages/sklearn/linear_model/_ridge.py:194: LinAlgWarning: Ill-conditioned matrix (rcond=5.9523e-09): result may not be accurate.
  dual_coef = linalg.solve(K, y, sym_pos=True, overwrite_a=False)
/home/sfgary/.miniconda3/envs/superlearner/lib/python3.9/site-packages/sklearn/linear_model/_ridge.py:194: LinAlgWarning: Ill-conditioned matrix (rcond=4.46072e-09): result may not be accurate.
  dual_coef = linalg.solve(K, y, sym_pos=True, overwrite_a=False)
/home/sfgary/.miniconda3/envs/superlearner/lib/python3.9/site-packages/sklearn/linear_model/_ridge.py:196: UserWarning: Singular matrix in solving dual problem. Using least-squares solution instead.
  warnings.warn(
/home/sfgary/.miniconda3/envs/superlearner/lib/python3.9/site-packages/sklearn/linear_model/_ridge.py:196: UserWarning: Singular matrix in solving dual problem. Using least-squares solution instead.
  warnings.warn(
/home/sfgary/.miniconda3/envs/superlearner/lib/python3.9/site-packages/sklearn/linear_model/_ridge.py:196: UserWarning: Singular matrix in solving dual problem. Using least-squares solution instead.
  warnings.warn(
/home/sfgary/.miniconda3/envs/superlearner/lib/python3.9/site-packages/sklearn/linear_model/_ridge.py:196: UserWarning: Singular matrix in solving dual problem. Using least-squares solution instead.
  warnings.warn(
/home/sfgary/.miniconda3/envs/superlearner/lib/python3.9/site-packages/sklearn/linear_model/_ridge.py:196: UserWarning: Singular matrix in solving dual problem. Using least-squares solution instead.
  warnings.warn(
/home/sfgary/.miniconda3/envs/superlearner/lib/python3.9/site-packages/sklearn/linear_model/_ridge.py:196: UserWarning: Singular matrix in solving dual problem. Using least-squares solution instead.
  warnings.warn(
/home/sfgary/.miniconda3/envs/superlearner/lib/python3.9/site-packages/sklearn/linear_model/_ridge.py:196: UserWarning: Singular matrix in solving dual problem. Using least-squares solution instead.
  warnings.warn(
/home/sfgary/.miniconda3/envs/superlearner/lib/python3.9/site-packages/sklearn/linear_model/_ridge.py:196: UserWarning: Singular matrix in solving dual problem. Using least-squares solution instead.
  warnings.warn(
/home/sfgary/.miniconda3/envs/superlearner/lib/python3.9/site-packages/sklearn/linear_model/_ridge.py:196: UserWarning: Singular matrix in solving dual problem. Using least-squares solution instead.
  warnings.warn(
/home/sfgary/.miniconda3/envs/superlearner/lib/python3.9/site-packages/sklearn/linear_model/_ridge.py:196: UserWarning: Singular matrix in solving dual problem. Using least-squares solution instead.
  warnings.warn(
/home/sfgary/.miniconda3/envs/superlearner/lib/python3.9/site-packages/sklearn/linear_model/_coordinate_descent.py:647: ConvergenceWarning: Objective did not converge. You might want to increase the number of iterations, check the scale of the features or consider increasing regularisation. Duality gap: 4.454e-02, tolerance: 2.801e-04
  model = cd_fast.enet_coordinate_descent(
/home/sfgary/.miniconda3/envs/superlearner/lib/python3.9/site-packages/sklearn/linear_model/_coordinate_descent.py:647: ConvergenceWarning: Objective did not converge. You might want to increase the number of iterations, check the scale of the features or consider increasing regularisation. Duality gap: 8.938e-03, tolerance: 2.280e-04
  model = cd_fast.enet_coordinate_descent(
/home/sfgary/.miniconda3/envs/superlearner/lib/python3.9/site-packages/sklearn/linear_model/_coordinate_descent.py:647: ConvergenceWarning: Objective did not converge. You might want to increase the number of iterations, check the scale of the features or consider increasing regularisation. Duality gap: 1.815e-02, tolerance: 1.539e-04
  model = cd_fast.enet_coordinate_descent(
/home/sfgary/.miniconda3/envs/superlearner/lib/python3.9/site-packages/sklearn/linear_model/_coordinate_descent.py:647: ConvergenceWarning: Objective did not converge. You might want to increase the number of iterations, check the scale of the features or consider increasing regularisation. Duality gap: 1.232e-02, tolerance: 2.005e-04
  model = cd_fast.enet_coordinate_descent(
/home/sfgary/.miniconda3/envs/superlearner/lib/python3.9/site-packages/sklearn/linear_model/_coordinate_descent.py:647: ConvergenceWarning: Objective did not converge. You might want to increase the number of iterations, check the scale of the features or consider increasing regularisation. Duality gap: 4.628e-03, tolerance: 2.180e-04
  model = cd_fast.enet_coordinate_descent(
/home/sfgary/.miniconda3/envs/superlearner/lib/python3.9/site-packages/sklearn/linear_model/_coordinate_descent.py:647: ConvergenceWarning: Objective did not converge. You might want to increase the number of iterations, check the scale of the features or consider increasing regularisation. Duality gap: 1.853e-01, tolerance: 2.801e-04
  model = cd_fast.enet_coordinate_descent(
/home/sfgary/.miniconda3/envs/superlearner/lib/python3.9/site-packages/sklearn/linear_model/_coordinate_descent.py:647: ConvergenceWarning: Objective did not converge. You might want to increase the number of iterations, check the scale of the features or consider increasing regularisation. Duality gap: 7.521e-02, tolerance: 2.280e-04
  model = cd_fast.enet_coordinate_descent(
/home/sfgary/.miniconda3/envs/superlearner/lib/python3.9/site-packages/sklearn/linear_model/_coordinate_descent.py:647: ConvergenceWarning: Objective did not converge. You might want to increase the number of iterations, check the scale of the features or consider increasing regularisation. Duality gap: 8.024e-03, tolerance: 1.539e-04
  model = cd_fast.enet_coordinate_descent(
/home/sfgary/.miniconda3/envs/superlearner/lib/python3.9/site-packages/sklearn/linear_model/_coordinate_descent.py:647: ConvergenceWarning: Objective did not converge. You might want to increase the number of iterations, check the scale of the features or consider increasing regularisation. Duality gap: 1.097e-01, tolerance: 2.005e-04
  model = cd_fast.enet_coordinate_descent(
/home/sfgary/.miniconda3/envs/superlearner/lib/python3.9/site-packages/sklearn/linear_model/_coordinate_descent.py:647: ConvergenceWarning: Objective did not converge. You might want to increase the number of iterations, check the scale of the features or consider increasing regularisation. Duality gap: 1.583e-02, tolerance: 2.180e-04
  model = cd_fast.enet_coordinate_descent(
/home/sfgary/.miniconda3/envs/superlearner/lib/python3.9/site-packages/sklearn/linear_model/_coordinate_descent.py:647: ConvergenceWarning: Objective did not converge. You might want to increase the number of iterations, check the scale of the features or consider increasing regularisation. Duality gap: 3.902e-04, tolerance: 2.801e-04
  model = cd_fast.enet_coordinate_descent(
/home/sfgary/.miniconda3/envs/superlearner/lib/python3.9/site-packages/sklearn/linear_model/_coordinate_descent.py:647: ConvergenceWarning: Objective did not converge. You might want to increase the number of iterations, check the scale of the features or consider increasing regularisation. Duality gap: 1.838e-04, tolerance: 1.539e-04
  model = cd_fast.enet_coordinate_descent(
/home/sfgary/.miniconda3/envs/superlearner/lib/python3.9/site-packages/sklearn/linear_model/_coordinate_descent.py:647: ConvergenceWarning: Objective did not converge. You might want to increase the number of iterations, check the scale of the features or consider increasing regularisation. Duality gap: 2.542e-04, tolerance: 2.180e-04
  model = cd_fast.enet_coordinate_descent(
/home/sfgary/.miniconda3/envs/superlearner/lib/python3.9/site-packages/sklearn/linear_model/_coordinate_descent.py:647: ConvergenceWarning: Objective did not converge. You might want to increase the number of iterations, check the scale of the features or consider increasing regularisation. Duality gap: 1.903e-01, tolerance: 2.801e-04
  model = cd_fast.enet_coordinate_descent(
/home/sfgary/.miniconda3/envs/superlearner/lib/python3.9/site-packages/sklearn/linear_model/_coordinate_descent.py:647: ConvergenceWarning: Objective did not converge. You might want to increase the number of iterations, check the scale of the features or consider increasing regularisation. Duality gap: 7.887e-02, tolerance: 2.280e-04
  model = cd_fast.enet_coordinate_descent(
/home/sfgary/.miniconda3/envs/superlearner/lib/python3.9/site-packages/sklearn/linear_model/_coordinate_descent.py:647: ConvergenceWarning: Objective did not converge. You might want to increase the number of iterations, check the scale of the features or consider increasing regularisation. Duality gap: 7.448e-03, tolerance: 1.539e-04
  model = cd_fast.enet_coordinate_descent(
/home/sfgary/.miniconda3/envs/superlearner/lib/python3.9/site-packages/sklearn/linear_model/_coordinate_descent.py:647: ConvergenceWarning: Objective did not converge. You might want to increase the number of iterations, check the scale of the features or consider increasing regularisation. Duality gap: 1.055e-01, tolerance: 2.005e-04
  model = cd_fast.enet_coordinate_descent(
/home/sfgary/.miniconda3/envs/superlearner/lib/python3.9/site-packages/sklearn/linear_model/_coordinate_descent.py:647: ConvergenceWarning: Objective did not converge. You might want to increase the number of iterations, check the scale of the features or consider increasing regularisation. Duality gap: 1.536e-02, tolerance: 2.180e-04
  model = cd_fast.enet_coordinate_descent(
/home/sfgary/.miniconda3/envs/superlearner/lib/python3.9/site-packages/sklearn/linear_model/_coordinate_descent.py:647: ConvergenceWarning: Objective did not converge. You might want to increase the number of iterations, check the scale of the features or consider increasing regularisation. Duality gap: 4.835e-03, tolerance: 2.801e-04
  model = cd_fast.enet_coordinate_descent(
/home/sfgary/.miniconda3/envs/superlearner/lib/python3.9/site-packages/sklearn/linear_model/_coordinate_descent.py:647: ConvergenceWarning: Objective did not converge. You might want to increase the number of iterations, check the scale of the features or consider increasing regularisation. Duality gap: 7.764e-03, tolerance: 2.280e-04
  model = cd_fast.enet_coordinate_descent(
/home/sfgary/.miniconda3/envs/superlearner/lib/python3.9/site-packages/sklearn/linear_model/_coordinate_descent.py:647: ConvergenceWarning: Objective did not converge. You might want to increase the number of iterations, check the scale of the features or consider increasing regularisation. Duality gap: 2.006e-02, tolerance: 1.539e-04
  model = cd_fast.enet_coordinate_descent(
/home/sfgary/.miniconda3/envs/superlearner/lib/python3.9/site-packages/sklearn/linear_model/_coordinate_descent.py:647: ConvergenceWarning: Objective did not converge. You might want to increase the number of iterations, check the scale of the features or consider increasing regularisation. Duality gap: 1.403e-02, tolerance: 2.005e-04
  model = cd_fast.enet_coordinate_descent(
/home/sfgary/.miniconda3/envs/superlearner/lib/python3.9/site-packages/sklearn/linear_model/_coordinate_descent.py:647: ConvergenceWarning: Objective did not converge. You might want to increase the number of iterations, check the scale of the features or consider increasing regularisation. Duality gap: 3.389e-03, tolerance: 2.180e-04
  model = cd_fast.enet_coordinate_descent(
/home/sfgary/.miniconda3/envs/superlearner/lib/python3.9/site-packages/sklearn/linear_model/_coordinate_descent.py:647: ConvergenceWarning: Objective did not converge. You might want to increase the number of iterations, check the scale of the features or consider increasing regularisation. Duality gap: 1.053e-01, tolerance: 2.801e-04
  model = cd_fast.enet_coordinate_descent(
/home/sfgary/.miniconda3/envs/superlearner/lib/python3.9/site-packages/sklearn/linear_model/_coordinate_descent.py:647: ConvergenceWarning: Objective did not converge. You might want to increase the number of iterations, check the scale of the features or consider increasing regularisation. Duality gap: 6.694e-02, tolerance: 2.280e-04
  model = cd_fast.enet_coordinate_descent(
/home/sfgary/.miniconda3/envs/superlearner/lib/python3.9/site-packages/sklearn/linear_model/_coordinate_descent.py:647: ConvergenceWarning: Objective did not converge. You might want to increase the number of iterations, check the scale of the features or consider increasing regularisation. Duality gap: 1.068e-02, tolerance: 1.539e-04
  model = cd_fast.enet_coordinate_descent(
/home/sfgary/.miniconda3/envs/superlearner/lib/python3.9/site-packages/sklearn/linear_model/_coordinate_descent.py:647: ConvergenceWarning: Objective did not converge. You might want to increase the number of iterations, check the scale of the features or consider increasing regularisation. Duality gap: 3.428e-02, tolerance: 2.005e-04
  model = cd_fast.enet_coordinate_descent(
/home/sfgary/.miniconda3/envs/superlearner/lib/python3.9/site-packages/sklearn/linear_model/_coordinate_descent.py:647: ConvergenceWarning: Objective did not converge. You might want to increase the number of iterations, check the scale of the features or consider increasing regularisation. Duality gap: 2.000e-02, tolerance: 2.180e-04
  model = cd_fast.enet_coordinate_descent(
/home/sfgary/.miniconda3/envs/superlearner/lib/python3.9/site-packages/sklearn/linear_model/_coordinate_descent.py:647: ConvergenceWarning: Objective did not converge. You might want to increase the number of iterations, check the scale of the features or consider increasing regularisation. Duality gap: 2.134e-01, tolerance: 2.801e-04
  model = cd_fast.enet_coordinate_descent(
/home/sfgary/.miniconda3/envs/superlearner/lib/python3.9/site-packages/sklearn/linear_model/_coordinate_descent.py:647: ConvergenceWarning: Objective did not converge. You might want to increase the number of iterations, check the scale of the features or consider increasing regularisation. Duality gap: 1.102e-01, tolerance: 2.280e-04
  model = cd_fast.enet_coordinate_descent(
/home/sfgary/.miniconda3/envs/superlearner/lib/python3.9/site-packages/sklearn/linear_model/_coordinate_descent.py:647: ConvergenceWarning: Objective did not converge. You might want to increase the number of iterations, check the scale of the features or consider increasing regularisation. Duality gap: 8.621e-03, tolerance: 1.539e-04
  model = cd_fast.enet_coordinate_descent(
/home/sfgary/.miniconda3/envs/superlearner/lib/python3.9/site-packages/sklearn/linear_model/_coordinate_descent.py:647: ConvergenceWarning: Objective did not converge. You might want to increase the number of iterations, check the scale of the features or consider increasing regularisation. Duality gap: 1.183e-01, tolerance: 2.005e-04
  model = cd_fast.enet_coordinate_descent(
/home/sfgary/.miniconda3/envs/superlearner/lib/python3.9/site-packages/sklearn/linear_model/_coordinate_descent.py:647: ConvergenceWarning: Objective did not converge. You might want to increase the number of iterations, check the scale of the features or consider increasing regularisation. Duality gap: 1.668e-02, tolerance: 2.180e-04
  model = cd_fast.enet_coordinate_descent(
/home/sfgary/.miniconda3/envs/superlearner/lib/python3.9/site-packages/sklearn/linear_model/_coordinate_descent.py:647: ConvergenceWarning: Objective did not converge. You might want to increase the number of iterations, check the scale of the features or consider increasing regularisation. Duality gap: 2.135e-01, tolerance: 2.801e-04
  model = cd_fast.enet_coordinate_descent(
/home/sfgary/.miniconda3/envs/superlearner/lib/python3.9/site-packages/sklearn/linear_model/_coordinate_descent.py:647: ConvergenceWarning: Objective did not converge. You might want to increase the number of iterations, check the scale of the features or consider increasing regularisation. Duality gap: 1.212e-01, tolerance: 2.280e-04
  model = cd_fast.enet_coordinate_descent(
/home/sfgary/.miniconda3/envs/superlearner/lib/python3.9/site-packages/sklearn/linear_model/_coordinate_descent.py:647: ConvergenceWarning: Objective did not converge. You might want to increase the number of iterations, check the scale of the features or consider increasing regularisation. Duality gap: 8.604e-03, tolerance: 1.539e-04
  model = cd_fast.enet_coordinate_descent(
/home/sfgary/.miniconda3/envs/superlearner/lib/python3.9/site-packages/sklearn/linear_model/_coordinate_descent.py:647: ConvergenceWarning: Objective did not converge. You might want to increase the number of iterations, check the scale of the features or consider increasing regularisation. Duality gap: 1.184e-01, tolerance: 2.005e-04
  model = cd_fast.enet_coordinate_descent(
/home/sfgary/.miniconda3/envs/superlearner/lib/python3.9/site-packages/sklearn/linear_model/_coordinate_descent.py:647: ConvergenceWarning: Objective did not converge. You might want to increase the number of iterations, check the scale of the features or consider increasing regularisation. Duality gap: 1.677e-02, tolerance: 2.180e-04
  model = cd_fast.enet_coordinate_descent(
/home/sfgary/.miniconda3/envs/superlearner/lib/python3.9/site-packages/sklearn/linear_model/_coordinate_descent.py:647: ConvergenceWarning: Objective did not converge. You might want to increase the number of iterations, check the scale of the features or consider increasing regularisation. Duality gap: 2.123e-03, tolerance: 2.801e-04
  model = cd_fast.enet_coordinate_descent(
/home/sfgary/.miniconda3/envs/superlearner/lib/python3.9/site-packages/sklearn/linear_model/_coordinate_descent.py:647: ConvergenceWarning: Objective did not converge. You might want to increase the number of iterations, check the scale of the features or consider increasing regularisation. Duality gap: 1.651e-02, tolerance: 2.280e-04
  model = cd_fast.enet_coordinate_descent(
/home/sfgary/.miniconda3/envs/superlearner/lib/python3.9/site-packages/sklearn/linear_model/_coordinate_descent.py:647: ConvergenceWarning: Objective did not converge. You might want to increase the number of iterations, check the scale of the features or consider increasing regularisation. Duality gap: 7.080e-03, tolerance: 1.539e-04
  model = cd_fast.enet_coordinate_descent(
/home/sfgary/.miniconda3/envs/superlearner/lib/python3.9/site-packages/sklearn/linear_model/_coordinate_descent.py:647: ConvergenceWarning: Objective did not converge. You might want to increase the number of iterations, check the scale of the features or consider increasing regularisation. Duality gap: 2.835e-03, tolerance: 2.005e-04
  model = cd_fast.enet_coordinate_descent(
/home/sfgary/.miniconda3/envs/superlearner/lib/python3.9/site-packages/sklearn/linear_model/_coordinate_descent.py:647: ConvergenceWarning: Objective did not converge. You might want to increase the number of iterations, check the scale of the features or consider increasing regularisation. Duality gap: 3.347e-03, tolerance: 2.180e-04
  model = cd_fast.enet_coordinate_descent(
/home/sfgary/.miniconda3/envs/superlearner/lib/python3.9/site-packages/sklearn/linear_model/_coordinate_descent.py:647: ConvergenceWarning: Objective did not converge. You might want to increase the number of iterations, check the scale of the features or consider increasing regularisation. Duality gap: 2.170e-01, tolerance: 2.801e-04
  model = cd_fast.enet_coordinate_descent(
/home/sfgary/.miniconda3/envs/superlearner/lib/python3.9/site-packages/sklearn/linear_model/_coordinate_descent.py:647: ConvergenceWarning: Objective did not converge. You might want to increase the number of iterations, check the scale of the features or consider increasing regularisation. Duality gap: 1.228e-01, tolerance: 2.280e-04
  model = cd_fast.enet_coordinate_descent(
/home/sfgary/.miniconda3/envs/superlearner/lib/python3.9/site-packages/sklearn/linear_model/_coordinate_descent.py:647: ConvergenceWarning: Objective did not converge. You might want to increase the number of iterations, check the scale of the features or consider increasing regularisation. Duality gap: 9.996e-03, tolerance: 1.539e-04
  model = cd_fast.enet_coordinate_descent(
/home/sfgary/.miniconda3/envs/superlearner/lib/python3.9/site-packages/sklearn/linear_model/_coordinate_descent.py:647: ConvergenceWarning: Objective did not converge. You might want to increase the number of iterations, check the scale of the features or consider increasing regularisation. Duality gap: 1.206e-01, tolerance: 2.005e-04
  model = cd_fast.enet_coordinate_descent(
/home/sfgary/.miniconda3/envs/superlearner/lib/python3.9/site-packages/sklearn/linear_model/_coordinate_descent.py:647: ConvergenceWarning: Objective did not converge. You might want to increase the number of iterations, check the scale of the features or consider increasing regularisation. Duality gap: 1.855e-02, tolerance: 2.180e-04
  model = cd_fast.enet_coordinate_descent(
/home/sfgary/.miniconda3/envs/superlearner/lib/python3.9/site-packages/sklearn/linear_model/_coordinate_descent.py:647: ConvergenceWarning: Objective did not converge. You might want to increase the number of iterations, check the scale of the features or consider increasing regularisation. Duality gap: 2.571e-01, tolerance: 2.801e-04
  model = cd_fast.enet_coordinate_descent(
/home/sfgary/.miniconda3/envs/superlearner/lib/python3.9/site-packages/sklearn/linear_model/_coordinate_descent.py:647: ConvergenceWarning: Objective did not converge. You might want to increase the number of iterations, check the scale of the features or consider increasing regularisation. Duality gap: 8.872e-02, tolerance: 2.280e-04
  model = cd_fast.enet_coordinate_descent(
/home/sfgary/.miniconda3/envs/superlearner/lib/python3.9/site-packages/sklearn/linear_model/_coordinate_descent.py:647: ConvergenceWarning: Objective did not converge. You might want to increase the number of iterations, check the scale of the features or consider increasing regularisation. Duality gap: 4.303e-02, tolerance: 1.539e-04
  model = cd_fast.enet_coordinate_descent(
/home/sfgary/.miniconda3/envs/superlearner/lib/python3.9/site-packages/sklearn/linear_model/_coordinate_descent.py:647: ConvergenceWarning: Objective did not converge. You might want to increase the number of iterations, check the scale of the features or consider increasing regularisation. Duality gap: 1.130e-01, tolerance: 2.005e-04
  model = cd_fast.enet_coordinate_descent(
/home/sfgary/.miniconda3/envs/superlearner/lib/python3.9/site-packages/sklearn/linear_model/_coordinate_descent.py:647: ConvergenceWarning: Objective did not converge. You might want to increase the number of iterations, check the scale of the features or consider increasing regularisation. Duality gap: 3.567e-02, tolerance: 2.180e-04
  model = cd_fast.enet_coordinate_descent(
/home/sfgary/.miniconda3/envs/superlearner/lib/python3.9/site-packages/sklearn/linear_model/_coordinate_descent.py:647: ConvergenceWarning: Objective did not converge. You might want to increase the number of iterations, check the scale of the features or consider increasing regularisation. Duality gap: 2.095e-01, tolerance: 2.801e-04
  model = cd_fast.enet_coordinate_descent(
/home/sfgary/.miniconda3/envs/superlearner/lib/python3.9/site-packages/sklearn/linear_model/_coordinate_descent.py:647: ConvergenceWarning: Objective did not converge. You might want to increase the number of iterations, check the scale of the features or consider increasing regularisation. Duality gap: 9.847e-02, tolerance: 2.280e-04
  model = cd_fast.enet_coordinate_descent(
/home/sfgary/.miniconda3/envs/superlearner/lib/python3.9/site-packages/sklearn/linear_model/_coordinate_descent.py:647: ConvergenceWarning: Objective did not converge. You might want to increase the number of iterations, check the scale of the features or consider increasing regularisation. Duality gap: 1.937e-02, tolerance: 1.539e-04
  model = cd_fast.enet_coordinate_descent(
/home/sfgary/.miniconda3/envs/superlearner/lib/python3.9/site-packages/sklearn/linear_model/_coordinate_descent.py:647: ConvergenceWarning: Objective did not converge. You might want to increase the number of iterations, check the scale of the features or consider increasing regularisation. Duality gap: 9.905e-02, tolerance: 2.005e-04
  model = cd_fast.enet_coordinate_descent(
/home/sfgary/.miniconda3/envs/superlearner/lib/python3.9/site-packages/sklearn/linear_model/_coordinate_descent.py:647: ConvergenceWarning: Objective did not converge. You might want to increase the number of iterations, check the scale of the features or consider increasing regularisation. Duality gap: 2.762e-02, tolerance: 2.180e-04
  model = cd_fast.enet_coordinate_descent(
/home/sfgary/.miniconda3/envs/superlearner/lib/python3.9/site-packages/sklearn/linear_model/_coordinate_descent.py:647: ConvergenceWarning: Objective did not converge. You might want to increase the number of iterations, check the scale of the features or consider increasing regularisation. Duality gap: 1.568e-01, tolerance: 2.801e-04
  model = cd_fast.enet_coordinate_descent(
/home/sfgary/.miniconda3/envs/superlearner/lib/python3.9/site-packages/sklearn/linear_model/_coordinate_descent.py:647: ConvergenceWarning: Objective did not converge. You might want to increase the number of iterations, check the scale of the features or consider increasing regularisation. Duality gap: 1.019e-01, tolerance: 2.280e-04
  model = cd_fast.enet_coordinate_descent(
/home/sfgary/.miniconda3/envs/superlearner/lib/python3.9/site-packages/sklearn/linear_model/_coordinate_descent.py:647: ConvergenceWarning: Objective did not converge. You might want to increase the number of iterations, check the scale of the features or consider increasing regularisation. Duality gap: 8.703e-03, tolerance: 1.539e-04
  model = cd_fast.enet_coordinate_descent(
/home/sfgary/.miniconda3/envs/superlearner/lib/python3.9/site-packages/sklearn/linear_model/_coordinate_descent.py:647: ConvergenceWarning: Objective did not converge. You might want to increase the number of iterations, check the scale of the features or consider increasing regularisation. Duality gap: 9.013e-02, tolerance: 2.005e-04
  model = cd_fast.enet_coordinate_descent(
/home/sfgary/.miniconda3/envs/superlearner/lib/python3.9/site-packages/sklearn/linear_model/_coordinate_descent.py:647: ConvergenceWarning: Objective did not converge. You might want to increase the number of iterations, check the scale of the features or consider increasing regularisation. Duality gap: 1.706e-02, tolerance: 2.180e-04
  model = cd_fast.enet_coordinate_descent(
/home/sfgary/.miniconda3/envs/superlearner/lib/python3.9/site-packages/sklearn/linear_model/_huber.py:332: ConvergenceWarning: lbfgs failed to converge (status=1):
STOP: TOTAL NO. of ITERATIONS REACHED LIMIT.

Increase the number of iterations (max_iter) or scale the data as shown in:
    https://scikit-learn.org/stable/modules/preprocessing.html
  self.n_iter_ = _check_optimize_result("lbfgs", opt_res, self.max_iter)
/home/sfgary/.miniconda3/envs/superlearner/lib/python3.9/site-packages/sklearn/linear_model/_huber.py:332: ConvergenceWarning: lbfgs failed to converge (status=1):
STOP: TOTAL NO. of ITERATIONS REACHED LIMIT.

Increase the number of iterations (max_iter) or scale the data as shown in:
    https://scikit-learn.org/stable/modules/preprocessing.html
  self.n_iter_ = _check_optimize_result("lbfgs", opt_res, self.max_iter)
/home/sfgary/.miniconda3/envs/superlearner/lib/python3.9/site-packages/sklearn/linear_model/_huber.py:332: ConvergenceWarning: lbfgs failed to converge (status=1):
STOP: TOTAL NO. of ITERATIONS REACHED LIMIT.

Increase the number of iterations (max_iter) or scale the data as shown in:
    https://scikit-learn.org/stable/modules/preprocessing.html
  self.n_iter_ = _check_optimize_result("lbfgs", opt_res, self.max_iter)
/home/sfgary/.miniconda3/envs/superlearner/lib/python3.9/site-packages/sklearn/linear_model/_huber.py:332: ConvergenceWarning: lbfgs failed to converge (status=1):
STOP: TOTAL NO. of ITERATIONS REACHED LIMIT.

Increase the number of iterations (max_iter) or scale the data as shown in:
    https://scikit-learn.org/stable/modules/preprocessing.html
  self.n_iter_ = _check_optimize_result("lbfgs", opt_res, self.max_iter)
/home/sfgary/.miniconda3/envs/superlearner/lib/python3.9/site-packages/sklearn/linear_model/_huber.py:332: ConvergenceWarning: lbfgs failed to converge (status=1):
STOP: TOTAL NO. of ITERATIONS REACHED LIMIT.

Increase the number of iterations (max_iter) or scale the data as shown in:
    https://scikit-learn.org/stable/modules/preprocessing.html
  self.n_iter_ = _check_optimize_result("lbfgs", opt_res, self.max_iter)
/home/sfgary/.miniconda3/envs/superlearner/lib/python3.9/site-packages/sklearn/linear_model/_huber.py:332: ConvergenceWarning: lbfgs failed to converge (status=1):
STOP: TOTAL NO. of ITERATIONS REACHED LIMIT.

Increase the number of iterations (max_iter) or scale the data as shown in:
    https://scikit-learn.org/stable/modules/preprocessing.html
  self.n_iter_ = _check_optimize_result("lbfgs", opt_res, self.max_iter)
/home/sfgary/.miniconda3/envs/superlearner/lib/python3.9/site-packages/sklearn/linear_model/_huber.py:332: ConvergenceWarning: lbfgs failed to converge (status=1):
STOP: TOTAL NO. of ITERATIONS REACHED LIMIT.

Increase the number of iterations (max_iter) or scale the data as shown in:
    https://scikit-learn.org/stable/modules/preprocessing.html
  self.n_iter_ = _check_optimize_result("lbfgs", opt_res, self.max_iter)
/home/sfgary/.miniconda3/envs/superlearner/lib/python3.9/site-packages/sklearn/linear_model/_huber.py:332: ConvergenceWarning: lbfgs failed to converge (status=1):
STOP: TOTAL NO. of ITERATIONS REACHED LIMIT.

Increase the number of iterations (max_iter) or scale the data as shown in:
    https://scikit-learn.org/stable/modules/preprocessing.html
  self.n_iter_ = _check_optimize_result("lbfgs", opt_res, self.max_iter)
/home/sfgary/.miniconda3/envs/superlearner/lib/python3.9/site-packages/sklearn/linear_model/_huber.py:332: ConvergenceWarning: lbfgs failed to converge (status=1):
STOP: TOTAL NO. of ITERATIONS REACHED LIMIT.

Increase the number of iterations (max_iter) or scale the data as shown in:
    https://scikit-learn.org/stable/modules/preprocessing.html
  self.n_iter_ = _check_optimize_result("lbfgs", opt_res, self.max_iter)
/home/sfgary/.miniconda3/envs/superlearner/lib/python3.9/site-packages/sklearn/linear_model/_huber.py:332: ConvergenceWarning: lbfgs failed to converge (status=1):
STOP: TOTAL NO. of ITERATIONS REACHED LIMIT.

Increase the number of iterations (max_iter) or scale the data as shown in:
    https://scikit-learn.org/stable/modules/preprocessing.html
  self.n_iter_ = _check_optimize_result("lbfgs", opt_res, self.max_iter)
/home/sfgary/.miniconda3/envs/superlearner/lib/python3.9/site-packages/sklearn/linear_model/_huber.py:332: ConvergenceWarning: lbfgs failed to converge (status=1):
STOP: TOTAL NO. of ITERATIONS REACHED LIMIT.

Increase the number of iterations (max_iter) or scale the data as shown in:
    https://scikit-learn.org/stable/modules/preprocessing.html
  self.n_iter_ = _check_optimize_result("lbfgs", opt_res, self.max_iter)
/home/sfgary/.miniconda3/envs/superlearner/lib/python3.9/site-packages/sklearn/linear_model/_huber.py:332: ConvergenceWarning: lbfgs failed to converge (status=1):
STOP: TOTAL NO. of ITERATIONS REACHED LIMIT.

Increase the number of iterations (max_iter) or scale the data as shown in:
    https://scikit-learn.org/stable/modules/preprocessing.html
  self.n_iter_ = _check_optimize_result("lbfgs", opt_res, self.max_iter)
/home/sfgary/.miniconda3/envs/superlearner/lib/python3.9/site-packages/sklearn/linear_model/_huber.py:332: ConvergenceWarning: lbfgs failed to converge (status=1):
STOP: TOTAL NO. of ITERATIONS REACHED LIMIT.

Increase the number of iterations (max_iter) or scale the data as shown in:
    https://scikit-learn.org/stable/modules/preprocessing.html
  self.n_iter_ = _check_optimize_result("lbfgs", opt_res, self.max_iter)
/home/sfgary/.miniconda3/envs/superlearner/lib/python3.9/site-packages/sklearn/linear_model/_huber.py:332: ConvergenceWarning: lbfgs failed to converge (status=1):
STOP: TOTAL NO. of ITERATIONS REACHED LIMIT.

Increase the number of iterations (max_iter) or scale the data as shown in:
    https://scikit-learn.org/stable/modules/preprocessing.html
  self.n_iter_ = _check_optimize_result("lbfgs", opt_res, self.max_iter)
/home/sfgary/.miniconda3/envs/superlearner/lib/python3.9/site-packages/sklearn/linear_model/_huber.py:332: ConvergenceWarning: lbfgs failed to converge (status=1):
STOP: TOTAL NO. of ITERATIONS REACHED LIMIT.

Increase the number of iterations (max_iter) or scale the data as shown in:
    https://scikit-learn.org/stable/modules/preprocessing.html
  self.n_iter_ = _check_optimize_result("lbfgs", opt_res, self.max_iter)
/home/sfgary/.miniconda3/envs/superlearner/lib/python3.9/site-packages/sklearn/linear_model/_huber.py:332: ConvergenceWarning: lbfgs failed to converge (status=1):
STOP: TOTAL NO. of ITERATIONS REACHED LIMIT.

Increase the number of iterations (max_iter) or scale the data as shown in:
    https://scikit-learn.org/stable/modules/preprocessing.html
  self.n_iter_ = _check_optimize_result("lbfgs", opt_res, self.max_iter)
/home/sfgary/.miniconda3/envs/superlearner/lib/python3.9/site-packages/sklearn/linear_model/_huber.py:332: ConvergenceWarning: lbfgs failed to converge (status=1):
STOP: TOTAL NO. of ITERATIONS REACHED LIMIT.

Increase the number of iterations (max_iter) or scale the data as shown in:
    https://scikit-learn.org/stable/modules/preprocessing.html
  self.n_iter_ = _check_optimize_result("lbfgs", opt_res, self.max_iter)
/home/sfgary/.miniconda3/envs/superlearner/lib/python3.9/site-packages/sklearn/linear_model/_huber.py:332: ConvergenceWarning: lbfgs failed to converge (status=1):
STOP: TOTAL NO. of ITERATIONS REACHED LIMIT.

Increase the number of iterations (max_iter) or scale the data as shown in:
    https://scikit-learn.org/stable/modules/preprocessing.html
  self.n_iter_ = _check_optimize_result("lbfgs", opt_res, self.max_iter)
/home/sfgary/.miniconda3/envs/superlearner/lib/python3.9/site-packages/sklearn/linear_model/_huber.py:332: ConvergenceWarning: lbfgs failed to converge (status=1):
STOP: TOTAL NO. of ITERATIONS REACHED LIMIT.

Increase the number of iterations (max_iter) or scale the data as shown in:
    https://scikit-learn.org/stable/modules/preprocessing.html
  self.n_iter_ = _check_optimize_result("lbfgs", opt_res, self.max_iter)
/home/sfgary/.miniconda3/envs/superlearner/lib/python3.9/site-packages/sklearn/linear_model/_huber.py:332: ConvergenceWarning: lbfgs failed to converge (status=1):
STOP: TOTAL NO. of ITERATIONS REACHED LIMIT.

Increase the number of iterations (max_iter) or scale the data as shown in:
    https://scikit-learn.org/stable/modules/preprocessing.html
  self.n_iter_ = _check_optimize_result("lbfgs", opt_res, self.max_iter)
/home/sfgary/.miniconda3/envs/superlearner/lib/python3.9/site-packages/sklearn/linear_model/_huber.py:332: ConvergenceWarning: lbfgs failed to converge (status=1):
STOP: TOTAL NO. of ITERATIONS REACHED LIMIT.

Increase the number of iterations (max_iter) or scale the data as shown in:
    https://scikit-learn.org/stable/modules/preprocessing.html
  self.n_iter_ = _check_optimize_result("lbfgs", opt_res, self.max_iter)
/home/sfgary/.miniconda3/envs/superlearner/lib/python3.9/site-packages/sklearn/linear_model/_huber.py:332: ConvergenceWarning: lbfgs failed to converge (status=1):
STOP: TOTAL NO. of ITERATIONS REACHED LIMIT.

Increase the number of iterations (max_iter) or scale the data as shown in:
    https://scikit-learn.org/stable/modules/preprocessing.html
  self.n_iter_ = _check_optimize_result("lbfgs", opt_res, self.max_iter)
/home/sfgary/.miniconda3/envs/superlearner/lib/python3.9/site-packages/sklearn/linear_model/_huber.py:332: ConvergenceWarning: lbfgs failed to converge (status=1):
STOP: TOTAL NO. of ITERATIONS REACHED LIMIT.

Increase the number of iterations (max_iter) or scale the data as shown in:
    https://scikit-learn.org/stable/modules/preprocessing.html
  self.n_iter_ = _check_optimize_result("lbfgs", opt_res, self.max_iter)
/home/sfgary/.miniconda3/envs/superlearner/lib/python3.9/site-packages/sklearn/linear_model/_huber.py:332: ConvergenceWarning: lbfgs failed to converge (status=1):
STOP: TOTAL NO. of ITERATIONS REACHED LIMIT.

Increase the number of iterations (max_iter) or scale the data as shown in:
    https://scikit-learn.org/stable/modules/preprocessing.html
  self.n_iter_ = _check_optimize_result("lbfgs", opt_res, self.max_iter)
/home/sfgary/.miniconda3/envs/superlearner/lib/python3.9/site-packages/sklearn/linear_model/_huber.py:332: ConvergenceWarning: lbfgs failed to converge (status=1):
STOP: TOTAL NO. of ITERATIONS REACHED LIMIT.

Increase the number of iterations (max_iter) or scale the data as shown in:
    https://scikit-learn.org/stable/modules/preprocessing.html
  self.n_iter_ = _check_optimize_result("lbfgs", opt_res, self.max_iter)
/home/sfgary/.miniconda3/envs/superlearner/lib/python3.9/site-packages/sklearn/linear_model/_huber.py:332: ConvergenceWarning: lbfgs failed to converge (status=1):
STOP: TOTAL NO. of ITERATIONS REACHED LIMIT.

Increase the number of iterations (max_iter) or scale the data as shown in:
    https://scikit-learn.org/stable/modules/preprocessing.html
  self.n_iter_ = _check_optimize_result("lbfgs", opt_res, self.max_iter)
/home/sfgary/.miniconda3/envs/superlearner/lib/python3.9/site-packages/sklearn/linear_model/_huber.py:332: ConvergenceWarning: lbfgs failed to converge (status=1):
STOP: TOTAL NO. of ITERATIONS REACHED LIMIT.

Increase the number of iterations (max_iter) or scale the data as shown in:
    https://scikit-learn.org/stable/modules/preprocessing.html
  self.n_iter_ = _check_optimize_result("lbfgs", opt_res, self.max_iter)
/home/sfgary/.miniconda3/envs/superlearner/lib/python3.9/site-packages/sklearn/linear_model/_huber.py:332: ConvergenceWarning: lbfgs failed to converge (status=1):
STOP: TOTAL NO. of ITERATIONS REACHED LIMIT.

Increase the number of iterations (max_iter) or scale the data as shown in:
    https://scikit-learn.org/stable/modules/preprocessing.html
  self.n_iter_ = _check_optimize_result("lbfgs", opt_res, self.max_iter)
/home/sfgary/.miniconda3/envs/superlearner/lib/python3.9/site-packages/sklearn/linear_model/_huber.py:332: ConvergenceWarning: lbfgs failed to converge (status=1):
STOP: TOTAL NO. of ITERATIONS REACHED LIMIT.

Increase the number of iterations (max_iter) or scale the data as shown in:
    https://scikit-learn.org/stable/modules/preprocessing.html
  self.n_iter_ = _check_optimize_result("lbfgs", opt_res, self.max_iter)
/home/sfgary/.miniconda3/envs/superlearner/lib/python3.9/site-packages/sklearn/linear_model/_huber.py:332: ConvergenceWarning: lbfgs failed to converge (status=1):
STOP: TOTAL NO. of ITERATIONS REACHED LIMIT.

Increase the number of iterations (max_iter) or scale the data as shown in:
    https://scikit-learn.org/stable/modules/preprocessing.html
  self.n_iter_ = _check_optimize_result("lbfgs", opt_res, self.max_iter)
/home/sfgary/.miniconda3/envs/superlearner/lib/python3.9/site-packages/sklearn/linear_model/_huber.py:332: ConvergenceWarning: lbfgs failed to converge (status=1):
STOP: TOTAL NO. of ITERATIONS REACHED LIMIT.

Increase the number of iterations (max_iter) or scale the data as shown in:
    https://scikit-learn.org/stable/modules/preprocessing.html
  self.n_iter_ = _check_optimize_result("lbfgs", opt_res, self.max_iter)
/home/sfgary/.miniconda3/envs/superlearner/lib/python3.9/site-packages/sklearn/linear_model/_huber.py:332: ConvergenceWarning: lbfgs failed to converge (status=1):
STOP: TOTAL NO. of ITERATIONS REACHED LIMIT.

Increase the number of iterations (max_iter) or scale the data as shown in:
    https://scikit-learn.org/stable/modules/preprocessing.html
  self.n_iter_ = _check_optimize_result("lbfgs", opt_res, self.max_iter)
/home/sfgary/.miniconda3/envs/superlearner/lib/python3.9/site-packages/sklearn/linear_model/_huber.py:332: ConvergenceWarning: lbfgs failed to converge (status=1):
STOP: TOTAL NO. of ITERATIONS REACHED LIMIT.

Increase the number of iterations (max_iter) or scale the data as shown in:
    https://scikit-learn.org/stable/modules/preprocessing.html
  self.n_iter_ = _check_optimize_result("lbfgs", opt_res, self.max_iter)
/home/sfgary/.miniconda3/envs/superlearner/lib/python3.9/site-packages/sklearn/linear_model/_huber.py:332: ConvergenceWarning: lbfgs failed to converge (status=1):
STOP: TOTAL NO. of ITERATIONS REACHED LIMIT.

Increase the number of iterations (max_iter) or scale the data as shown in:
    https://scikit-learn.org/stable/modules/preprocessing.html
  self.n_iter_ = _check_optimize_result("lbfgs", opt_res, self.max_iter)
/home/sfgary/.miniconda3/envs/superlearner/lib/python3.9/site-packages/sklearn/linear_model/_huber.py:332: ConvergenceWarning: lbfgs failed to converge (status=1):
STOP: TOTAL NO. of ITERATIONS REACHED LIMIT.

Increase the number of iterations (max_iter) or scale the data as shown in:
    https://scikit-learn.org/stable/modules/preprocessing.html
  self.n_iter_ = _check_optimize_result("lbfgs", opt_res, self.max_iter)
/home/sfgary/.miniconda3/envs/superlearner/lib/python3.9/site-packages/sklearn/linear_model/_huber.py:332: ConvergenceWarning: lbfgs failed to converge (status=1):
STOP: TOTAL NO. of ITERATIONS REACHED LIMIT.

Increase the number of iterations (max_iter) or scale the data as shown in:
    https://scikit-learn.org/stable/modules/preprocessing.html
  self.n_iter_ = _check_optimize_result("lbfgs", opt_res, self.max_iter)
/home/sfgary/.miniconda3/envs/superlearner/lib/python3.9/site-packages/sklearn/linear_model/_huber.py:332: ConvergenceWarning: lbfgs failed to converge (status=1):
STOP: TOTAL NO. of ITERATIONS REACHED LIMIT.

Increase the number of iterations (max_iter) or scale the data as shown in:
    https://scikit-learn.org/stable/modules/preprocessing.html
  self.n_iter_ = _check_optimize_result("lbfgs", opt_res, self.max_iter)
/home/sfgary/.miniconda3/envs/superlearner/lib/python3.9/site-packages/sklearn/linear_model/_huber.py:332: ConvergenceWarning: lbfgs failed to converge (status=1):
STOP: TOTAL NO. of ITERATIONS REACHED LIMIT.

Increase the number of iterations (max_iter) or scale the data as shown in:
    https://scikit-learn.org/stable/modules/preprocessing.html
  self.n_iter_ = _check_optimize_result("lbfgs", opt_res, self.max_iter)
/home/sfgary/.miniconda3/envs/superlearner/lib/python3.9/site-packages/sklearn/linear_model/_huber.py:332: ConvergenceWarning: lbfgs failed to converge (status=1):
STOP: TOTAL NO. of ITERATIONS REACHED LIMIT.

Increase the number of iterations (max_iter) or scale the data as shown in:
    https://scikit-learn.org/stable/modules/preprocessing.html
  self.n_iter_ = _check_optimize_result("lbfgs", opt_res, self.max_iter)
/home/sfgary/.miniconda3/envs/superlearner/lib/python3.9/site-packages/sklearn/linear_model/_huber.py:332: ConvergenceWarning: lbfgs failed to converge (status=1):
STOP: TOTAL NO. of ITERATIONS REACHED LIMIT.

Increase the number of iterations (max_iter) or scale the data as shown in:
    https://scikit-learn.org/stable/modules/preprocessing.html
  self.n_iter_ = _check_optimize_result("lbfgs", opt_res, self.max_iter)
/home/sfgary/.miniconda3/envs/superlearner/lib/python3.9/site-packages/sklearn/linear_model/_huber.py:332: ConvergenceWarning: lbfgs failed to converge (status=1):
STOP: TOTAL NO. of ITERATIONS REACHED LIMIT.

Increase the number of iterations (max_iter) or scale the data as shown in:
    https://scikit-learn.org/stable/modules/preprocessing.html
  self.n_iter_ = _check_optimize_result("lbfgs", opt_res, self.max_iter)
/home/sfgary/.miniconda3/envs/superlearner/lib/python3.9/site-packages/sklearn/linear_model/_huber.py:332: ConvergenceWarning: lbfgs failed to converge (status=1):
STOP: TOTAL NO. of ITERATIONS REACHED LIMIT.

Increase the number of iterations (max_iter) or scale the data as shown in:
    https://scikit-learn.org/stable/modules/preprocessing.html
  self.n_iter_ = _check_optimize_result("lbfgs", opt_res, self.max_iter)
/home/sfgary/.miniconda3/envs/superlearner/lib/python3.9/site-packages/sklearn/linear_model/_huber.py:332: ConvergenceWarning: lbfgs failed to converge (status=1):
STOP: TOTAL NO. of ITERATIONS REACHED LIMIT.

Increase the number of iterations (max_iter) or scale the data as shown in:
    https://scikit-learn.org/stable/modules/preprocessing.html
  self.n_iter_ = _check_optimize_result("lbfgs", opt_res, self.max_iter)
/home/sfgary/.miniconda3/envs/superlearner/lib/python3.9/site-packages/sklearn/ensemble/_forest.py:403: FutureWarning: Criterion 'mae' was deprecated in v1.0 and will be removed in version 1.2. Use `criterion='absolute_error'` which is equivalent.
  warn(
/home/sfgary/.miniconda3/envs/superlearner/lib/python3.9/site-packages/sklearn/ensemble/_forest.py:403: FutureWarning: Criterion 'mae' was deprecated in v1.0 and will be removed in version 1.2. Use `criterion='absolute_error'` which is equivalent.
  warn(
/home/sfgary/.miniconda3/envs/superlearner/lib/python3.9/site-packages/sklearn/ensemble/_forest.py:403: FutureWarning: Criterion 'mae' was deprecated in v1.0 and will be removed in version 1.2. Use `criterion='absolute_error'` which is equivalent.
  warn(
/home/sfgary/.miniconda3/envs/superlearner/lib/python3.9/site-packages/sklearn/ensemble/_forest.py:403: FutureWarning: Criterion 'mae' was deprecated in v1.0 and will be removed in version 1.2. Use `criterion='absolute_error'` which is equivalent.
  warn(
/home/sfgary/.miniconda3/envs/superlearner/lib/python3.9/site-packages/sklearn/ensemble/_forest.py:403: FutureWarning: Criterion 'mae' was deprecated in v1.0 and will be removed in version 1.2. Use `criterion='absolute_error'` which is equivalent.
  warn(
/home/sfgary/.miniconda3/envs/superlearner/lib/python3.9/site-packages/sklearn/ensemble/_forest.py:403: FutureWarning: Criterion 'mae' was deprecated in v1.0 and will be removed in version 1.2. Use `criterion='absolute_error'` which is equivalent.
  warn(
/home/sfgary/.miniconda3/envs/superlearner/lib/python3.9/site-packages/sklearn/ensemble/_forest.py:403: FutureWarning: Criterion 'mae' was deprecated in v1.0 and will be removed in version 1.2. Use `criterion='absolute_error'` which is equivalent.
  warn(
/home/sfgary/.miniconda3/envs/superlearner/lib/python3.9/site-packages/sklearn/ensemble/_forest.py:403: FutureWarning: Criterion 'mae' was deprecated in v1.0 and will be removed in version 1.2. Use `criterion='absolute_error'` which is equivalent.
  warn(
/home/sfgary/.miniconda3/envs/superlearner/lib/python3.9/site-packages/sklearn/ensemble/_forest.py:403: FutureWarning: Criterion 'mae' was deprecated in v1.0 and will be removed in version 1.2. Use `criterion='absolute_error'` which is equivalent.
  warn(
/home/sfgary/.miniconda3/envs/superlearner/lib/python3.9/site-packages/sklearn/ensemble/_forest.py:403: FutureWarning: Criterion 'mae' was deprecated in v1.0 and will be removed in version 1.2. Use `criterion='absolute_error'` which is equivalent.
  warn(
/home/sfgary/.miniconda3/envs/superlearner/lib/python3.9/site-packages/sklearn/ensemble/_forest.py:396: FutureWarning: Criterion 'mse' was deprecated in v1.0 and will be removed in version 1.2. Use `criterion='squared_error'` which is equivalent.
  warn(
/home/sfgary/.miniconda3/envs/superlearner/lib/python3.9/site-packages/sklearn/ensemble/_forest.py:396: FutureWarning: Criterion 'mse' was deprecated in v1.0 and will be removed in version 1.2. Use `criterion='squared_error'` which is equivalent.
  warn(
/home/sfgary/.miniconda3/envs/superlearner/lib/python3.9/site-packages/sklearn/ensemble/_forest.py:396: FutureWarning: Criterion 'mse' was deprecated in v1.0 and will be removed in version 1.2. Use `criterion='squared_error'` which is equivalent.
  warn(
/home/sfgary/.miniconda3/envs/superlearner/lib/python3.9/site-packages/sklearn/ensemble/_forest.py:396: FutureWarning: Criterion 'mse' was deprecated in v1.0 and will be removed in version 1.2. Use `criterion='squared_error'` which is equivalent.
  warn(
/home/sfgary/.miniconda3/envs/superlearner/lib/python3.9/site-packages/sklearn/ensemble/_forest.py:396: FutureWarning: Criterion 'mse' was deprecated in v1.0 and will be removed in version 1.2. Use `criterion='squared_error'` which is equivalent.
  warn(
/home/sfgary/.miniconda3/envs/superlearner/lib/python3.9/site-packages/sklearn/ensemble/_forest.py:403: FutureWarning: Criterion 'mae' was deprecated in v1.0 and will be removed in version 1.2. Use `criterion='absolute_error'` which is equivalent.
  warn(
/home/sfgary/.miniconda3/envs/superlearner/lib/python3.9/site-packages/sklearn/ensemble/_forest.py:403: FutureWarning: Criterion 'mae' was deprecated in v1.0 and will be removed in version 1.2. Use `criterion='absolute_error'` which is equivalent.
  warn(
/home/sfgary/.miniconda3/envs/superlearner/lib/python3.9/site-packages/sklearn/ensemble/_forest.py:403: FutureWarning: Criterion 'mae' was deprecated in v1.0 and will be removed in version 1.2. Use `criterion='absolute_error'` which is equivalent.
  warn(
/home/sfgary/.miniconda3/envs/superlearner/lib/python3.9/site-packages/sklearn/ensemble/_forest.py:403: FutureWarning: Criterion 'mae' was deprecated in v1.0 and will be removed in version 1.2. Use `criterion='absolute_error'` which is equivalent.
  warn(
/home/sfgary/.miniconda3/envs/superlearner/lib/python3.9/site-packages/sklearn/ensemble/_forest.py:403: FutureWarning: Criterion 'mae' was deprecated in v1.0 and will be removed in version 1.2. Use `criterion='absolute_error'` which is equivalent.
  warn(
/home/sfgary/.miniconda3/envs/superlearner/lib/python3.9/site-packages/sklearn/ensemble/_forest.py:396: FutureWarning: Criterion 'mse' was deprecated in v1.0 and will be removed in version 1.2. Use `criterion='squared_error'` which is equivalent.
  warn(
/home/sfgary/.miniconda3/envs/superlearner/lib/python3.9/site-packages/sklearn/ensemble/_forest.py:396: FutureWarning: Criterion 'mse' was deprecated in v1.0 and will be removed in version 1.2. Use `criterion='squared_error'` which is equivalent.
  warn(
/home/sfgary/.miniconda3/envs/superlearner/lib/python3.9/site-packages/sklearn/ensemble/_forest.py:396: FutureWarning: Criterion 'mse' was deprecated in v1.0 and will be removed in version 1.2. Use `criterion='squared_error'` which is equivalent.
  warn(
/home/sfgary/.miniconda3/envs/superlearner/lib/python3.9/site-packages/sklearn/ensemble/_forest.py:396: FutureWarning: Criterion 'mse' was deprecated in v1.0 and will be removed in version 1.2. Use `criterion='squared_error'` which is equivalent.
  warn(
/home/sfgary/.miniconda3/envs/superlearner/lib/python3.9/site-packages/sklearn/ensemble/_forest.py:396: FutureWarning: Criterion 'mse' was deprecated in v1.0 and will be removed in version 1.2. Use `criterion='squared_error'` which is equivalent.
  warn(
/home/sfgary/.miniconda3/envs/superlearner/lib/python3.9/site-packages/sklearn/ensemble/_forest.py:403: FutureWarning: Criterion 'mae' was deprecated in v1.0 and will be removed in version 1.2. Use `criterion='absolute_error'` which is equivalent.
  warn(
/home/sfgary/.miniconda3/envs/superlearner/lib/python3.9/site-packages/sklearn/ensemble/_forest.py:403: FutureWarning: Criterion 'mae' was deprecated in v1.0 and will be removed in version 1.2. Use `criterion='absolute_error'` which is equivalent.
  warn(
/home/sfgary/.miniconda3/envs/superlearner/lib/python3.9/site-packages/sklearn/ensemble/_forest.py:403: FutureWarning: Criterion 'mae' was deprecated in v1.0 and will be removed in version 1.2. Use `criterion='absolute_error'` which is equivalent.
  warn(
/home/sfgary/.miniconda3/envs/superlearner/lib/python3.9/site-packages/sklearn/ensemble/_forest.py:403: FutureWarning: Criterion 'mae' was deprecated in v1.0 and will be removed in version 1.2. Use `criterion='absolute_error'` which is equivalent.
  warn(
/home/sfgary/.miniconda3/envs/superlearner/lib/python3.9/site-packages/sklearn/ensemble/_forest.py:403: FutureWarning: Criterion 'mae' was deprecated in v1.0 and will be removed in version 1.2. Use `criterion='absolute_error'` which is equivalent.
  warn(
/home/sfgary/.miniconda3/envs/superlearner/lib/python3.9/site-packages/sklearn/ensemble/_forest.py:403: FutureWarning: Criterion 'mae' was deprecated in v1.0 and will be removed in version 1.2. Use `criterion='absolute_error'` which is equivalent.
  warn(
/home/sfgary/.miniconda3/envs/superlearner/lib/python3.9/site-packages/sklearn/ensemble/_forest.py:403: FutureWarning: Criterion 'mae' was deprecated in v1.0 and will be removed in version 1.2. Use `criterion='absolute_error'` which is equivalent.
  warn(
/home/sfgary/.miniconda3/envs/superlearner/lib/python3.9/site-packages/sklearn/ensemble/_forest.py:403: FutureWarning: Criterion 'mae' was deprecated in v1.0 and will be removed in version 1.2. Use `criterion='absolute_error'` which is equivalent.
  warn(
/home/sfgary/.miniconda3/envs/superlearner/lib/python3.9/site-packages/sklearn/ensemble/_forest.py:403: FutureWarning: Criterion 'mae' was deprecated in v1.0 and will be removed in version 1.2. Use `criterion='absolute_error'` which is equivalent.
  warn(
/home/sfgary/.miniconda3/envs/superlearner/lib/python3.9/site-packages/sklearn/ensemble/_forest.py:403: FutureWarning: Criterion 'mae' was deprecated in v1.0 and will be removed in version 1.2. Use `criterion='absolute_error'` which is equivalent.
  warn(
/home/sfgary/.miniconda3/envs/superlearner/lib/python3.9/site-packages/sklearn/ensemble/_forest.py:396: FutureWarning: Criterion 'mse' was deprecated in v1.0 and will be removed in version 1.2. Use `criterion='squared_error'` which is equivalent.
  warn(
/home/sfgary/.miniconda3/envs/superlearner/lib/python3.9/site-packages/sklearn/ensemble/_forest.py:396: FutureWarning: Criterion 'mse' was deprecated in v1.0 and will be removed in version 1.2. Use `criterion='squared_error'` which is equivalent.
  warn(
/home/sfgary/.miniconda3/envs/superlearner/lib/python3.9/site-packages/sklearn/ensemble/_forest.py:396: FutureWarning: Criterion 'mse' was deprecated in v1.0 and will be removed in version 1.2. Use `criterion='squared_error'` which is equivalent.
  warn(
/home/sfgary/.miniconda3/envs/superlearner/lib/python3.9/site-packages/sklearn/ensemble/_forest.py:396: FutureWarning: Criterion 'mse' was deprecated in v1.0 and will be removed in version 1.2. Use `criterion='squared_error'` which is equivalent.
  warn(
/home/sfgary/.miniconda3/envs/superlearner/lib/python3.9/site-packages/sklearn/ensemble/_forest.py:396: FutureWarning: Criterion 'mse' was deprecated in v1.0 and will be removed in version 1.2. Use `criterion='squared_error'` which is equivalent.
  warn(
/home/sfgary/.miniconda3/envs/superlearner/lib/python3.9/site-packages/sklearn/ensemble/_forest.py:396: FutureWarning: Criterion 'mse' was deprecated in v1.0 and will be removed in version 1.2. Use `criterion='squared_error'` which is equivalent.
  warn(
/home/sfgary/.miniconda3/envs/superlearner/lib/python3.9/site-packages/sklearn/ensemble/_forest.py:396: FutureWarning: Criterion 'mse' was deprecated in v1.0 and will be removed in version 1.2. Use `criterion='squared_error'` which is equivalent.
  warn(
/home/sfgary/.miniconda3/envs/superlearner/lib/python3.9/site-packages/sklearn/ensemble/_forest.py:396: FutureWarning: Criterion 'mse' was deprecated in v1.0 and will be removed in version 1.2. Use `criterion='squared_error'` which is equivalent.
  warn(
/home/sfgary/.miniconda3/envs/superlearner/lib/python3.9/site-packages/sklearn/ensemble/_forest.py:396: FutureWarning: Criterion 'mse' was deprecated in v1.0 and will be removed in version 1.2. Use `criterion='squared_error'` which is equivalent.
  warn(
/home/sfgary/.miniconda3/envs/superlearner/lib/python3.9/site-packages/sklearn/ensemble/_forest.py:396: FutureWarning: Criterion 'mse' was deprecated in v1.0 and will be removed in version 1.2. Use `criterion='squared_error'` which is equivalent.
  warn(
/home/sfgary/.miniconda3/envs/superlearner/lib/python3.9/site-packages/sklearn/ensemble/_forest.py:403: FutureWarning: Criterion 'mae' was deprecated in v1.0 and will be removed in version 1.2. Use `criterion='absolute_error'` which is equivalent.
  warn(
/home/sfgary/.miniconda3/envs/superlearner/lib/python3.9/site-packages/sklearn/ensemble/_forest.py:403: FutureWarning: Criterion 'mae' was deprecated in v1.0 and will be removed in version 1.2. Use `criterion='absolute_error'` which is equivalent.
  warn(
/home/sfgary/.miniconda3/envs/superlearner/lib/python3.9/site-packages/sklearn/ensemble/_forest.py:403: FutureWarning: Criterion 'mae' was deprecated in v1.0 and will be removed in version 1.2. Use `criterion='absolute_error'` which is equivalent.
  warn(
/home/sfgary/.miniconda3/envs/superlearner/lib/python3.9/site-packages/sklearn/ensemble/_forest.py:403: FutureWarning: Criterion 'mae' was deprecated in v1.0 and will be removed in version 1.2. Use `criterion='absolute_error'` which is equivalent.
  warn(
/home/sfgary/.miniconda3/envs/superlearner/lib/python3.9/site-packages/sklearn/ensemble/_forest.py:403: FutureWarning: Criterion 'mae' was deprecated in v1.0 and will be removed in version 1.2. Use `criterion='absolute_error'` which is equivalent.
  warn(
/home/sfgary/.miniconda3/envs/superlearner/lib/python3.9/site-packages/sklearn/ensemble/_forest.py:403: FutureWarning: Criterion 'mae' was deprecated in v1.0 and will be removed in version 1.2. Use `criterion='absolute_error'` which is equivalent.
  warn(
/home/sfgary/.miniconda3/envs/superlearner/lib/python3.9/site-packages/sklearn/linear_model/_huber.py:332: ConvergenceWarning: lbfgs failed to converge (status=1):
STOP: TOTAL NO. of ITERATIONS REACHED LIMIT.

Increase the number of iterations (max_iter) or scale the data as shown in:
    https://scikit-learn.org/stable/modules/preprocessing.html
  self.n_iter_ = _check_optimize_result("lbfgs", opt_res, self.max_iter)
/home/sfgary/.miniconda3/envs/superlearner/lib/python3.9/site-packages/sklearn/ensemble/_forest.py:403: FutureWarning: Criterion 'mae' was deprecated in v1.0 and will be removed in version 1.2. Use `criterion='absolute_error'` which is equivalent.
  warn(
/home/sfgary/.miniconda3/envs/superlearner/lib/python3.9/site-packages/sklearn/linear_model/_huber.py:332: ConvergenceWarning: lbfgs failed to converge (status=1):
STOP: TOTAL NO. of ITERATIONS REACHED LIMIT.

Increase the number of iterations (max_iter) or scale the data as shown in:
    https://scikit-learn.org/stable/modules/preprocessing.html
  self.n_iter_ = _check_optimize_result("lbfgs", opt_res, self.max_iter)
/home/sfgary/.miniconda3/envs/superlearner/lib/python3.9/site-packages/sklearn/linear_model/_huber.py:332: ConvergenceWarning: lbfgs failed to converge (status=1):
STOP: TOTAL NO. of ITERATIONS REACHED LIMIT.

Increase the number of iterations (max_iter) or scale the data as shown in:
    https://scikit-learn.org/stable/modules/preprocessing.html
  self.n_iter_ = _check_optimize_result("lbfgs", opt_res, self.max_iter)
/home/sfgary/.miniconda3/envs/superlearner/lib/python3.9/site-packages/sklearn/linear_model/_huber.py:332: ConvergenceWarning: lbfgs failed to converge (status=1):
STOP: TOTAL NO. of ITERATIONS REACHED LIMIT.

Increase the number of iterations (max_iter) or scale the data as shown in:
    https://scikit-learn.org/stable/modules/preprocessing.html
  self.n_iter_ = _check_optimize_result("lbfgs", opt_res, self.max_iter)
/home/sfgary/.miniconda3/envs/superlearner/lib/python3.9/site-packages/sklearn/linear_model/_huber.py:332: ConvergenceWarning: lbfgs failed to converge (status=1):
STOP: TOTAL NO. of ITERATIONS REACHED LIMIT.

Increase the number of iterations (max_iter) or scale the data as shown in:
    https://scikit-learn.org/stable/modules/preprocessing.html
  self.n_iter_ = _check_optimize_result("lbfgs", opt_res, self.max_iter)
/home/sfgary/.miniconda3/envs/superlearner/lib/python3.9/site-packages/sklearn/linear_model/_huber.py:332: ConvergenceWarning: lbfgs failed to converge (status=1):
STOP: TOTAL NO. of ITERATIONS REACHED LIMIT.

Increase the number of iterations (max_iter) or scale the data as shown in:
    https://scikit-learn.org/stable/modules/preprocessing.html
  self.n_iter_ = _check_optimize_result("lbfgs", opt_res, self.max_iter)
/home/sfgary/.miniconda3/envs/superlearner/lib/python3.9/site-packages/sklearn/ensemble/_forest.py:403: FutureWarning: Criterion 'mae' was deprecated in v1.0 and will be removed in version 1.2. Use `criterion='absolute_error'` which is equivalent.
  warn(
/home/sfgary/.miniconda3/envs/superlearner/lib/python3.9/site-packages/sklearn/ensemble/_forest.py:403: FutureWarning: Criterion 'mae' was deprecated in v1.0 and will be removed in version 1.2. Use `criterion='absolute_error'` which is equivalent.
  warn(
/home/sfgary/.miniconda3/envs/superlearner/lib/python3.9/site-packages/sklearn/ensemble/_forest.py:403: FutureWarning: Criterion 'mae' was deprecated in v1.0 and will be removed in version 1.2. Use `criterion='absolute_error'` which is equivalent.
  warn(
/home/sfgary/.miniconda3/envs/superlearner/lib/python3.9/site-packages/sklearn/ensemble/_forest.py:403: FutureWarning: Criterion 'mae' was deprecated in v1.0 and will be removed in version 1.2. Use `criterion='absolute_error'` which is equivalent.
  warn(
/home/sfgary/.miniconda3/envs/superlearner/lib/python3.9/site-packages/sklearn/ensemble/_forest.py:403: FutureWarning: Criterion 'mae' was deprecated in v1.0 and will be removed in version 1.2. Use `criterion='absolute_error'` which is equivalent.
  warn(
