Parsing SuperLearner predict arguments...
--model_dir
--predict_var
--num_inputs
--predict_data
Submodels within SuperLearner and their weights:
['nusvr-rbf', 'nusvr-lin', 'nusvr-poly', 'nusvr-sig', 'knn-uni', 'knn-dist', 'pls', 'mlp', 'ridge', 'lasso', 'linear', 'enet', 'huber', 'xgb', 'etr', 'nusvr-rbf-log10', 'nusvr-lin-log10', 'nusvr-poly-log10', 'nusvr-sig-log10', 'knn-uni-log10', 'knn-dist-log10', 'pls-log10', 'mlp-log10', 'ridge-log10', 'lasso-log10', 'linear-log10', 'enet-log10', 'huber-log10', 'xgb-log10', 'etr-log10']
[0.         0.         0.         0.         0.         0.3573115
 0.         0.         0.         0.         0.         0.
 0.         0.18284184 0.06505556 0.16552313 0.         0.
 0.47935843 0.         0.         0.         0.         0.11855593
 0.         0.         0.         0.         0.24760551 0.        ]
RSE: 195.75351542691487 +/- 361.2433131338947
mean.error: 77.40647 +/- 39.086044
predict.error: 808.6069 +/- 7.1283216
RSE vs mean.error: [[1.         0.29117375]
 [0.29117375 1.        ]]
RSE vs predict.error: [[1.         0.23364582]
 [0.23364582 1.        ]]
Done!
