Warning: Permanently added 'cloud.clusters.pw' (ECDSA) to the list of known hosts.
Control socket connect(/home/sfgary/.ssh/control:cloud.clusters.pw:22:sfgary): No such file or directory
Identity added: /home/sfgary/.ssh/id_ed25519_dynamic-learning-rivers (sfgary@cloud-user-private-1.parallel.works)
Warning: Permanently added 'cloud.clusters.pw' (ECDSA) to the list of known hosts.
Warning: Permanently added 'github.com,140.82.114.3' (ECDSA) to the list of known hosts.
Warning: Permanently added 'cloud.clusters.pw' (ECDSA) to the list of known hosts.
fatal: destination path 'sl_core' already exists and is not an empty directory.
Warning: Permanently added 'cloud.clusters.pw' (ECDSA) to the list of known hosts.
fatal: destination path 'global-river-databases' already exists and is not an empty directory.
Warning: Permanently added 'cloud.clusters.pw' (ECDSA) to the list of known hosts.
Warning: Permanently added 'cloud.clusters.pw' (ECDSA) to the list of known hosts.
Warning: Permanently added 'cloud.clusters.pw' (ECDSA) to the list of known hosts.
Warning: Permanently added 'cloud.clusters.pw' (ECDSA) to the list of known hosts.
Switched to branch 'May-2023'
Warning: Permanently added 'cloud.clusters.pw' (ECDSA) to the list of known hosts.
Warning: Permanently added 'cloud.clusters.pw' (ECDSA) to the list of known hosts.
Control socket connect(/home/sfgary/.ssh/control:cloud.clusters.pw:22:sfgary): No such file or directory
Identity added: /home/sfgary/.ssh/id_ed25519_dynamic-learning-rivers (sfgary@cloud-user-private-1.parallel.works)
Warning: Permanently added 'cloud.clusters.pw' (ECDSA) to the list of known hosts.
Warning: Permanently added 'github.com,140.82.113.4' (ECDSA) to the list of known hosts.
Warning: Permanently added 'cloud.clusters.pw' (ECDSA) to the list of known hosts.
ls: cannot access /home/sfgary/.miniconda*: No such file or directory
Warning: Permanently added 'cloud.clusters.pw' (ECDSA) to the list of known hosts.
ControlSocket /home/sfgary/.ssh/control:cloud.clusters.pw:22:sfgary already exists, disabling multiplexing
/home/sfgary/dynamic-learning-rivers/scripts/prep_02_intake_predict.py:32: SettingWithCopyWarning: 
A value is trying to be set on a copy of a slice from a DataFrame

See the caveats in the documentation: https://pandas.pydata.org/pandas-docs/stable/user_guide/indexing.html#returning-a-view-versus-a-copy
  core_vars.replace(
Warning: Permanently added 'cloud.clusters.pw' (ECDSA) to the list of known hosts.
Warning: Permanently added 'cloud.clusters.pw' (ECDSA) to the list of known hosts.
Warning: Permanently added 'cloud.clusters.pw' (ECDSA) to the list of known hosts.
ControlSocket /home/sfgary/.ssh/control:cloud.clusters.pw:22:sfgary already exists, disabling multiplexing
Warning: Permanently added 'cloud.clusters.pw' (ECDSA) to the list of known hosts.
Warning: Permanently added 'cloud.clusters.pw' (ECDSA) to the list of known hosts.
Warning: Permanently added 'cloud.clusters.pw' (ECDSA) to the list of known hosts.
Warning: Permanently added 'cloud.clusters.pw' (ECDSA) to the list of known hosts.
Warning: Permanently added 'cloud.clusters.pw' (ECDSA) to the list of known hosts.
Warning: Permanently added 'cloud.clusters.pw' (ECDSA) to the list of known hosts.
Warning: Permanently added 'cloud.clusters.pw' (ECDSA) to the list of known hosts.
Warning: Permanently added 'cloud.clusters.pw' (ECDSA) to the list of known hosts.
Warning: Permanently added 'cloud.clusters.pw' (ECDSA) to the list of known hosts.
Warning: Permanently added 'cloud.clusters.pw' (ECDSA) to the list of known hosts.
Warning: Permanently added 'cloud.clusters.pw' (ECDSA) to the list of known hosts.
Warning: Permanently added 'cloud.clusters.pw' (ECDSA) to the list of known hosts.
Warning: Permanently added 'cloud.clusters.pw' (ECDSA) to the list of known hosts.
Warning: Permanently added 'cloud.clusters.pw' (ECDSA) to the list of known hosts.
Warning: Permanently added 'cloud.clusters.pw' (ECDSA) to the list of known hosts.
Warning: Permanently added 'cloud.clusters.pw' (ECDSA) to the list of known hosts.
Warning: Permanently added 'cloud.clusters.pw' (ECDSA) to the list of known hosts.
Warning: Permanently added 'cloud.clusters.pw' (ECDSA) to the list of known hosts.
Warning: Permanently added 'cloud.clusters.pw' (ECDSA) to the list of known hosts.
Warning: Permanently added 'cloud.clusters.pw' (ECDSA) to the list of known hosts.
Warning: Permanently added 'cloud.clusters.pw' (ECDSA) to the list of known hosts.
Warning: Permanently added 'cloud.clusters.pw' (ECDSA) to the list of known hosts.
Warning: Permanently added 'cloud.clusters.pw' (ECDSA) to the list of known hosts.
Warning: Permanently added 'cloud.clusters.pw' (ECDSA) to the list of known hosts.
Warning: Permanently added 'cloud.clusters.pw' (ECDSA) to the list of known hosts.
Warning: Permanently added 'cloud.clusters.pw' (ECDSA) to the list of known hosts.
Warning: Permanently added 'cloud.clusters.pw' (ECDSA) to the list of known hosts.
Warning: Permanently added 'cloud.clusters.pw' (ECDSA) to the list of known hosts.
Warning: Permanently added 'cloud.clusters.pw' (ECDSA) to the list of known hosts.
Warning: Permanently added 'cloud.clusters.pw' (ECDSA) to the list of known hosts.
Warning: Permanently added 'cloud.clusters.pw' (ECDSA) to the list of known hosts.
Warning: Permanently added 'cloud.clusters.pw' (ECDSA) to the list of known hosts.
Warning: Permanently added 'cloud.clusters.pw' (ECDSA) to the list of known hosts.
Warning: Permanently added 'cloud.clusters.pw' (ECDSA) to the list of known hosts.
Warning: Permanently added 'cloud.clusters.pw' (ECDSA) to the list of known hosts.
Warning: Permanently added 'cloud.clusters.pw' (ECDSA) to the list of known hosts.
Warning: Permanently added 'cloud.clusters.pw' (ECDSA) to the list of known hosts.
Warning: Permanently added 'cloud.clusters.pw' (ECDSA) to the list of known hosts.
Warning: Permanently added 'cloud.clusters.pw' (ECDSA) to the list of known hosts.
Warning: Permanently added 'cloud.clusters.pw' (ECDSA) to the list of known hosts.
Warning: Permanently added 'cloud.clusters.pw' (ECDSA) to the list of known hosts.
Warning: Permanently added 'cloud.clusters.pw' (ECDSA) to the list of known hosts.
Warning: Permanently added 'cloud.clusters.pw' (ECDSA) to the list of known hosts.
Warning: Permanently added 'cloud.clusters.pw' (ECDSA) to the list of known hosts.
Warning: Permanently added 'cloud.clusters.pw' (ECDSA) to the list of known hosts.
Warning: Permanently added 'cloud.clusters.pw' (ECDSA) to the list of known hosts.
Warning: Permanently added 'cloud.clusters.pw' (ECDSA) to the list of known hosts.
Warning: Permanently added 'cloud.clusters.pw' (ECDSA) to the list of known hosts.
Warning: Permanently added 'cloud.clusters.pw' (ECDSA) to the list of known hosts.
Warning: Permanently added 'cloud.clusters.pw' (ECDSA) to the list of known hosts.
Warning: Permanently added 'cloud.clusters.pw' (ECDSA) to the list of known hosts.
Warning: Permanently added 'cloud.clusters.pw' (ECDSA) to the list of known hosts.
Warning: Permanently added 'cloud.clusters.pw' (ECDSA) to the list of known hosts.
Warning: Permanently added 'cloud.clusters.pw' (ECDSA) to the list of known hosts.
Warning: Permanently added 'cloud.clusters.pw' (ECDSA) to the list of known hosts.
Warning: Permanently added 'cloud.clusters.pw' (ECDSA) to the list of known hosts.
Warning: Permanently added 'cloud.clusters.pw' (ECDSA) to the list of known hosts.
Warning: Permanently added 'cloud.clusters.pw' (ECDSA) to the list of known hosts.
Warning: Permanently added 'cloud.clusters.pw' (ECDSA) to the list of known hosts.
Warning: Permanently added 'cloud.clusters.pw' (ECDSA) to the list of known hosts.
Warning: Permanently added 'cloud.clusters.pw' (ECDSA) to the list of known hosts.
Warning: Permanently added 'cloud.clusters.pw' (ECDSA) to the list of known hosts.
Warning: Permanently added 'cloud.clusters.pw' (ECDSA) to the list of known hosts.
