Parsing SuperLearner FPI arguments...
--model_dir
--predict_var
--num_inputs
--corr_cutoff
--predict_data
Submodels within SuperLearner and their weights:
['nusvr-rbf', 'nusvr-lin', 'nusvr-poly', 'nusvr-sig', 'knn-uni', 'knn-dist', 'pls', 'mlp', 'ridge', 'lasso', 'linear', 'enet', 'huber', 'xgb', 'etr']
[0.         0.         0.49316122 1.34413645 0.12358179 0.
 0.         0.26537818 0.         0.         0.         0.
 0.         0.85139427 0.58862275]
Did not detect any one-hot features.
Started with 25 features.
Finishing with 18 features in 3 groups.
run_mm_cyr,pre_mm_cyr,pre_mm_cdi,tmp_dc_cdi;RA_SO,RA_dm,RA_ms_av,RA_ms_di;crp_pc_cse,ire_pc_cse,for_pc_cse,gwt_cm_cav,slp_dg_cav,ele_mt_cav,tmp_dc_cyr,Mean_Temp_Deg_C,Mean_DO_percent_saturation,Mean_DO_mg_per_L
Loading model for job: 0
FPI on stacked ensemble...
FPI on ML model: nusvr-poly...
FPI on ML model: nusvr-sig...
FPI on ML model: knn-uni...
FPI on ML model: mlp...
FPI on ML model: xgb...
FPI on ML model: etr...
                                                    Avg_Ratiostack0  Std_Ratiostack0
Feature                                                                             
run_mm_cyr,pre_mm_cyr,pre_mm_cdi,tmp_dc_cdi                4.256338         0.585693
RA_SO,RA_dm,RA_ms_av,RA_ms_di                              4.302852         0.537455
crp_pc_cse,ire_pc_cse,for_pc_cse,gwt_cm_cav,slp...         8.572322         1.071561
sgr_dk_rav                                                 2.350178         0.271311
dor_pc_pva                                                 1.235462         0.088677
ppd_pk_cav                                                 5.094918         1.146729
pH                                                         1.276087         0.072053
gla_pc_cse                                                 1.000250         0.000751
prm_pc_cse                                                 1.013555         0.018040
pst_pc_cse                                                 3.038480         0.586782
--------nusvr-poly---------
Feature
run_mm_cyr,pre_mm_cyr,pre_mm_cdi,tmp_dc_cdi                                                                                                 1.100840
RA_SO,RA_dm,RA_ms_av,RA_ms_di                                                                                                               1.077365
crp_pc_cse,ire_pc_cse,for_pc_cse,gwt_cm_cav,slp_dg_cav,ele_mt_cav,tmp_dc_cyr,Mean_Temp_Deg_C,Mean_DO_percent_saturation,Mean_DO_mg_per_L    1.638829
sgr_dk_rav                                                                                                                                  1.008964
dor_pc_pva                                                                                                                                  0.990289
ppd_pk_cav                                                                                                                                  1.265412
pH                                                                                                                                          1.003670
gla_pc_cse                                                                                                                                  1.000205
prm_pc_cse                                                                                                                                  1.000748
pst_pc_cse                                                                                                                                  1.434950
Name: Avg_Rationusvr-poly0, dtype: float64
--------nusvr-sig---------
Feature
run_mm_cyr,pre_mm_cyr,pre_mm_cdi,tmp_dc_cdi                                                                                                 1.000009
RA_SO,RA_dm,RA_ms_av,RA_ms_di                                                                                                               0.999999
crp_pc_cse,ire_pc_cse,for_pc_cse,gwt_cm_cav,slp_dg_cav,ele_mt_cav,tmp_dc_cyr,Mean_Temp_Deg_C,Mean_DO_percent_saturation,Mean_DO_mg_per_L    1.000027
sgr_dk_rav                                                                                                                                  1.000000
dor_pc_pva                                                                                                                                  1.000000
ppd_pk_cav                                                                                                                                  1.000000
pH                                                                                                                                          1.000000
gla_pc_cse                                                                                                                                  1.000000
prm_pc_cse                                                                                                                                  1.000000
pst_pc_cse                                                                                                                                  1.000001
Name: Avg_Rationusvr-sig0, dtype: float64
--------knn-uni---------
Feature
run_mm_cyr,pre_mm_cyr,pre_mm_cdi,tmp_dc_cdi                                                                                                 1.125348
RA_SO,RA_dm,RA_ms_av,RA_ms_di                                                                                                               1.514968
crp_pc_cse,ire_pc_cse,for_pc_cse,gwt_cm_cav,slp_dg_cav,ele_mt_cav,tmp_dc_cyr,Mean_Temp_Deg_C,Mean_DO_percent_saturation,Mean_DO_mg_per_L    1.904428
sgr_dk_rav                                                                                                                                  0.999791
dor_pc_pva                                                                                                                                  1.052057
ppd_pk_cav                                                                                                                                  1.001873
pH                                                                                                                                          1.133129
gla_pc_cse                                                                                                                                  0.999911
prm_pc_cse                                                                                                                                  1.000956
pst_pc_cse                                                                                                                                  1.095115
Name: Avg_Ratioknn-uni0, dtype: float32
--------mlp---------
Feature
run_mm_cyr,pre_mm_cyr,pre_mm_cdi,tmp_dc_cdi                                                                                                 1.080149
RA_SO,RA_dm,RA_ms_av,RA_ms_di                                                                                                               0.997403
crp_pc_cse,ire_pc_cse,for_pc_cse,gwt_cm_cav,slp_dg_cav,ele_mt_cav,tmp_dc_cyr,Mean_Temp_Deg_C,Mean_DO_percent_saturation,Mean_DO_mg_per_L    1.077264
sgr_dk_rav                                                                                                                                  0.999981
dor_pc_pva                                                                                                                                  1.000890
ppd_pk_cav                                                                                                                                  0.996654
pH                                                                                                                                          1.000176
gla_pc_cse                                                                                                                                  0.999867
prm_pc_cse                                                                                                                                  1.000420
pst_pc_cse                                                                                                                                  1.003156
Name: Avg_Ratiomlp0, dtype: float32
--------xgb---------
Feature
run_mm_cyr,pre_mm_cyr,pre_mm_cdi,tmp_dc_cdi                                                                                                 4.595326
RA_SO,RA_dm,RA_ms_av,RA_ms_di                                                                                                               4.698610
crp_pc_cse,ire_pc_cse,for_pc_cse,gwt_cm_cav,slp_dg_cav,ele_mt_cav,tmp_dc_cyr,Mean_Temp_Deg_C,Mean_DO_percent_saturation,Mean_DO_mg_per_L    8.398763
sgr_dk_rav                                                                                                                                  2.519041
dor_pc_pva                                                                                                                                  1.313974
ppd_pk_cav                                                                                                                                  5.445212
pH                                                                                                                                          1.308206
gla_pc_cse                                                                                                                                  1.000000
prm_pc_cse                                                                                                                                  1.025210
pst_pc_cse                                                                                                                                  2.273386
Name: Avg_Ratioxgb0, dtype: float32
--------etr---------
Feature
run_mm_cyr,pre_mm_cyr,pre_mm_cdi,tmp_dc_cdi                                                                                                 1.001095
RA_SO,RA_dm,RA_ms_av,RA_ms_di                                                                                                               1.000251
crp_pc_cse,ire_pc_cse,for_pc_cse,gwt_cm_cav,slp_dg_cav,ele_mt_cav,tmp_dc_cyr,Mean_Temp_Deg_C,Mean_DO_percent_saturation,Mean_DO_mg_per_L    1.009332
sgr_dk_rav                                                                                                                                  1.000086
dor_pc_pva                                                                                                                                  1.000002
ppd_pk_cav                                                                                                                                  1.000022
pH                                                                                                                                          1.000155
gla_pc_cse                                                                                                                                  1.000000
prm_pc_cse                                                                                                                                  1.000000
pst_pc_cse                                                                                                                                  1.000291
Name: Avg_Ratioetr0, dtype: float64
