Parsing SuperLearner FPI arguments...
--model_dir
--predict_var
--num_inputs
--corr_cutoff
--predict_data
Submodels within SuperLearner and their weights:
['nusvr-rbf', 'nusvr-lin', 'nusvr-poly', 'nusvr-sig', 'knn-uni', 'knn-dist', 'pls', 'mlp', 'ridge', 'lasso', 'linear', 'enet', 'huber', 'xgb', 'etr']
[0.60153652 0.35347571 0.         0.         0.18758784 0.
 0.         0.         0.         0.         0.         0.
 0.         0.17453238 2.54999661]
Did not detect any one-hot features.
Started with 25 features.
Finishing with 18 features in 3 groups.
run_mm_cyr,pre_mm_cyr,pre_mm_cdi,tmp_dc_cdi;RA_SO,RA_dm,RA_ms_av,RA_ms_di;Mean_DO_mg_per_L,Mean_DO_percent_saturation,ire_pc_cse,crp_pc_cse,for_pc_cse,gwt_cm_cav,slp_dg_cav,ele_mt_cav,tmp_dc_cyr,Mean_Temp_Deg_C
Loading model for job: 0
FPI on stacked ensemble...
FPI on ML model: nusvr-rbf...
FPI on ML model: nusvr-lin...
FPI on ML model: knn-uni...
FPI on ML model: xgb...
FPI on ML model: etr...
                                                    Avg_Ratiostack0  Std_Ratiostack0
Feature                                                                             
run_mm_cyr,pre_mm_cyr,pre_mm_cdi,tmp_dc_cdi                4.023482         0.122308
RA_SO,RA_dm,RA_ms_av,RA_ms_di                              4.582596         0.214483
Mean_DO_mg_per_L,Mean_DO_percent_saturation,ire...         7.435289         0.211596
prm_pc_cse                                                 1.085970         0.033949
ppd_pk_cav                                                 1.866233         0.097531
gla_pc_cse                                                 1.015795         0.037246
sgr_dk_rav                                                 1.682987         0.072345
pH                                                         3.014346         0.464259
dor_pc_pva                                                 1.581304         0.116177
pst_pc_cse                                                 2.448061         0.151889
--------nusvr-rbf---------
Feature
run_mm_cyr,pre_mm_cyr,pre_mm_cdi,tmp_dc_cdi                                                                                                 5.899884
RA_SO,RA_dm,RA_ms_av,RA_ms_di                                                                                                               5.698049
Mean_DO_mg_per_L,Mean_DO_percent_saturation,ire_pc_cse,crp_pc_cse,for_pc_cse,gwt_cm_cav,slp_dg_cav,ele_mt_cav,tmp_dc_cyr,Mean_Temp_Deg_C    6.651772
prm_pc_cse                                                                                                                                  1.196768
ppd_pk_cav                                                                                                                                  2.915947
gla_pc_cse                                                                                                                                  1.029839
sgr_dk_rav                                                                                                                                  2.103284
pH                                                                                                                                          5.376886
dor_pc_pva                                                                                                                                  2.295526
pst_pc_cse                                                                                                                                  3.593189
Name: Avg_Rationusvr-rbf0, dtype: float64
--------nusvr-lin---------
Feature
run_mm_cyr,pre_mm_cyr,pre_mm_cdi,tmp_dc_cdi                                                                                                 1.004531
RA_SO,RA_dm,RA_ms_av,RA_ms_di                                                                                                               1.001286
Mean_DO_mg_per_L,Mean_DO_percent_saturation,ire_pc_cse,crp_pc_cse,for_pc_cse,gwt_cm_cav,slp_dg_cav,ele_mt_cav,tmp_dc_cyr,Mean_Temp_Deg_C    1.077870
prm_pc_cse                                                                                                                                  0.999514
ppd_pk_cav                                                                                                                                  1.004101
gla_pc_cse                                                                                                                                  1.000000
sgr_dk_rav                                                                                                                                  0.997539
pH                                                                                                                                          1.012337
dor_pc_pva                                                                                                                                  0.997464
pst_pc_cse                                                                                                                                  1.008113
Name: Avg_Rationusvr-lin0, dtype: float64
--------knn-uni---------
Feature
run_mm_cyr,pre_mm_cyr,pre_mm_cdi,tmp_dc_cdi                                                                                                 2.643902
RA_SO,RA_dm,RA_ms_av,RA_ms_di                                                                                                               4.429740
Mean_DO_mg_per_L,Mean_DO_percent_saturation,ire_pc_cse,crp_pc_cse,for_pc_cse,gwt_cm_cav,slp_dg_cav,ele_mt_cav,tmp_dc_cyr,Mean_Temp_Deg_C    7.762578
prm_pc_cse                                                                                                                                  0.999315
ppd_pk_cav                                                                                                                                  1.021470
gla_pc_cse                                                                                                                                  1.000002
sgr_dk_rav                                                                                                                                  1.001267
pH                                                                                                                                          1.432991
dor_pc_pva                                                                                                                                  1.094907
pst_pc_cse                                                                                                                                  2.110520
Name: Avg_Ratioknn-uni0, dtype: float32
--------xgb---------
Feature
run_mm_cyr,pre_mm_cyr,pre_mm_cdi,tmp_dc_cdi                                                                                                 2.678762
RA_SO,RA_dm,RA_ms_av,RA_ms_di                                                                                                               3.433798
Mean_DO_mg_per_L,Mean_DO_percent_saturation,ire_pc_cse,crp_pc_cse,for_pc_cse,gwt_cm_cav,slp_dg_cav,ele_mt_cav,tmp_dc_cyr,Mean_Temp_Deg_C    9.377335
prm_pc_cse                                                                                                                                  1.000619
ppd_pk_cav                                                                                                                                  1.160740
gla_pc_cse                                                                                                                                  1.000642
sgr_dk_rav                                                                                                                                  1.909316
pH                                                                                                                                          1.590833
dor_pc_pva                                                                                                                                  1.197407
pst_pc_cse                                                                                                                                  1.510602
Name: Avg_Ratioxgb0, dtype: float32
--------etr---------
Feature
run_mm_cyr,pre_mm_cyr,pre_mm_cdi,tmp_dc_cdi                                                                                                 1.000559
RA_SO,RA_dm,RA_ms_av,RA_ms_di                                                                                                               0.999995
Mean_DO_mg_per_L,Mean_DO_percent_saturation,ire_pc_cse,crp_pc_cse,for_pc_cse,gwt_cm_cav,slp_dg_cav,ele_mt_cav,tmp_dc_cyr,Mean_Temp_Deg_C    1.009268
prm_pc_cse                                                                                                                                  1.000000
ppd_pk_cav                                                                                                                                  1.000004
gla_pc_cse                                                                                                                                  1.000000
sgr_dk_rav                                                                                                                                  1.000018
pH                                                                                                                                          1.000083
dor_pc_pva                                                                                                                                  0.999999
pst_pc_cse                                                                                                                                  1.000050
Name: Avg_Ratioetr0, dtype: float64
