Parsing SuperLearner predict arguments...
--model_dir
--predict_var
--num_inputs
--predict_data
Submodels within SuperLearner and their weights:
['nusvr-rbf', 'nusvr-lin', 'nusvr-poly', 'nusvr-sig', 'knn-uni', 'knn-dist', 'pls', 'mlp', 'ridge', 'lasso', 'linear', 'enet', 'huber', 'xgb', 'etr', 'nusvr-rbf-log10', 'nusvr-lin-log10', 'nusvr-poly-log10', 'nusvr-sig-log10', 'knn-uni-log10', 'knn-dist-log10', 'pls-log10', 'mlp-log10', 'ridge-log10', 'lasso-log10', 'linear-log10', 'enet-log10', 'huber-log10', 'xgb-log10', 'etr-log10']
[0.         0.         0.         0.         0.         0.
 0.         0.01120569 0.         0.         0.         0.
 0.         0.         0.         0.         0.         0.
 1.07084369 0.00977235 0.2377927  0.         0.         0.
 0.00314765 0.         0.         0.         0.66950114 0.        ]
RSE: 217.00258562496978 +/- 437.9250266312286
mean.error: 99.70347 +/- 54.780727
predict.error: 989.47925 +/- 10.498651
RSE vs mean.error: [[1.         0.48935014]
 [0.48935014 1.        ]]
RSE vs predict.error: [[1.         0.42831737]
 [0.42831737 1.        ]]
Done!
