Parsing SuperLearner predict arguments...
--model_dir
--predict_var
--num_inputs
--predict_data
Submodels within SuperLearner and their weights:
['nusvr-rbf', 'nusvr-lin', 'nusvr-poly', 'nusvr-sig', 'knn-uni', 'knn-dist', 'pls', 'mlp', 'ridge', 'lasso', 'linear', 'enet', 'huber', 'xgb', 'etr', 'nusvr-rbf-log10', 'nusvr-lin-log10', 'nusvr-poly-log10', 'nusvr-sig-log10', 'knn-uni-log10', 'knn-dist-log10', 'pls-log10', 'mlp-log10', 'ridge-log10', 'lasso-log10', 'linear-log10', 'enet-log10', 'huber-log10', 'xgb-log10', 'etr-log10']
[0.65284524 0.         0.         0.         0.02965032 0.11117675
 0.         0.         0.         0.         0.         0.
 0.         0.08001701 0.14354916 0.         0.         0.
 0.         0.         0.         0.         0.         0.04198723
 0.         0.         0.         0.         0.         0.17419705]
RSE: 192.99564809526598 +/- 327.4700417462094
mean.error: 79.97741 +/- 44.933056
predict.error: 768.16956 +/- 8.469657
RSE vs mean.error: [[1.         0.55983936]
 [0.55983936 1.        ]]
RSE vs predict.error: [[1.        0.5363838]
 [0.5363838 1.       ]]
Done!
