/home/sfgary/.miniconda3/envs/superlearner/lib/python3.9/site-packages/xgboost/compat.py:36: FutureWarning: pandas.Int64Index is deprecated and will be removed from pandas in a future version. Use pandas.Index with the appropriate dtype instead.
  from pandas import MultiIndex, Int64Index
/home/sfgary/.miniconda3/envs/superlearner/lib/python3.9/site-packages/sklearn/neural_network/_multilayer_perceptron.py:549: ConvergenceWarning: lbfgs failed to converge (status=1):
STOP: TOTAL NO. of ITERATIONS REACHED LIMIT.

Increase the number of iterations (max_iter) or scale the data as shown in:
    https://scikit-learn.org/stable/modules/preprocessing.html
  self.n_iter_ = _check_optimize_result("lbfgs", opt_res, self.max_iter)
/home/sfgary/.miniconda3/envs/superlearner/lib/python3.9/site-packages/sklearn/neural_network/_multilayer_perceptron.py:549: ConvergenceWarning: lbfgs failed to converge (status=1):
STOP: TOTAL NO. of ITERATIONS REACHED LIMIT.

Increase the number of iterations (max_iter) or scale the data as shown in:
    https://scikit-learn.org/stable/modules/preprocessing.html
  self.n_iter_ = _check_optimize_result("lbfgs", opt_res, self.max_iter)
/home/sfgary/.miniconda3/envs/superlearner/lib/python3.9/site-packages/sklearn/neural_network/_multilayer_perceptron.py:549: ConvergenceWarning: lbfgs failed to converge (status=1):
STOP: TOTAL NO. of ITERATIONS REACHED LIMIT.

Increase the number of iterations (max_iter) or scale the data as shown in:
    https://scikit-learn.org/stable/modules/preprocessing.html
  self.n_iter_ = _check_optimize_result("lbfgs", opt_res, self.max_iter)
/home/sfgary/.miniconda3/envs/superlearner/lib/python3.9/site-packages/sklearn/neural_network/_multilayer_perceptron.py:549: ConvergenceWarning: lbfgs failed to converge (status=1):
STOP: TOTAL NO. of ITERATIONS REACHED LIMIT.

Increase the number of iterations (max_iter) or scale the data as shown in:
    https://scikit-learn.org/stable/modules/preprocessing.html
  self.n_iter_ = _check_optimize_result("lbfgs", opt_res, self.max_iter)
/home/sfgary/.miniconda3/envs/superlearner/lib/python3.9/site-packages/sklearn/neural_network/_multilayer_perceptron.py:549: ConvergenceWarning: lbfgs failed to converge (status=1):
STOP: TOTAL NO. of ITERATIONS REACHED LIMIT.

Increase the number of iterations (max_iter) or scale the data as shown in:
    https://scikit-learn.org/stable/modules/preprocessing.html
  self.n_iter_ = _check_optimize_result("lbfgs", opt_res, self.max_iter)
/home/sfgary/.miniconda3/envs/superlearner/lib/python3.9/site-packages/sklearn/neural_network/_multilayer_perceptron.py:549: ConvergenceWarning: lbfgs failed to converge (status=1):
STOP: TOTAL NO. of ITERATIONS REACHED LIMIT.

Increase the number of iterations (max_iter) or scale the data as shown in:
    https://scikit-learn.org/stable/modules/preprocessing.html
  self.n_iter_ = _check_optimize_result("lbfgs", opt_res, self.max_iter)
/home/sfgary/.miniconda3/envs/superlearner/lib/python3.9/site-packages/sklearn/neural_network/_multilayer_perceptron.py:549: ConvergenceWarning: lbfgs failed to converge (status=1):
STOP: TOTAL NO. of ITERATIONS REACHED LIMIT.

Increase the number of iterations (max_iter) or scale the data as shown in:
    https://scikit-learn.org/stable/modules/preprocessing.html
  self.n_iter_ = _check_optimize_result("lbfgs", opt_res, self.max_iter)
/home/sfgary/.miniconda3/envs/superlearner/lib/python3.9/site-packages/sklearn/neural_network/_multilayer_perceptron.py:549: ConvergenceWarning: lbfgs failed to converge (status=1):
STOP: TOTAL NO. of ITERATIONS REACHED LIMIT.

Increase the number of iterations (max_iter) or scale the data as shown in:
    https://scikit-learn.org/stable/modules/preprocessing.html
  self.n_iter_ = _check_optimize_result("lbfgs", opt_res, self.max_iter)
/home/sfgary/.miniconda3/envs/superlearner/lib/python3.9/site-packages/sklearn/linear_model/_ridge.py:196: UserWarning: Singular matrix in solving dual problem. Using least-squares solution instead.
  warnings.warn(
/home/sfgary/.miniconda3/envs/superlearner/lib/python3.9/site-packages/sklearn/linear_model/_ridge.py:196: UserWarning: Singular matrix in solving dual problem. Using least-squares solution instead.
  warnings.warn(
/home/sfgary/.miniconda3/envs/superlearner/lib/python3.9/site-packages/sklearn/linear_model/_ridge.py:196: UserWarning: Singular matrix in solving dual problem. Using least-squares solution instead.
  warnings.warn(
/home/sfgary/.miniconda3/envs/superlearner/lib/python3.9/site-packages/sklearn/linear_model/_ridge.py:196: UserWarning: Singular matrix in solving dual problem. Using least-squares solution instead.
  warnings.warn(
/home/sfgary/.miniconda3/envs/superlearner/lib/python3.9/site-packages/sklearn/linear_model/_ridge.py:196: UserWarning: Singular matrix in solving dual problem. Using least-squares solution instead.
  warnings.warn(
/home/sfgary/.miniconda3/envs/superlearner/lib/python3.9/site-packages/sklearn/linear_model/_ridge.py:196: UserWarning: Singular matrix in solving dual problem. Using least-squares solution instead.
  warnings.warn(
/home/sfgary/.miniconda3/envs/superlearner/lib/python3.9/site-packages/sklearn/linear_model/_ridge.py:196: UserWarning: Singular matrix in solving dual problem. Using least-squares solution instead.
  warnings.warn(
/home/sfgary/.miniconda3/envs/superlearner/lib/python3.9/site-packages/sklearn/linear_model/_ridge.py:194: LinAlgWarning: Ill-conditioned matrix (rcond=9.6138e-10): result may not be accurate.
  dual_coef = linalg.solve(K, y, sym_pos=True, overwrite_a=False)
/home/sfgary/.miniconda3/envs/superlearner/lib/python3.9/site-packages/sklearn/linear_model/_ridge.py:194: LinAlgWarning: Ill-conditioned matrix (rcond=7.03815e-10): result may not be accurate.
  dual_coef = linalg.solve(K, y, sym_pos=True, overwrite_a=False)
/home/sfgary/.miniconda3/envs/superlearner/lib/python3.9/site-packages/sklearn/linear_model/_ridge.py:196: UserWarning: Singular matrix in solving dual problem. Using least-squares solution instead.
  warnings.warn(
/home/sfgary/.miniconda3/envs/superlearner/lib/python3.9/site-packages/sklearn/linear_model/_ridge.py:196: UserWarning: Singular matrix in solving dual problem. Using least-squares solution instead.
  warnings.warn(
/home/sfgary/.miniconda3/envs/superlearner/lib/python3.9/site-packages/sklearn/linear_model/_ridge.py:196: UserWarning: Singular matrix in solving dual problem. Using least-squares solution instead.
  warnings.warn(
/home/sfgary/.miniconda3/envs/superlearner/lib/python3.9/site-packages/sklearn/linear_model/_ridge.py:196: UserWarning: Singular matrix in solving dual problem. Using least-squares solution instead.
  warnings.warn(
/home/sfgary/.miniconda3/envs/superlearner/lib/python3.9/site-packages/sklearn/linear_model/_ridge.py:196: UserWarning: Singular matrix in solving dual problem. Using least-squares solution instead.
  warnings.warn(
/home/sfgary/.miniconda3/envs/superlearner/lib/python3.9/site-packages/sklearn/linear_model/_ridge.py:196: UserWarning: Singular matrix in solving dual problem. Using least-squares solution instead.
  warnings.warn(
/home/sfgary/.miniconda3/envs/superlearner/lib/python3.9/site-packages/sklearn/linear_model/_ridge.py:196: UserWarning: Singular matrix in solving dual problem. Using least-squares solution instead.
  warnings.warn(
/home/sfgary/.miniconda3/envs/superlearner/lib/python3.9/site-packages/sklearn/linear_model/_ridge.py:196: UserWarning: Singular matrix in solving dual problem. Using least-squares solution instead.
  warnings.warn(
/home/sfgary/.miniconda3/envs/superlearner/lib/python3.9/site-packages/sklearn/linear_model/_ridge.py:196: UserWarning: Singular matrix in solving dual problem. Using least-squares solution instead.
  warnings.warn(
/home/sfgary/.miniconda3/envs/superlearner/lib/python3.9/site-packages/sklearn/linear_model/_ridge.py:196: UserWarning: Singular matrix in solving dual problem. Using least-squares solution instead.
  warnings.warn(
/home/sfgary/.miniconda3/envs/superlearner/lib/python3.9/site-packages/sklearn/linear_model/_ridge.py:196: UserWarning: Singular matrix in solving dual problem. Using least-squares solution instead.
  warnings.warn(
/home/sfgary/.miniconda3/envs/superlearner/lib/python3.9/site-packages/sklearn/linear_model/_coordinate_descent.py:647: ConvergenceWarning: Objective did not converge. You might want to increase the number of iterations, check the scale of the features or consider increasing regularisation. Duality gap: 4.171e-02, tolerance: 1.611e-04
  model = cd_fast.enet_coordinate_descent(
/home/sfgary/.miniconda3/envs/superlearner/lib/python3.9/site-packages/sklearn/linear_model/_coordinate_descent.py:647: ConvergenceWarning: Objective did not converge. You might want to increase the number of iterations, check the scale of the features or consider increasing regularisation. Duality gap: 2.637e-02, tolerance: 1.692e-04
  model = cd_fast.enet_coordinate_descent(
/home/sfgary/.miniconda3/envs/superlearner/lib/python3.9/site-packages/sklearn/linear_model/_coordinate_descent.py:647: ConvergenceWarning: Objective did not converge. You might want to increase the number of iterations, check the scale of the features or consider increasing regularisation. Duality gap: 2.771e-02, tolerance: 1.845e-04
  model = cd_fast.enet_coordinate_descent(
/home/sfgary/.miniconda3/envs/superlearner/lib/python3.9/site-packages/sklearn/linear_model/_coordinate_descent.py:647: ConvergenceWarning: Objective did not converge. You might want to increase the number of iterations, check the scale of the features or consider increasing regularisation. Duality gap: 3.439e-02, tolerance: 2.942e-04
  model = cd_fast.enet_coordinate_descent(
/home/sfgary/.miniconda3/envs/superlearner/lib/python3.9/site-packages/sklearn/linear_model/_coordinate_descent.py:647: ConvergenceWarning: Objective did not converge. You might want to increase the number of iterations, check the scale of the features or consider increasing regularisation. Duality gap: 3.525e-02, tolerance: 1.814e-04
  model = cd_fast.enet_coordinate_descent(
/home/sfgary/.miniconda3/envs/superlearner/lib/python3.9/site-packages/sklearn/linear_model/_coordinate_descent.py:647: ConvergenceWarning: Objective did not converge. You might want to increase the number of iterations, check the scale of the features or consider increasing regularisation. Duality gap: 3.813e-02, tolerance: 1.611e-04
  model = cd_fast.enet_coordinate_descent(
/home/sfgary/.miniconda3/envs/superlearner/lib/python3.9/site-packages/sklearn/linear_model/_coordinate_descent.py:647: ConvergenceWarning: Objective did not converge. You might want to increase the number of iterations, check the scale of the features or consider increasing regularisation. Duality gap: 2.100e-02, tolerance: 1.692e-04
  model = cd_fast.enet_coordinate_descent(
/home/sfgary/.miniconda3/envs/superlearner/lib/python3.9/site-packages/sklearn/linear_model/_coordinate_descent.py:647: ConvergenceWarning: Objective did not converge. You might want to increase the number of iterations, check the scale of the features or consider increasing regularisation. Duality gap: 2.505e-02, tolerance: 1.845e-04
  model = cd_fast.enet_coordinate_descent(
/home/sfgary/.miniconda3/envs/superlearner/lib/python3.9/site-packages/sklearn/linear_model/_coordinate_descent.py:647: ConvergenceWarning: Objective did not converge. You might want to increase the number of iterations, check the scale of the features or consider increasing regularisation. Duality gap: 9.884e-02, tolerance: 2.942e-04
  model = cd_fast.enet_coordinate_descent(
/home/sfgary/.miniconda3/envs/superlearner/lib/python3.9/site-packages/sklearn/linear_model/_coordinate_descent.py:647: ConvergenceWarning: Objective did not converge. You might want to increase the number of iterations, check the scale of the features or consider increasing regularisation. Duality gap: 2.049e-02, tolerance: 1.814e-04
  model = cd_fast.enet_coordinate_descent(
/home/sfgary/.miniconda3/envs/superlearner/lib/python3.9/site-packages/sklearn/linear_model/_coordinate_descent.py:647: ConvergenceWarning: Objective did not converge. You might want to increase the number of iterations, check the scale of the features or consider increasing regularisation. Duality gap: 3.258e-02, tolerance: 1.611e-04
  model = cd_fast.enet_coordinate_descent(
/home/sfgary/.miniconda3/envs/superlearner/lib/python3.9/site-packages/sklearn/linear_model/_coordinate_descent.py:647: ConvergenceWarning: Objective did not converge. You might want to increase the number of iterations, check the scale of the features or consider increasing regularisation. Duality gap: 2.546e-02, tolerance: 1.692e-04
  model = cd_fast.enet_coordinate_descent(
/home/sfgary/.miniconda3/envs/superlearner/lib/python3.9/site-packages/sklearn/linear_model/_coordinate_descent.py:647: ConvergenceWarning: Objective did not converge. You might want to increase the number of iterations, check the scale of the features or consider increasing regularisation. Duality gap: 2.419e-02, tolerance: 1.845e-04
  model = cd_fast.enet_coordinate_descent(
/home/sfgary/.miniconda3/envs/superlearner/lib/python3.9/site-packages/sklearn/linear_model/_coordinate_descent.py:647: ConvergenceWarning: Objective did not converge. You might want to increase the number of iterations, check the scale of the features or consider increasing regularisation. Duality gap: 7.989e-02, tolerance: 2.942e-04
  model = cd_fast.enet_coordinate_descent(
/home/sfgary/.miniconda3/envs/superlearner/lib/python3.9/site-packages/sklearn/linear_model/_coordinate_descent.py:647: ConvergenceWarning: Objective did not converge. You might want to increase the number of iterations, check the scale of the features or consider increasing regularisation. Duality gap: 1.241e-02, tolerance: 1.814e-04
  model = cd_fast.enet_coordinate_descent(
/home/sfgary/.miniconda3/envs/superlearner/lib/python3.9/site-packages/sklearn/linear_model/_coordinate_descent.py:647: ConvergenceWarning: Objective did not converge. You might want to increase the number of iterations, check the scale of the features or consider increasing regularisation. Duality gap: 3.727e-02, tolerance: 1.611e-04
  model = cd_fast.enet_coordinate_descent(
/home/sfgary/.miniconda3/envs/superlearner/lib/python3.9/site-packages/sklearn/linear_model/_coordinate_descent.py:647: ConvergenceWarning: Objective did not converge. You might want to increase the number of iterations, check the scale of the features or consider increasing regularisation. Duality gap: 2.283e-02, tolerance: 1.692e-04
  model = cd_fast.enet_coordinate_descent(
/home/sfgary/.miniconda3/envs/superlearner/lib/python3.9/site-packages/sklearn/linear_model/_coordinate_descent.py:647: ConvergenceWarning: Objective did not converge. You might want to increase the number of iterations, check the scale of the features or consider increasing regularisation. Duality gap: 2.695e-02, tolerance: 1.845e-04
  model = cd_fast.enet_coordinate_descent(
/home/sfgary/.miniconda3/envs/superlearner/lib/python3.9/site-packages/sklearn/linear_model/_coordinate_descent.py:647: ConvergenceWarning: Objective did not converge. You might want to increase the number of iterations, check the scale of the features or consider increasing regularisation. Duality gap: 8.257e-02, tolerance: 2.942e-04
  model = cd_fast.enet_coordinate_descent(
/home/sfgary/.miniconda3/envs/superlearner/lib/python3.9/site-packages/sklearn/linear_model/_coordinate_descent.py:647: ConvergenceWarning: Objective did not converge. You might want to increase the number of iterations, check the scale of the features or consider increasing regularisation. Duality gap: 2.054e-02, tolerance: 1.814e-04
  model = cd_fast.enet_coordinate_descent(
/home/sfgary/.miniconda3/envs/superlearner/lib/python3.9/site-packages/sklearn/linear_model/_coordinate_descent.py:647: ConvergenceWarning: Objective did not converge. You might want to increase the number of iterations, check the scale of the features or consider increasing regularisation. Duality gap: 2.145e-02, tolerance: 1.611e-04
  model = cd_fast.enet_coordinate_descent(
/home/sfgary/.miniconda3/envs/superlearner/lib/python3.9/site-packages/sklearn/linear_model/_coordinate_descent.py:647: ConvergenceWarning: Objective did not converge. You might want to increase the number of iterations, check the scale of the features or consider increasing regularisation. Duality gap: 2.993e-02, tolerance: 1.692e-04
  model = cd_fast.enet_coordinate_descent(
/home/sfgary/.miniconda3/envs/superlearner/lib/python3.9/site-packages/sklearn/linear_model/_coordinate_descent.py:647: ConvergenceWarning: Objective did not converge. You might want to increase the number of iterations, check the scale of the features or consider increasing regularisation. Duality gap: 2.438e-02, tolerance: 1.845e-04
  model = cd_fast.enet_coordinate_descent(
/home/sfgary/.miniconda3/envs/superlearner/lib/python3.9/site-packages/sklearn/linear_model/_coordinate_descent.py:647: ConvergenceWarning: Objective did not converge. You might want to increase the number of iterations, check the scale of the features or consider increasing regularisation. Duality gap: 8.419e-02, tolerance: 2.942e-04
  model = cd_fast.enet_coordinate_descent(
/home/sfgary/.miniconda3/envs/superlearner/lib/python3.9/site-packages/sklearn/linear_model/_coordinate_descent.py:647: ConvergenceWarning: Objective did not converge. You might want to increase the number of iterations, check the scale of the features or consider increasing regularisation. Duality gap: 1.042e-02, tolerance: 1.814e-04
  model = cd_fast.enet_coordinate_descent(
/home/sfgary/.miniconda3/envs/superlearner/lib/python3.9/site-packages/sklearn/linear_model/_coordinate_descent.py:647: ConvergenceWarning: Objective did not converge. You might want to increase the number of iterations, check the scale of the features or consider increasing regularisation. Duality gap: 1.657e-02, tolerance: 1.611e-04
  model = cd_fast.enet_coordinate_descent(
/home/sfgary/.miniconda3/envs/superlearner/lib/python3.9/site-packages/sklearn/linear_model/_coordinate_descent.py:647: ConvergenceWarning: Objective did not converge. You might want to increase the number of iterations, check the scale of the features or consider increasing regularisation. Duality gap: 1.476e-02, tolerance: 1.692e-04
  model = cd_fast.enet_coordinate_descent(
/home/sfgary/.miniconda3/envs/superlearner/lib/python3.9/site-packages/sklearn/linear_model/_coordinate_descent.py:647: ConvergenceWarning: Objective did not converge. You might want to increase the number of iterations, check the scale of the features or consider increasing regularisation. Duality gap: 1.849e-02, tolerance: 1.845e-04
  model = cd_fast.enet_coordinate_descent(
/home/sfgary/.miniconda3/envs/superlearner/lib/python3.9/site-packages/sklearn/linear_model/_coordinate_descent.py:647: ConvergenceWarning: Objective did not converge. You might want to increase the number of iterations, check the scale of the features or consider increasing regularisation. Duality gap: 2.645e-02, tolerance: 2.942e-04
  model = cd_fast.enet_coordinate_descent(
/home/sfgary/.miniconda3/envs/superlearner/lib/python3.9/site-packages/sklearn/linear_model/_coordinate_descent.py:647: ConvergenceWarning: Objective did not converge. You might want to increase the number of iterations, check the scale of the features or consider increasing regularisation. Duality gap: 1.996e-03, tolerance: 1.814e-04
  model = cd_fast.enet_coordinate_descent(
/home/sfgary/.miniconda3/envs/superlearner/lib/python3.9/site-packages/sklearn/linear_model/_coordinate_descent.py:647: ConvergenceWarning: Objective did not converge. You might want to increase the number of iterations, check the scale of the features or consider increasing regularisation. Duality gap: 4.293e-02, tolerance: 1.611e-04
  model = cd_fast.enet_coordinate_descent(
/home/sfgary/.miniconda3/envs/superlearner/lib/python3.9/site-packages/sklearn/linear_model/_coordinate_descent.py:647: ConvergenceWarning: Objective did not converge. You might want to increase the number of iterations, check the scale of the features or consider increasing regularisation. Duality gap: 3.492e-02, tolerance: 1.692e-04
  model = cd_fast.enet_coordinate_descent(
/home/sfgary/.miniconda3/envs/superlearner/lib/python3.9/site-packages/sklearn/linear_model/_coordinate_descent.py:647: ConvergenceWarning: Objective did not converge. You might want to increase the number of iterations, check the scale of the features or consider increasing regularisation. Duality gap: 2.840e-02, tolerance: 1.845e-04
  model = cd_fast.enet_coordinate_descent(
/home/sfgary/.miniconda3/envs/superlearner/lib/python3.9/site-packages/sklearn/linear_model/_coordinate_descent.py:647: ConvergenceWarning: Objective did not converge. You might want to increase the number of iterations, check the scale of the features or consider increasing regularisation. Duality gap: 1.067e-01, tolerance: 2.942e-04
  model = cd_fast.enet_coordinate_descent(
/home/sfgary/.miniconda3/envs/superlearner/lib/python3.9/site-packages/sklearn/linear_model/_coordinate_descent.py:647: ConvergenceWarning: Objective did not converge. You might want to increase the number of iterations, check the scale of the features or consider increasing regularisation. Duality gap: 2.440e-02, tolerance: 1.814e-04
  model = cd_fast.enet_coordinate_descent(
/home/sfgary/.miniconda3/envs/superlearner/lib/python3.9/site-packages/sklearn/linear_model/_coordinate_descent.py:647: ConvergenceWarning: Objective did not converge. You might want to increase the number of iterations, check the scale of the features or consider increasing regularisation. Duality gap: 4.529e-02, tolerance: 1.611e-04
  model = cd_fast.enet_coordinate_descent(
/home/sfgary/.miniconda3/envs/superlearner/lib/python3.9/site-packages/sklearn/linear_model/_coordinate_descent.py:647: ConvergenceWarning: Objective did not converge. You might want to increase the number of iterations, check the scale of the features or consider increasing regularisation. Duality gap: 3.756e-02, tolerance: 1.692e-04
  model = cd_fast.enet_coordinate_descent(
/home/sfgary/.miniconda3/envs/superlearner/lib/python3.9/site-packages/sklearn/linear_model/_coordinate_descent.py:647: ConvergenceWarning: Objective did not converge. You might want to increase the number of iterations, check the scale of the features or consider increasing regularisation. Duality gap: 3.095e-02, tolerance: 1.845e-04
  model = cd_fast.enet_coordinate_descent(
/home/sfgary/.miniconda3/envs/superlearner/lib/python3.9/site-packages/sklearn/linear_model/_coordinate_descent.py:647: ConvergenceWarning: Objective did not converge. You might want to increase the number of iterations, check the scale of the features or consider increasing regularisation. Duality gap: 1.100e-01, tolerance: 2.942e-04
  model = cd_fast.enet_coordinate_descent(
/home/sfgary/.miniconda3/envs/superlearner/lib/python3.9/site-packages/sklearn/linear_model/_coordinate_descent.py:647: ConvergenceWarning: Objective did not converge. You might want to increase the number of iterations, check the scale of the features or consider increasing regularisation. Duality gap: 2.585e-02, tolerance: 1.814e-04
  model = cd_fast.enet_coordinate_descent(
/home/sfgary/.miniconda3/envs/superlearner/lib/python3.9/site-packages/sklearn/linear_model/_coordinate_descent.py:647: ConvergenceWarning: Objective did not converge. You might want to increase the number of iterations, check the scale of the features or consider increasing regularisation. Duality gap: 6.781e-02, tolerance: 1.611e-04
  model = cd_fast.enet_coordinate_descent(
/home/sfgary/.miniconda3/envs/superlearner/lib/python3.9/site-packages/sklearn/linear_model/_coordinate_descent.py:647: ConvergenceWarning: Objective did not converge. You might want to increase the number of iterations, check the scale of the features or consider increasing regularisation. Duality gap: 6.215e-02, tolerance: 1.692e-04
  model = cd_fast.enet_coordinate_descent(
/home/sfgary/.miniconda3/envs/superlearner/lib/python3.9/site-packages/sklearn/linear_model/_coordinate_descent.py:647: ConvergenceWarning: Objective did not converge. You might want to increase the number of iterations, check the scale of the features or consider increasing regularisation. Duality gap: 5.608e-02, tolerance: 1.845e-04
  model = cd_fast.enet_coordinate_descent(
/home/sfgary/.miniconda3/envs/superlearner/lib/python3.9/site-packages/sklearn/linear_model/_coordinate_descent.py:647: ConvergenceWarning: Objective did not converge. You might want to increase the number of iterations, check the scale of the features or consider increasing regularisation. Duality gap: 1.326e-01, tolerance: 2.942e-04
  model = cd_fast.enet_coordinate_descent(
/home/sfgary/.miniconda3/envs/superlearner/lib/python3.9/site-packages/sklearn/linear_model/_coordinate_descent.py:647: ConvergenceWarning: Objective did not converge. You might want to increase the number of iterations, check the scale of the features or consider increasing regularisation. Duality gap: 4.295e-02, tolerance: 1.814e-04
  model = cd_fast.enet_coordinate_descent(
/home/sfgary/.miniconda3/envs/superlearner/lib/python3.9/site-packages/sklearn/linear_model/_coordinate_descent.py:647: ConvergenceWarning: Objective did not converge. You might want to increase the number of iterations, check the scale of the features or consider increasing regularisation. Duality gap: 4.175e-02, tolerance: 1.611e-04
  model = cd_fast.enet_coordinate_descent(
/home/sfgary/.miniconda3/envs/superlearner/lib/python3.9/site-packages/sklearn/linear_model/_coordinate_descent.py:647: ConvergenceWarning: Objective did not converge. You might want to increase the number of iterations, check the scale of the features or consider increasing regularisation. Duality gap: 3.355e-02, tolerance: 1.692e-04
  model = cd_fast.enet_coordinate_descent(
/home/sfgary/.miniconda3/envs/superlearner/lib/python3.9/site-packages/sklearn/linear_model/_coordinate_descent.py:647: ConvergenceWarning: Objective did not converge. You might want to increase the number of iterations, check the scale of the features or consider increasing regularisation. Duality gap: 2.601e-02, tolerance: 1.845e-04
  model = cd_fast.enet_coordinate_descent(
/home/sfgary/.miniconda3/envs/superlearner/lib/python3.9/site-packages/sklearn/linear_model/_coordinate_descent.py:647: ConvergenceWarning: Objective did not converge. You might want to increase the number of iterations, check the scale of the features or consider increasing regularisation. Duality gap: 1.011e-01, tolerance: 2.942e-04
  model = cd_fast.enet_coordinate_descent(
/home/sfgary/.miniconda3/envs/superlearner/lib/python3.9/site-packages/sklearn/linear_model/_coordinate_descent.py:647: ConvergenceWarning: Objective did not converge. You might want to increase the number of iterations, check the scale of the features or consider increasing regularisation. Duality gap: 2.028e-02, tolerance: 1.814e-04
  model = cd_fast.enet_coordinate_descent(
/home/sfgary/.miniconda3/envs/superlearner/lib/python3.9/site-packages/sklearn/linear_model/_coordinate_descent.py:647: ConvergenceWarning: Objective did not converge. You might want to increase the number of iterations, check the scale of the features or consider increasing regularisation. Duality gap: 1.328e-03, tolerance: 1.845e-04
  model = cd_fast.enet_coordinate_descent(
/home/sfgary/.miniconda3/envs/superlearner/lib/python3.9/site-packages/sklearn/linear_model/_coordinate_descent.py:647: ConvergenceWarning: Objective did not converge. You might want to increase the number of iterations, check the scale of the features or consider increasing regularisation. Duality gap: 1.622e-03, tolerance: 1.814e-04
  model = cd_fast.enet_coordinate_descent(
/home/sfgary/.miniconda3/envs/superlearner/lib/python3.9/site-packages/sklearn/linear_model/_huber.py:332: ConvergenceWarning: lbfgs failed to converge (status=1):
STOP: TOTAL NO. of ITERATIONS REACHED LIMIT.

Increase the number of iterations (max_iter) or scale the data as shown in:
    https://scikit-learn.org/stable/modules/preprocessing.html
  self.n_iter_ = _check_optimize_result("lbfgs", opt_res, self.max_iter)
/home/sfgary/.miniconda3/envs/superlearner/lib/python3.9/site-packages/sklearn/linear_model/_huber.py:332: ConvergenceWarning: lbfgs failed to converge (status=1):
STOP: TOTAL NO. of ITERATIONS REACHED LIMIT.

Increase the number of iterations (max_iter) or scale the data as shown in:
    https://scikit-learn.org/stable/modules/preprocessing.html
  self.n_iter_ = _check_optimize_result("lbfgs", opt_res, self.max_iter)
/home/sfgary/.miniconda3/envs/superlearner/lib/python3.9/site-packages/sklearn/linear_model/_huber.py:332: ConvergenceWarning: lbfgs failed to converge (status=1):
STOP: TOTAL NO. of ITERATIONS REACHED LIMIT.

Increase the number of iterations (max_iter) or scale the data as shown in:
    https://scikit-learn.org/stable/modules/preprocessing.html
  self.n_iter_ = _check_optimize_result("lbfgs", opt_res, self.max_iter)
/home/sfgary/.miniconda3/envs/superlearner/lib/python3.9/site-packages/sklearn/linear_model/_huber.py:332: ConvergenceWarning: lbfgs failed to converge (status=1):
STOP: TOTAL NO. of ITERATIONS REACHED LIMIT.

Increase the number of iterations (max_iter) or scale the data as shown in:
    https://scikit-learn.org/stable/modules/preprocessing.html
  self.n_iter_ = _check_optimize_result("lbfgs", opt_res, self.max_iter)
/home/sfgary/.miniconda3/envs/superlearner/lib/python3.9/site-packages/sklearn/linear_model/_huber.py:332: ConvergenceWarning: lbfgs failed to converge (status=1):
STOP: TOTAL NO. of ITERATIONS REACHED LIMIT.

Increase the number of iterations (max_iter) or scale the data as shown in:
    https://scikit-learn.org/stable/modules/preprocessing.html
  self.n_iter_ = _check_optimize_result("lbfgs", opt_res, self.max_iter)
/home/sfgary/.miniconda3/envs/superlearner/lib/python3.9/site-packages/sklearn/linear_model/_huber.py:332: ConvergenceWarning: lbfgs failed to converge (status=1):
STOP: TOTAL NO. of ITERATIONS REACHED LIMIT.

Increase the number of iterations (max_iter) or scale the data as shown in:
    https://scikit-learn.org/stable/modules/preprocessing.html
  self.n_iter_ = _check_optimize_result("lbfgs", opt_res, self.max_iter)
/home/sfgary/.miniconda3/envs/superlearner/lib/python3.9/site-packages/sklearn/linear_model/_huber.py:332: ConvergenceWarning: lbfgs failed to converge (status=1):
STOP: TOTAL NO. of ITERATIONS REACHED LIMIT.

Increase the number of iterations (max_iter) or scale the data as shown in:
    https://scikit-learn.org/stable/modules/preprocessing.html
  self.n_iter_ = _check_optimize_result("lbfgs", opt_res, self.max_iter)
/home/sfgary/.miniconda3/envs/superlearner/lib/python3.9/site-packages/sklearn/linear_model/_huber.py:332: ConvergenceWarning: lbfgs failed to converge (status=1):
STOP: TOTAL NO. of ITERATIONS REACHED LIMIT.

Increase the number of iterations (max_iter) or scale the data as shown in:
    https://scikit-learn.org/stable/modules/preprocessing.html
  self.n_iter_ = _check_optimize_result("lbfgs", opt_res, self.max_iter)
/home/sfgary/.miniconda3/envs/superlearner/lib/python3.9/site-packages/sklearn/linear_model/_huber.py:332: ConvergenceWarning: lbfgs failed to converge (status=1):
STOP: TOTAL NO. of ITERATIONS REACHED LIMIT.

Increase the number of iterations (max_iter) or scale the data as shown in:
    https://scikit-learn.org/stable/modules/preprocessing.html
  self.n_iter_ = _check_optimize_result("lbfgs", opt_res, self.max_iter)
/home/sfgary/.miniconda3/envs/superlearner/lib/python3.9/site-packages/sklearn/linear_model/_huber.py:332: ConvergenceWarning: lbfgs failed to converge (status=1):
STOP: TOTAL NO. of ITERATIONS REACHED LIMIT.

Increase the number of iterations (max_iter) or scale the data as shown in:
    https://scikit-learn.org/stable/modules/preprocessing.html
  self.n_iter_ = _check_optimize_result("lbfgs", opt_res, self.max_iter)
/home/sfgary/.miniconda3/envs/superlearner/lib/python3.9/site-packages/sklearn/linear_model/_huber.py:332: ConvergenceWarning: lbfgs failed to converge (status=1):
STOP: TOTAL NO. of ITERATIONS REACHED LIMIT.

Increase the number of iterations (max_iter) or scale the data as shown in:
    https://scikit-learn.org/stable/modules/preprocessing.html
  self.n_iter_ = _check_optimize_result("lbfgs", opt_res, self.max_iter)
/home/sfgary/.miniconda3/envs/superlearner/lib/python3.9/site-packages/sklearn/linear_model/_huber.py:332: ConvergenceWarning: lbfgs failed to converge (status=1):
STOP: TOTAL NO. of ITERATIONS REACHED LIMIT.

Increase the number of iterations (max_iter) or scale the data as shown in:
    https://scikit-learn.org/stable/modules/preprocessing.html
  self.n_iter_ = _check_optimize_result("lbfgs", opt_res, self.max_iter)
/home/sfgary/.miniconda3/envs/superlearner/lib/python3.9/site-packages/sklearn/linear_model/_huber.py:332: ConvergenceWarning: lbfgs failed to converge (status=1):
STOP: TOTAL NO. of ITERATIONS REACHED LIMIT.

Increase the number of iterations (max_iter) or scale the data as shown in:
    https://scikit-learn.org/stable/modules/preprocessing.html
  self.n_iter_ = _check_optimize_result("lbfgs", opt_res, self.max_iter)
/home/sfgary/.miniconda3/envs/superlearner/lib/python3.9/site-packages/sklearn/linear_model/_huber.py:332: ConvergenceWarning: lbfgs failed to converge (status=1):
STOP: TOTAL NO. of ITERATIONS REACHED LIMIT.

Increase the number of iterations (max_iter) or scale the data as shown in:
    https://scikit-learn.org/stable/modules/preprocessing.html
  self.n_iter_ = _check_optimize_result("lbfgs", opt_res, self.max_iter)
/home/sfgary/.miniconda3/envs/superlearner/lib/python3.9/site-packages/sklearn/linear_model/_huber.py:332: ConvergenceWarning: lbfgs failed to converge (status=1):
STOP: TOTAL NO. of ITERATIONS REACHED LIMIT.

Increase the number of iterations (max_iter) or scale the data as shown in:
    https://scikit-learn.org/stable/modules/preprocessing.html
  self.n_iter_ = _check_optimize_result("lbfgs", opt_res, self.max_iter)
/home/sfgary/.miniconda3/envs/superlearner/lib/python3.9/site-packages/sklearn/linear_model/_huber.py:332: ConvergenceWarning: lbfgs failed to converge (status=1):
STOP: TOTAL NO. of ITERATIONS REACHED LIMIT.

Increase the number of iterations (max_iter) or scale the data as shown in:
    https://scikit-learn.org/stable/modules/preprocessing.html
  self.n_iter_ = _check_optimize_result("lbfgs", opt_res, self.max_iter)
/home/sfgary/.miniconda3/envs/superlearner/lib/python3.9/site-packages/sklearn/linear_model/_huber.py:332: ConvergenceWarning: lbfgs failed to converge (status=1):
STOP: TOTAL NO. of ITERATIONS REACHED LIMIT.

Increase the number of iterations (max_iter) or scale the data as shown in:
    https://scikit-learn.org/stable/modules/preprocessing.html
  self.n_iter_ = _check_optimize_result("lbfgs", opt_res, self.max_iter)
/home/sfgary/.miniconda3/envs/superlearner/lib/python3.9/site-packages/sklearn/linear_model/_huber.py:332: ConvergenceWarning: lbfgs failed to converge (status=1):
STOP: TOTAL NO. of ITERATIONS REACHED LIMIT.

Increase the number of iterations (max_iter) or scale the data as shown in:
    https://scikit-learn.org/stable/modules/preprocessing.html
  self.n_iter_ = _check_optimize_result("lbfgs", opt_res, self.max_iter)
/home/sfgary/.miniconda3/envs/superlearner/lib/python3.9/site-packages/sklearn/linear_model/_huber.py:332: ConvergenceWarning: lbfgs failed to converge (status=1):
STOP: TOTAL NO. of ITERATIONS REACHED LIMIT.

Increase the number of iterations (max_iter) or scale the data as shown in:
    https://scikit-learn.org/stable/modules/preprocessing.html
  self.n_iter_ = _check_optimize_result("lbfgs", opt_res, self.max_iter)
/home/sfgary/.miniconda3/envs/superlearner/lib/python3.9/site-packages/sklearn/linear_model/_huber.py:332: ConvergenceWarning: lbfgs failed to converge (status=1):
STOP: TOTAL NO. of ITERATIONS REACHED LIMIT.

Increase the number of iterations (max_iter) or scale the data as shown in:
    https://scikit-learn.org/stable/modules/preprocessing.html
  self.n_iter_ = _check_optimize_result("lbfgs", opt_res, self.max_iter)
/home/sfgary/.miniconda3/envs/superlearner/lib/python3.9/site-packages/sklearn/linear_model/_huber.py:332: ConvergenceWarning: lbfgs failed to converge (status=1):
STOP: TOTAL NO. of ITERATIONS REACHED LIMIT.

Increase the number of iterations (max_iter) or scale the data as shown in:
    https://scikit-learn.org/stable/modules/preprocessing.html
  self.n_iter_ = _check_optimize_result("lbfgs", opt_res, self.max_iter)
/home/sfgary/.miniconda3/envs/superlearner/lib/python3.9/site-packages/sklearn/linear_model/_huber.py:332: ConvergenceWarning: lbfgs failed to converge (status=1):
STOP: TOTAL NO. of ITERATIONS REACHED LIMIT.

Increase the number of iterations (max_iter) or scale the data as shown in:
    https://scikit-learn.org/stable/modules/preprocessing.html
  self.n_iter_ = _check_optimize_result("lbfgs", opt_res, self.max_iter)
/home/sfgary/.miniconda3/envs/superlearner/lib/python3.9/site-packages/sklearn/linear_model/_huber.py:332: ConvergenceWarning: lbfgs failed to converge (status=1):
STOP: TOTAL NO. of ITERATIONS REACHED LIMIT.

Increase the number of iterations (max_iter) or scale the data as shown in:
    https://scikit-learn.org/stable/modules/preprocessing.html
  self.n_iter_ = _check_optimize_result("lbfgs", opt_res, self.max_iter)
/home/sfgary/.miniconda3/envs/superlearner/lib/python3.9/site-packages/sklearn/linear_model/_huber.py:332: ConvergenceWarning: lbfgs failed to converge (status=1):
STOP: TOTAL NO. of ITERATIONS REACHED LIMIT.

Increase the number of iterations (max_iter) or scale the data as shown in:
    https://scikit-learn.org/stable/modules/preprocessing.html
  self.n_iter_ = _check_optimize_result("lbfgs", opt_res, self.max_iter)
/home/sfgary/.miniconda3/envs/superlearner/lib/python3.9/site-packages/sklearn/linear_model/_huber.py:332: ConvergenceWarning: lbfgs failed to converge (status=1):
STOP: TOTAL NO. of ITERATIONS REACHED LIMIT.

Increase the number of iterations (max_iter) or scale the data as shown in:
    https://scikit-learn.org/stable/modules/preprocessing.html
  self.n_iter_ = _check_optimize_result("lbfgs", opt_res, self.max_iter)
/home/sfgary/.miniconda3/envs/superlearner/lib/python3.9/site-packages/sklearn/linear_model/_huber.py:332: ConvergenceWarning: lbfgs failed to converge (status=1):
STOP: TOTAL NO. of ITERATIONS REACHED LIMIT.

Increase the number of iterations (max_iter) or scale the data as shown in:
    https://scikit-learn.org/stable/modules/preprocessing.html
  self.n_iter_ = _check_optimize_result("lbfgs", opt_res, self.max_iter)
/home/sfgary/.miniconda3/envs/superlearner/lib/python3.9/site-packages/sklearn/linear_model/_huber.py:332: ConvergenceWarning: lbfgs failed to converge (status=1):
STOP: TOTAL NO. of ITERATIONS REACHED LIMIT.

Increase the number of iterations (max_iter) or scale the data as shown in:
    https://scikit-learn.org/stable/modules/preprocessing.html
  self.n_iter_ = _check_optimize_result("lbfgs", opt_res, self.max_iter)
/home/sfgary/.miniconda3/envs/superlearner/lib/python3.9/site-packages/sklearn/linear_model/_huber.py:332: ConvergenceWarning: lbfgs failed to converge (status=1):
STOP: TOTAL NO. of ITERATIONS REACHED LIMIT.

Increase the number of iterations (max_iter) or scale the data as shown in:
    https://scikit-learn.org/stable/modules/preprocessing.html
  self.n_iter_ = _check_optimize_result("lbfgs", opt_res, self.max_iter)
/home/sfgary/.miniconda3/envs/superlearner/lib/python3.9/site-packages/sklearn/linear_model/_huber.py:332: ConvergenceWarning: lbfgs failed to converge (status=1):
STOP: TOTAL NO. of ITERATIONS REACHED LIMIT.

Increase the number of iterations (max_iter) or scale the data as shown in:
    https://scikit-learn.org/stable/modules/preprocessing.html
  self.n_iter_ = _check_optimize_result("lbfgs", opt_res, self.max_iter)
/home/sfgary/.miniconda3/envs/superlearner/lib/python3.9/site-packages/sklearn/linear_model/_huber.py:332: ConvergenceWarning: lbfgs failed to converge (status=1):
STOP: TOTAL NO. of ITERATIONS REACHED LIMIT.

Increase the number of iterations (max_iter) or scale the data as shown in:
    https://scikit-learn.org/stable/modules/preprocessing.html
  self.n_iter_ = _check_optimize_result("lbfgs", opt_res, self.max_iter)
/home/sfgary/.miniconda3/envs/superlearner/lib/python3.9/site-packages/sklearn/linear_model/_huber.py:332: ConvergenceWarning: lbfgs failed to converge (status=1):
STOP: TOTAL NO. of ITERATIONS REACHED LIMIT.

Increase the number of iterations (max_iter) or scale the data as shown in:
    https://scikit-learn.org/stable/modules/preprocessing.html
  self.n_iter_ = _check_optimize_result("lbfgs", opt_res, self.max_iter)
/home/sfgary/.miniconda3/envs/superlearner/lib/python3.9/site-packages/sklearn/linear_model/_huber.py:332: ConvergenceWarning: lbfgs failed to converge (status=1):
STOP: TOTAL NO. of ITERATIONS REACHED LIMIT.

Increase the number of iterations (max_iter) or scale the data as shown in:
    https://scikit-learn.org/stable/modules/preprocessing.html
  self.n_iter_ = _check_optimize_result("lbfgs", opt_res, self.max_iter)
/home/sfgary/.miniconda3/envs/superlearner/lib/python3.9/site-packages/sklearn/ensemble/_forest.py:396: FutureWarning: Criterion 'mse' was deprecated in v1.0 and will be removed in version 1.2. Use `criterion='squared_error'` which is equivalent.
  warn(
/home/sfgary/.miniconda3/envs/superlearner/lib/python3.9/site-packages/sklearn/ensemble/_forest.py:396: FutureWarning: Criterion 'mse' was deprecated in v1.0 and will be removed in version 1.2. Use `criterion='squared_error'` which is equivalent.
  warn(
/home/sfgary/.miniconda3/envs/superlearner/lib/python3.9/site-packages/sklearn/ensemble/_forest.py:396: FutureWarning: Criterion 'mse' was deprecated in v1.0 and will be removed in version 1.2. Use `criterion='squared_error'` which is equivalent.
  warn(
/home/sfgary/.miniconda3/envs/superlearner/lib/python3.9/site-packages/sklearn/ensemble/_forest.py:396: FutureWarning: Criterion 'mse' was deprecated in v1.0 and will be removed in version 1.2. Use `criterion='squared_error'` which is equivalent.
  warn(
/home/sfgary/.miniconda3/envs/superlearner/lib/python3.9/site-packages/sklearn/ensemble/_forest.py:396: FutureWarning: Criterion 'mse' was deprecated in v1.0 and will be removed in version 1.2. Use `criterion='squared_error'` which is equivalent.
  warn(
/home/sfgary/.miniconda3/envs/superlearner/lib/python3.9/site-packages/sklearn/ensemble/_forest.py:396: FutureWarning: Criterion 'mse' was deprecated in v1.0 and will be removed in version 1.2. Use `criterion='squared_error'` which is equivalent.
  warn(
/home/sfgary/.miniconda3/envs/superlearner/lib/python3.9/site-packages/sklearn/ensemble/_forest.py:396: FutureWarning: Criterion 'mse' was deprecated in v1.0 and will be removed in version 1.2. Use `criterion='squared_error'` which is equivalent.
  warn(
/home/sfgary/.miniconda3/envs/superlearner/lib/python3.9/site-packages/sklearn/ensemble/_forest.py:396: FutureWarning: Criterion 'mse' was deprecated in v1.0 and will be removed in version 1.2. Use `criterion='squared_error'` which is equivalent.
  warn(
/home/sfgary/.miniconda3/envs/superlearner/lib/python3.9/site-packages/sklearn/ensemble/_forest.py:396: FutureWarning: Criterion 'mse' was deprecated in v1.0 and will be removed in version 1.2. Use `criterion='squared_error'` which is equivalent.
  warn(
/home/sfgary/.miniconda3/envs/superlearner/lib/python3.9/site-packages/sklearn/ensemble/_forest.py:396: FutureWarning: Criterion 'mse' was deprecated in v1.0 and will be removed in version 1.2. Use `criterion='squared_error'` which is equivalent.
  warn(
/home/sfgary/.miniconda3/envs/superlearner/lib/python3.9/site-packages/sklearn/ensemble/_forest.py:396: FutureWarning: Criterion 'mse' was deprecated in v1.0 and will be removed in version 1.2. Use `criterion='squared_error'` which is equivalent.
  warn(
/home/sfgary/.miniconda3/envs/superlearner/lib/python3.9/site-packages/sklearn/ensemble/_forest.py:396: FutureWarning: Criterion 'mse' was deprecated in v1.0 and will be removed in version 1.2. Use `criterion='squared_error'` which is equivalent.
  warn(
/home/sfgary/.miniconda3/envs/superlearner/lib/python3.9/site-packages/sklearn/ensemble/_forest.py:396: FutureWarning: Criterion 'mse' was deprecated in v1.0 and will be removed in version 1.2. Use `criterion='squared_error'` which is equivalent.
  warn(
/home/sfgary/.miniconda3/envs/superlearner/lib/python3.9/site-packages/sklearn/ensemble/_forest.py:396: FutureWarning: Criterion 'mse' was deprecated in v1.0 and will be removed in version 1.2. Use `criterion='squared_error'` which is equivalent.
  warn(
/home/sfgary/.miniconda3/envs/superlearner/lib/python3.9/site-packages/sklearn/ensemble/_forest.py:396: FutureWarning: Criterion 'mse' was deprecated in v1.0 and will be removed in version 1.2. Use `criterion='squared_error'` which is equivalent.
  warn(
/home/sfgary/.miniconda3/envs/superlearner/lib/python3.9/site-packages/sklearn/ensemble/_forest.py:403: FutureWarning: Criterion 'mae' was deprecated in v1.0 and will be removed in version 1.2. Use `criterion='absolute_error'` which is equivalent.
  warn(
/home/sfgary/.miniconda3/envs/superlearner/lib/python3.9/site-packages/sklearn/ensemble/_forest.py:403: FutureWarning: Criterion 'mae' was deprecated in v1.0 and will be removed in version 1.2. Use `criterion='absolute_error'` which is equivalent.
  warn(
/home/sfgary/.miniconda3/envs/superlearner/lib/python3.9/site-packages/sklearn/ensemble/_forest.py:403: FutureWarning: Criterion 'mae' was deprecated in v1.0 and will be removed in version 1.2. Use `criterion='absolute_error'` which is equivalent.
  warn(
/home/sfgary/.miniconda3/envs/superlearner/lib/python3.9/site-packages/sklearn/ensemble/_forest.py:403: FutureWarning: Criterion 'mae' was deprecated in v1.0 and will be removed in version 1.2. Use `criterion='absolute_error'` which is equivalent.
  warn(
/home/sfgary/.miniconda3/envs/superlearner/lib/python3.9/site-packages/sklearn/ensemble/_forest.py:403: FutureWarning: Criterion 'mae' was deprecated in v1.0 and will be removed in version 1.2. Use `criterion='absolute_error'` which is equivalent.
  warn(
/home/sfgary/.miniconda3/envs/superlearner/lib/python3.9/site-packages/sklearn/ensemble/_forest.py:403: FutureWarning: Criterion 'mae' was deprecated in v1.0 and will be removed in version 1.2. Use `criterion='absolute_error'` which is equivalent.
  warn(
/home/sfgary/.miniconda3/envs/superlearner/lib/python3.9/site-packages/sklearn/ensemble/_forest.py:403: FutureWarning: Criterion 'mae' was deprecated in v1.0 and will be removed in version 1.2. Use `criterion='absolute_error'` which is equivalent.
  warn(
/home/sfgary/.miniconda3/envs/superlearner/lib/python3.9/site-packages/sklearn/ensemble/_forest.py:403: FutureWarning: Criterion 'mae' was deprecated in v1.0 and will be removed in version 1.2. Use `criterion='absolute_error'` which is equivalent.
  warn(
/home/sfgary/.miniconda3/envs/superlearner/lib/python3.9/site-packages/sklearn/ensemble/_forest.py:403: FutureWarning: Criterion 'mae' was deprecated in v1.0 and will be removed in version 1.2. Use `criterion='absolute_error'` which is equivalent.
  warn(
/home/sfgary/.miniconda3/envs/superlearner/lib/python3.9/site-packages/sklearn/ensemble/_forest.py:403: FutureWarning: Criterion 'mae' was deprecated in v1.0 and will be removed in version 1.2. Use `criterion='absolute_error'` which is equivalent.
  warn(
/home/sfgary/.miniconda3/envs/superlearner/lib/python3.9/site-packages/sklearn/ensemble/_forest.py:396: FutureWarning: Criterion 'mse' was deprecated in v1.0 and will be removed in version 1.2. Use `criterion='squared_error'` which is equivalent.
  warn(
/home/sfgary/.miniconda3/envs/superlearner/lib/python3.9/site-packages/sklearn/ensemble/_forest.py:396: FutureWarning: Criterion 'mse' was deprecated in v1.0 and will be removed in version 1.2. Use `criterion='squared_error'` which is equivalent.
  warn(
/home/sfgary/.miniconda3/envs/superlearner/lib/python3.9/site-packages/sklearn/ensemble/_forest.py:396: FutureWarning: Criterion 'mse' was deprecated in v1.0 and will be removed in version 1.2. Use `criterion='squared_error'` which is equivalent.
  warn(
/home/sfgary/.miniconda3/envs/superlearner/lib/python3.9/site-packages/sklearn/ensemble/_forest.py:396: FutureWarning: Criterion 'mse' was deprecated in v1.0 and will be removed in version 1.2. Use `criterion='squared_error'` which is equivalent.
  warn(
/home/sfgary/.miniconda3/envs/superlearner/lib/python3.9/site-packages/sklearn/ensemble/_forest.py:396: FutureWarning: Criterion 'mse' was deprecated in v1.0 and will be removed in version 1.2. Use `criterion='squared_error'` which is equivalent.
  warn(
/home/sfgary/.miniconda3/envs/superlearner/lib/python3.9/site-packages/sklearn/ensemble/_forest.py:403: FutureWarning: Criterion 'mae' was deprecated in v1.0 and will be removed in version 1.2. Use `criterion='absolute_error'` which is equivalent.
  warn(
/home/sfgary/.miniconda3/envs/superlearner/lib/python3.9/site-packages/sklearn/ensemble/_forest.py:403: FutureWarning: Criterion 'mae' was deprecated in v1.0 and will be removed in version 1.2. Use `criterion='absolute_error'` which is equivalent.
  warn(
/home/sfgary/.miniconda3/envs/superlearner/lib/python3.9/site-packages/sklearn/ensemble/_forest.py:403: FutureWarning: Criterion 'mae' was deprecated in v1.0 and will be removed in version 1.2. Use `criterion='absolute_error'` which is equivalent.
  warn(
/home/sfgary/.miniconda3/envs/superlearner/lib/python3.9/site-packages/sklearn/ensemble/_forest.py:403: FutureWarning: Criterion 'mae' was deprecated in v1.0 and will be removed in version 1.2. Use `criterion='absolute_error'` which is equivalent.
  warn(
/home/sfgary/.miniconda3/envs/superlearner/lib/python3.9/site-packages/sklearn/ensemble/_forest.py:403: FutureWarning: Criterion 'mae' was deprecated in v1.0 and will be removed in version 1.2. Use `criterion='absolute_error'` which is equivalent.
  warn(
/home/sfgary/.miniconda3/envs/superlearner/lib/python3.9/site-packages/sklearn/ensemble/_forest.py:396: FutureWarning: Criterion 'mse' was deprecated in v1.0 and will be removed in version 1.2. Use `criterion='squared_error'` which is equivalent.
  warn(
/home/sfgary/.miniconda3/envs/superlearner/lib/python3.9/site-packages/sklearn/ensemble/_forest.py:396: FutureWarning: Criterion 'mse' was deprecated in v1.0 and will be removed in version 1.2. Use `criterion='squared_error'` which is equivalent.
  warn(
/home/sfgary/.miniconda3/envs/superlearner/lib/python3.9/site-packages/sklearn/ensemble/_forest.py:396: FutureWarning: Criterion 'mse' was deprecated in v1.0 and will be removed in version 1.2. Use `criterion='squared_error'` which is equivalent.
  warn(
/home/sfgary/.miniconda3/envs/superlearner/lib/python3.9/site-packages/sklearn/ensemble/_forest.py:396: FutureWarning: Criterion 'mse' was deprecated in v1.0 and will be removed in version 1.2. Use `criterion='squared_error'` which is equivalent.
  warn(
/home/sfgary/.miniconda3/envs/superlearner/lib/python3.9/site-packages/sklearn/ensemble/_forest.py:396: FutureWarning: Criterion 'mse' was deprecated in v1.0 and will be removed in version 1.2. Use `criterion='squared_error'` which is equivalent.
  warn(
/home/sfgary/.miniconda3/envs/superlearner/lib/python3.9/site-packages/sklearn/ensemble/_forest.py:403: FutureWarning: Criterion 'mae' was deprecated in v1.0 and will be removed in version 1.2. Use `criterion='absolute_error'` which is equivalent.
  warn(
/home/sfgary/.miniconda3/envs/superlearner/lib/python3.9/site-packages/sklearn/ensemble/_forest.py:403: FutureWarning: Criterion 'mae' was deprecated in v1.0 and will be removed in version 1.2. Use `criterion='absolute_error'` which is equivalent.
  warn(
/home/sfgary/.miniconda3/envs/superlearner/lib/python3.9/site-packages/sklearn/ensemble/_forest.py:403: FutureWarning: Criterion 'mae' was deprecated in v1.0 and will be removed in version 1.2. Use `criterion='absolute_error'` which is equivalent.
  warn(
/home/sfgary/.miniconda3/envs/superlearner/lib/python3.9/site-packages/sklearn/ensemble/_forest.py:403: FutureWarning: Criterion 'mae' was deprecated in v1.0 and will be removed in version 1.2. Use `criterion='absolute_error'` which is equivalent.
  warn(
/home/sfgary/.miniconda3/envs/superlearner/lib/python3.9/site-packages/sklearn/ensemble/_forest.py:403: FutureWarning: Criterion 'mae' was deprecated in v1.0 and will be removed in version 1.2. Use `criterion='absolute_error'` which is equivalent.
  warn(
/home/sfgary/.miniconda3/envs/superlearner/lib/python3.9/site-packages/sklearn/ensemble/_forest.py:403: FutureWarning: Criterion 'mae' was deprecated in v1.0 and will be removed in version 1.2. Use `criterion='absolute_error'` which is equivalent.
  warn(
/home/sfgary/.miniconda3/envs/superlearner/lib/python3.9/site-packages/sklearn/ensemble/_forest.py:403: FutureWarning: Criterion 'mae' was deprecated in v1.0 and will be removed in version 1.2. Use `criterion='absolute_error'` which is equivalent.
  warn(
/home/sfgary/.miniconda3/envs/superlearner/lib/python3.9/site-packages/sklearn/ensemble/_forest.py:403: FutureWarning: Criterion 'mae' was deprecated in v1.0 and will be removed in version 1.2. Use `criterion='absolute_error'` which is equivalent.
  warn(
/home/sfgary/.miniconda3/envs/superlearner/lib/python3.9/site-packages/sklearn/ensemble/_forest.py:403: FutureWarning: Criterion 'mae' was deprecated in v1.0 and will be removed in version 1.2. Use `criterion='absolute_error'` which is equivalent.
  warn(
/home/sfgary/.miniconda3/envs/superlearner/lib/python3.9/site-packages/sklearn/ensemble/_forest.py:403: FutureWarning: Criterion 'mae' was deprecated in v1.0 and will be removed in version 1.2. Use `criterion='absolute_error'` which is equivalent.
  warn(
/home/sfgary/.miniconda3/envs/superlearner/lib/python3.9/site-packages/sklearn/ensemble/_forest.py:403: FutureWarning: Criterion 'mae' was deprecated in v1.0 and will be removed in version 1.2. Use `criterion='absolute_error'` which is equivalent.
  warn(
/home/sfgary/.miniconda3/envs/superlearner/lib/python3.9/site-packages/sklearn/ensemble/_forest.py:403: FutureWarning: Criterion 'mae' was deprecated in v1.0 and will be removed in version 1.2. Use `criterion='absolute_error'` which is equivalent.
  warn(
/home/sfgary/.miniconda3/envs/superlearner/lib/python3.9/site-packages/sklearn/ensemble/_forest.py:403: FutureWarning: Criterion 'mae' was deprecated in v1.0 and will be removed in version 1.2. Use `criterion='absolute_error'` which is equivalent.
  warn(
/home/sfgary/.miniconda3/envs/superlearner/lib/python3.9/site-packages/sklearn/ensemble/_forest.py:403: FutureWarning: Criterion 'mae' was deprecated in v1.0 and will be removed in version 1.2. Use `criterion='absolute_error'` which is equivalent.
  warn(
/home/sfgary/.miniconda3/envs/superlearner/lib/python3.9/site-packages/sklearn/ensemble/_forest.py:403: FutureWarning: Criterion 'mae' was deprecated in v1.0 and will be removed in version 1.2. Use `criterion='absolute_error'` which is equivalent.
  warn(
/home/sfgary/.miniconda3/envs/superlearner/lib/python3.9/site-packages/sklearn/ensemble/_forest.py:403: FutureWarning: Criterion 'mae' was deprecated in v1.0 and will be removed in version 1.2. Use `criterion='absolute_error'` which is equivalent.
  warn(
/home/sfgary/.miniconda3/envs/superlearner/lib/python3.9/site-packages/sklearn/ensemble/_forest.py:403: FutureWarning: Criterion 'mae' was deprecated in v1.0 and will be removed in version 1.2. Use `criterion='absolute_error'` which is equivalent.
  warn(
