Parsing SuperLearner predict arguments...
--model_dir
--predict_var
--num_inputs
--predict_data
Submodels within SuperLearner and their weights:
['nusvr-rbf', 'nusvr-lin', 'nusvr-poly', 'nusvr-sig', 'knn-uni', 'knn-dist', 'pls', 'mlp', 'ridge', 'lasso', 'linear', 'enet', 'huber', 'xgb', 'etr', 'nusvr-rbf-log10', 'nusvr-lin-log10', 'nusvr-poly-log10', 'nusvr-sig-log10', 'knn-uni-log10', 'knn-dist-log10', 'pls-log10', 'mlp-log10', 'ridge-log10', 'lasso-log10', 'linear-log10', 'enet-log10', 'huber-log10', 'xgb-log10', 'etr-log10']
[0.08241977 1.1896467  1.63216358 0.         0.         0.45177923
 0.         0.         0.         0.         0.         0.
 0.         0.06664792 0.         0.         0.         0.
 0.30156504 0.         0.         0.         0.         0.
 0.         0.         0.         0.         0.29410568 0.        ]
RSE: 194.81845735739378 +/- 355.24125748761514
mean.error: 77.82321 +/- 43.41091
predict.error: 805.7875 +/- 8.25982
RSE vs mean.error: [[1.         0.47217069]
 [0.47217069 1.        ]]
RSE vs predict.error: [[1.         0.40299888]
 [0.40299888 1.        ]]
Done!
