/home/sfgary/.miniconda3/envs/superlearner/lib/python3.9/site-packages/sklearn/neural_network/_multilayer_perceptron.py:686: ConvergenceWarning: Stochastic Optimizer: Maximum iterations (200) reached and the optimization hasn't converged yet.
  warnings.warn(
/home/sfgary/.miniconda3/envs/superlearner/lib/python3.9/site-packages/sklearn/neural_network/_multilayer_perceptron.py:686: ConvergenceWarning: Stochastic Optimizer: Maximum iterations (200) reached and the optimization hasn't converged yet.
  warnings.warn(
/home/sfgary/.miniconda3/envs/superlearner/lib/python3.9/site-packages/sklearn/neural_network/_multilayer_perceptron.py:686: ConvergenceWarning: Stochastic Optimizer: Maximum iterations (200) reached and the optimization hasn't converged yet.
  warnings.warn(
/home/sfgary/.miniconda3/envs/superlearner/lib/python3.9/site-packages/sklearn/neural_network/_multilayer_perceptron.py:686: ConvergenceWarning: Stochastic Optimizer: Maximum iterations (200) reached and the optimization hasn't converged yet.
  warnings.warn(
/home/sfgary/.miniconda3/envs/superlearner/lib/python3.9/site-packages/sklearn/neural_network/_multilayer_perceptron.py:686: ConvergenceWarning: Stochastic Optimizer: Maximum iterations (200) reached and the optimization hasn't converged yet.
  warnings.warn(
/home/sfgary/.miniconda3/envs/superlearner/lib/python3.9/site-packages/sklearn/neural_network/_multilayer_perceptron.py:686: ConvergenceWarning: Stochastic Optimizer: Maximum iterations (200) reached and the optimization hasn't converged yet.
  warnings.warn(
/home/sfgary/.miniconda3/envs/superlearner/lib/python3.9/site-packages/sklearn/neural_network/_multilayer_perceptron.py:686: ConvergenceWarning: Stochastic Optimizer: Maximum iterations (200) reached and the optimization hasn't converged yet.
  warnings.warn(
/home/sfgary/.miniconda3/envs/superlearner/lib/python3.9/site-packages/sklearn/neural_network/_multilayer_perceptron.py:686: ConvergenceWarning: Stochastic Optimizer: Maximum iterations (200) reached and the optimization hasn't converged yet.
  warnings.warn(
/home/sfgary/.miniconda3/envs/superlearner/lib/python3.9/site-packages/sklearn/neural_network/_multilayer_perceptron.py:686: ConvergenceWarning: Stochastic Optimizer: Maximum iterations (200) reached and the optimization hasn't converged yet.
  warnings.warn(
/home/sfgary/.miniconda3/envs/superlearner/lib/python3.9/site-packages/sklearn/neural_network/_multilayer_perceptron.py:686: ConvergenceWarning: Stochastic Optimizer: Maximum iterations (200) reached and the optimization hasn't converged yet.
  warnings.warn(
/home/sfgary/.miniconda3/envs/superlearner/lib/python3.9/site-packages/sklearn/neural_network/_multilayer_perceptron.py:686: ConvergenceWarning: Stochastic Optimizer: Maximum iterations (200) reached and the optimization hasn't converged yet.
  warnings.warn(
/home/sfgary/.miniconda3/envs/superlearner/lib/python3.9/site-packages/sklearn/linear_model/_ridge.py:253: LinAlgWarning: Ill-conditioned matrix (rcond=5.74202e-08): result may not be accurate.
  dual_coef = linalg.solve(K, y, assume_a="pos", overwrite_a=False)
/home/sfgary/.miniconda3/envs/superlearner/lib/python3.9/site-packages/sklearn/linear_model/_ridge.py:253: LinAlgWarning: Ill-conditioned matrix (rcond=5.62732e-08): result may not be accurate.
  dual_coef = linalg.solve(K, y, assume_a="pos", overwrite_a=False)
/home/sfgary/.miniconda3/envs/superlearner/lib/python3.9/site-packages/sklearn/linear_model/_ridge.py:255: UserWarning: Singular matrix in solving dual problem. Using least-squares solution instead.
  warnings.warn(
/home/sfgary/.miniconda3/envs/superlearner/lib/python3.9/site-packages/sklearn/linear_model/_ridge.py:255: UserWarning: Singular matrix in solving dual problem. Using least-squares solution instead.
  warnings.warn(
/home/sfgary/.miniconda3/envs/superlearner/lib/python3.9/site-packages/sklearn/linear_model/_ridge.py:255: UserWarning: Singular matrix in solving dual problem. Using least-squares solution instead.
  warnings.warn(
/home/sfgary/.miniconda3/envs/superlearner/lib/python3.9/site-packages/sklearn/linear_model/_ridge.py:255: UserWarning: Singular matrix in solving dual problem. Using least-squares solution instead.
  warnings.warn(
/home/sfgary/.miniconda3/envs/superlearner/lib/python3.9/site-packages/sklearn/linear_model/_ridge.py:255: UserWarning: Singular matrix in solving dual problem. Using least-squares solution instead.
  warnings.warn(
/home/sfgary/.miniconda3/envs/superlearner/lib/python3.9/site-packages/sklearn/linear_model/_ridge.py:255: UserWarning: Singular matrix in solving dual problem. Using least-squares solution instead.
  warnings.warn(
/home/sfgary/.miniconda3/envs/superlearner/lib/python3.9/site-packages/sklearn/linear_model/_ridge.py:255: UserWarning: Singular matrix in solving dual problem. Using least-squares solution instead.
  warnings.warn(
/home/sfgary/.miniconda3/envs/superlearner/lib/python3.9/site-packages/sklearn/linear_model/_ridge.py:255: UserWarning: Singular matrix in solving dual problem. Using least-squares solution instead.
  warnings.warn(
/home/sfgary/.miniconda3/envs/superlearner/lib/python3.9/site-packages/sklearn/linear_model/_ridge.py:255: UserWarning: Singular matrix in solving dual problem. Using least-squares solution instead.
  warnings.warn(
/home/sfgary/.miniconda3/envs/superlearner/lib/python3.9/site-packages/sklearn/linear_model/_ridge.py:255: UserWarning: Singular matrix in solving dual problem. Using least-squares solution instead.
  warnings.warn(
/home/sfgary/.miniconda3/envs/superlearner/lib/python3.9/site-packages/sklearn/linear_model/_ridge.py:255: UserWarning: Singular matrix in solving dual problem. Using least-squares solution instead.
  warnings.warn(
/home/sfgary/.miniconda3/envs/superlearner/lib/python3.9/site-packages/sklearn/linear_model/_ridge.py:255: UserWarning: Singular matrix in solving dual problem. Using least-squares solution instead.
  warnings.warn(
/home/sfgary/.miniconda3/envs/superlearner/lib/python3.9/site-packages/sklearn/linear_model/_ridge.py:255: UserWarning: Singular matrix in solving dual problem. Using least-squares solution instead.
  warnings.warn(
/home/sfgary/.miniconda3/envs/superlearner/lib/python3.9/site-packages/sklearn/linear_model/_ridge.py:255: UserWarning: Singular matrix in solving dual problem. Using least-squares solution instead.
  warnings.warn(
/home/sfgary/.miniconda3/envs/superlearner/lib/python3.9/site-packages/sklearn/linear_model/_ridge.py:255: UserWarning: Singular matrix in solving dual problem. Using least-squares solution instead.
  warnings.warn(
/home/sfgary/.miniconda3/envs/superlearner/lib/python3.9/site-packages/sklearn/linear_model/_ridge.py:255: UserWarning: Singular matrix in solving dual problem. Using least-squares solution instead.
  warnings.warn(
/home/sfgary/.miniconda3/envs/superlearner/lib/python3.9/site-packages/sklearn/linear_model/_ridge.py:253: LinAlgWarning: Ill-conditioned matrix (rcond=2.03943e-09): result may not be accurate.
  dual_coef = linalg.solve(K, y, assume_a="pos", overwrite_a=False)
/home/sfgary/.miniconda3/envs/superlearner/lib/python3.9/site-packages/sklearn/linear_model/_ridge.py:253: LinAlgWarning: Ill-conditioned matrix (rcond=1.19153e-09): result may not be accurate.
  dual_coef = linalg.solve(K, y, assume_a="pos", overwrite_a=False)
/home/sfgary/.miniconda3/envs/superlearner/lib/python3.9/site-packages/sklearn/linear_model/_ridge.py:255: UserWarning: Singular matrix in solving dual problem. Using least-squares solution instead.
  warnings.warn(
/home/sfgary/.miniconda3/envs/superlearner/lib/python3.9/site-packages/sklearn/linear_model/_ridge.py:253: LinAlgWarning: Ill-conditioned matrix (rcond=1.31666e-09): result may not be accurate.
  dual_coef = linalg.solve(K, y, assume_a="pos", overwrite_a=False)
/home/sfgary/.miniconda3/envs/superlearner/lib/python3.9/site-packages/sklearn/linear_model/_ridge.py:255: UserWarning: Singular matrix in solving dual problem. Using least-squares solution instead.
  warnings.warn(
/home/sfgary/.miniconda3/envs/superlearner/lib/python3.9/site-packages/sklearn/linear_model/_ridge.py:255: UserWarning: Singular matrix in solving dual problem. Using least-squares solution instead.
  warnings.warn(
/home/sfgary/.miniconda3/envs/superlearner/lib/python3.9/site-packages/sklearn/linear_model/_ridge.py:253: LinAlgWarning: Ill-conditioned matrix (rcond=1.00121e-09): result may not be accurate.
  dual_coef = linalg.solve(K, y, assume_a="pos", overwrite_a=False)
/home/sfgary/.miniconda3/envs/superlearner/lib/python3.9/site-packages/sklearn/linear_model/_ridge.py:255: UserWarning: Singular matrix in solving dual problem. Using least-squares solution instead.
  warnings.warn(
/home/sfgary/.miniconda3/envs/superlearner/lib/python3.9/site-packages/sklearn/linear_model/_ridge.py:255: UserWarning: Singular matrix in solving dual problem. Using least-squares solution instead.
  warnings.warn(
/home/sfgary/.miniconda3/envs/superlearner/lib/python3.9/site-packages/sklearn/linear_model/_ridge.py:253: LinAlgWarning: Ill-conditioned matrix (rcond=4.0066e-08): result may not be accurate.
  dual_coef = linalg.solve(K, y, assume_a="pos", overwrite_a=False)
/home/sfgary/.miniconda3/envs/superlearner/lib/python3.9/site-packages/sklearn/linear_model/_ridge.py:253: LinAlgWarning: Ill-conditioned matrix (rcond=4.84013e-08): result may not be accurate.
  dual_coef = linalg.solve(K, y, assume_a="pos", overwrite_a=False)
/home/sfgary/.miniconda3/envs/superlearner/lib/python3.9/site-packages/sklearn/linear_model/_coordinate_descent.py:631: ConvergenceWarning: Objective did not converge. You might want to increase the number of iterations, check the scale of the features or consider increasing regularisation. Duality gap: 2.313e-01, tolerance: 2.426e-04
  model = cd_fast.enet_coordinate_descent(
/home/sfgary/.miniconda3/envs/superlearner/lib/python3.9/site-packages/sklearn/linear_model/_coordinate_descent.py:631: ConvergenceWarning: Objective did not converge. You might want to increase the number of iterations, check the scale of the features or consider increasing regularisation. Duality gap: 3.384e-01, tolerance: 2.299e-04
  model = cd_fast.enet_coordinate_descent(
/home/sfgary/.miniconda3/envs/superlearner/lib/python3.9/site-packages/sklearn/linear_model/_coordinate_descent.py:631: ConvergenceWarning: Objective did not converge. You might want to increase the number of iterations, check the scale of the features or consider increasing regularisation. Duality gap: 4.240e-01, tolerance: 2.417e-04
  model = cd_fast.enet_coordinate_descent(
/home/sfgary/.miniconda3/envs/superlearner/lib/python3.9/site-packages/sklearn/linear_model/_coordinate_descent.py:631: ConvergenceWarning: Objective did not converge. You might want to increase the number of iterations, check the scale of the features or consider increasing regularisation. Duality gap: 4.671e-01, tolerance: 4.397e-04
  model = cd_fast.enet_coordinate_descent(
/home/sfgary/.miniconda3/envs/superlearner/lib/python3.9/site-packages/sklearn/linear_model/_coordinate_descent.py:631: ConvergenceWarning: Objective did not converge. You might want to increase the number of iterations, check the scale of the features or consider increasing regularisation. Duality gap: 3.672e-01, tolerance: 2.320e-04
  model = cd_fast.enet_coordinate_descent(
/home/sfgary/.miniconda3/envs/superlearner/lib/python3.9/site-packages/sklearn/linear_model/_coordinate_descent.py:631: ConvergenceWarning: Objective did not converge. You might want to increase the number of iterations, check the scale of the features or consider increasing regularisation. Duality gap: 2.321e-01, tolerance: 2.426e-04
  model = cd_fast.enet_coordinate_descent(
/home/sfgary/.miniconda3/envs/superlearner/lib/python3.9/site-packages/sklearn/linear_model/_coordinate_descent.py:631: ConvergenceWarning: Objective did not converge. You might want to increase the number of iterations, check the scale of the features or consider increasing regularisation. Duality gap: 3.396e-01, tolerance: 2.299e-04
  model = cd_fast.enet_coordinate_descent(
/home/sfgary/.miniconda3/envs/superlearner/lib/python3.9/site-packages/sklearn/linear_model/_coordinate_descent.py:631: ConvergenceWarning: Objective did not converge. You might want to increase the number of iterations, check the scale of the features or consider increasing regularisation. Duality gap: 4.271e-01, tolerance: 2.417e-04
  model = cd_fast.enet_coordinate_descent(
/home/sfgary/.miniconda3/envs/superlearner/lib/python3.9/site-packages/sklearn/linear_model/_coordinate_descent.py:631: ConvergenceWarning: Objective did not converge. You might want to increase the number of iterations, check the scale of the features or consider increasing regularisation. Duality gap: 4.683e-01, tolerance: 4.397e-04
  model = cd_fast.enet_coordinate_descent(
/home/sfgary/.miniconda3/envs/superlearner/lib/python3.9/site-packages/sklearn/linear_model/_coordinate_descent.py:631: ConvergenceWarning: Objective did not converge. You might want to increase the number of iterations, check the scale of the features or consider increasing regularisation. Duality gap: 3.688e-01, tolerance: 2.320e-04
  model = cd_fast.enet_coordinate_descent(
/home/sfgary/.miniconda3/envs/superlearner/lib/python3.9/site-packages/sklearn/linear_model/_coordinate_descent.py:631: ConvergenceWarning: Objective did not converge. You might want to increase the number of iterations, check the scale of the features or consider increasing regularisation. Duality gap: 2.504e-01, tolerance: 2.426e-04
  model = cd_fast.enet_coordinate_descent(
/home/sfgary/.miniconda3/envs/superlearner/lib/python3.9/site-packages/sklearn/linear_model/_coordinate_descent.py:631: ConvergenceWarning: Objective did not converge. You might want to increase the number of iterations, check the scale of the features or consider increasing regularisation. Duality gap: 3.032e-01, tolerance: 2.299e-04
  model = cd_fast.enet_coordinate_descent(
/home/sfgary/.miniconda3/envs/superlearner/lib/python3.9/site-packages/sklearn/linear_model/_coordinate_descent.py:631: ConvergenceWarning: Objective did not converge. You might want to increase the number of iterations, check the scale of the features or consider increasing regularisation. Duality gap: 3.986e-01, tolerance: 2.417e-04
  model = cd_fast.enet_coordinate_descent(
/home/sfgary/.miniconda3/envs/superlearner/lib/python3.9/site-packages/sklearn/linear_model/_coordinate_descent.py:631: ConvergenceWarning: Objective did not converge. You might want to increase the number of iterations, check the scale of the features or consider increasing regularisation. Duality gap: 3.218e-01, tolerance: 4.397e-04
  model = cd_fast.enet_coordinate_descent(
/home/sfgary/.miniconda3/envs/superlearner/lib/python3.9/site-packages/sklearn/linear_model/_coordinate_descent.py:631: ConvergenceWarning: Objective did not converge. You might want to increase the number of iterations, check the scale of the features or consider increasing regularisation. Duality gap: 3.549e-01, tolerance: 2.320e-04
  model = cd_fast.enet_coordinate_descent(
/home/sfgary/.miniconda3/envs/superlearner/lib/python3.9/site-packages/sklearn/linear_model/_coordinate_descent.py:631: ConvergenceWarning: Objective did not converge. You might want to increase the number of iterations, check the scale of the features or consider increasing regularisation. Duality gap: 9.006e-01, tolerance: 2.426e-04
  model = cd_fast.enet_coordinate_descent(
/home/sfgary/.miniconda3/envs/superlearner/lib/python3.9/site-packages/sklearn/linear_model/_coordinate_descent.py:631: ConvergenceWarning: Objective did not converge. You might want to increase the number of iterations, check the scale of the features or consider increasing regularisation. Duality gap: 8.289e-01, tolerance: 2.299e-04
  model = cd_fast.enet_coordinate_descent(
/home/sfgary/.miniconda3/envs/superlearner/lib/python3.9/site-packages/sklearn/linear_model/_coordinate_descent.py:631: ConvergenceWarning: Objective did not converge. You might want to increase the number of iterations, check the scale of the features or consider increasing regularisation. Duality gap: 8.613e-01, tolerance: 2.417e-04
  model = cd_fast.enet_coordinate_descent(
/home/sfgary/.miniconda3/envs/superlearner/lib/python3.9/site-packages/sklearn/linear_model/_coordinate_descent.py:631: ConvergenceWarning: Objective did not converge. You might want to increase the number of iterations, check the scale of the features or consider increasing regularisation. Duality gap: 1.675e+00, tolerance: 4.397e-04
  model = cd_fast.enet_coordinate_descent(
/home/sfgary/.miniconda3/envs/superlearner/lib/python3.9/site-packages/sklearn/linear_model/_coordinate_descent.py:631: ConvergenceWarning: Objective did not converge. You might want to increase the number of iterations, check the scale of the features or consider increasing regularisation. Duality gap: 8.185e-01, tolerance: 2.320e-04
  model = cd_fast.enet_coordinate_descent(
/home/sfgary/.miniconda3/envs/superlearner/lib/python3.9/site-packages/sklearn/linear_model/_coordinate_descent.py:631: ConvergenceWarning: Objective did not converge. You might want to increase the number of iterations, check the scale of the features or consider increasing regularisation. Duality gap: 3.002e-01, tolerance: 2.426e-04
  model = cd_fast.enet_coordinate_descent(
/home/sfgary/.miniconda3/envs/superlearner/lib/python3.9/site-packages/sklearn/linear_model/_coordinate_descent.py:631: ConvergenceWarning: Objective did not converge. You might want to increase the number of iterations, check the scale of the features or consider increasing regularisation. Duality gap: 3.895e-01, tolerance: 2.299e-04
  model = cd_fast.enet_coordinate_descent(
/home/sfgary/.miniconda3/envs/superlearner/lib/python3.9/site-packages/sklearn/linear_model/_coordinate_descent.py:631: ConvergenceWarning: Objective did not converge. You might want to increase the number of iterations, check the scale of the features or consider increasing regularisation. Duality gap: 4.734e-01, tolerance: 2.417e-04
  model = cd_fast.enet_coordinate_descent(
/home/sfgary/.miniconda3/envs/superlearner/lib/python3.9/site-packages/sklearn/linear_model/_coordinate_descent.py:631: ConvergenceWarning: Objective did not converge. You might want to increase the number of iterations, check the scale of the features or consider increasing regularisation. Duality gap: 5.319e-01, tolerance: 4.397e-04
  model = cd_fast.enet_coordinate_descent(
/home/sfgary/.miniconda3/envs/superlearner/lib/python3.9/site-packages/sklearn/linear_model/_coordinate_descent.py:631: ConvergenceWarning: Objective did not converge. You might want to increase the number of iterations, check the scale of the features or consider increasing regularisation. Duality gap: 4.063e-01, tolerance: 2.320e-04
  model = cd_fast.enet_coordinate_descent(
/home/sfgary/.miniconda3/envs/superlearner/lib/python3.9/site-packages/sklearn/linear_model/_coordinate_descent.py:631: ConvergenceWarning: Objective did not converge. You might want to increase the number of iterations, check the scale of the features or consider increasing regularisation. Duality gap: 2.811e-01, tolerance: 2.426e-04
  model = cd_fast.enet_coordinate_descent(
/home/sfgary/.miniconda3/envs/superlearner/lib/python3.9/site-packages/sklearn/linear_model/_coordinate_descent.py:631: ConvergenceWarning: Objective did not converge. You might want to increase the number of iterations, check the scale of the features or consider increasing regularisation. Duality gap: 3.230e-01, tolerance: 2.299e-04
  model = cd_fast.enet_coordinate_descent(
/home/sfgary/.miniconda3/envs/superlearner/lib/python3.9/site-packages/sklearn/linear_model/_coordinate_descent.py:631: ConvergenceWarning: Objective did not converge. You might want to increase the number of iterations, check the scale of the features or consider increasing regularisation. Duality gap: 4.169e-01, tolerance: 2.417e-04
  model = cd_fast.enet_coordinate_descent(
/home/sfgary/.miniconda3/envs/superlearner/lib/python3.9/site-packages/sklearn/linear_model/_coordinate_descent.py:631: ConvergenceWarning: Objective did not converge. You might want to increase the number of iterations, check the scale of the features or consider increasing regularisation. Duality gap: 4.667e-01, tolerance: 4.397e-04
  model = cd_fast.enet_coordinate_descent(
/home/sfgary/.miniconda3/envs/superlearner/lib/python3.9/site-packages/sklearn/linear_model/_coordinate_descent.py:631: ConvergenceWarning: Objective did not converge. You might want to increase the number of iterations, check the scale of the features or consider increasing regularisation. Duality gap: 3.185e-01, tolerance: 2.320e-04
  model = cd_fast.enet_coordinate_descent(
/home/sfgary/.miniconda3/envs/superlearner/lib/python3.9/site-packages/sklearn/linear_model/_coordinate_descent.py:631: ConvergenceWarning: Objective did not converge. You might want to increase the number of iterations, check the scale of the features or consider increasing regularisation. Duality gap: 9.009e-01, tolerance: 2.426e-04
  model = cd_fast.enet_coordinate_descent(
/home/sfgary/.miniconda3/envs/superlearner/lib/python3.9/site-packages/sklearn/linear_model/_coordinate_descent.py:631: ConvergenceWarning: Objective did not converge. You might want to increase the number of iterations, check the scale of the features or consider increasing regularisation. Duality gap: 8.296e-01, tolerance: 2.299e-04
  model = cd_fast.enet_coordinate_descent(
/home/sfgary/.miniconda3/envs/superlearner/lib/python3.9/site-packages/sklearn/linear_model/_coordinate_descent.py:631: ConvergenceWarning: Objective did not converge. You might want to increase the number of iterations, check the scale of the features or consider increasing regularisation. Duality gap: 8.599e-01, tolerance: 2.417e-04
  model = cd_fast.enet_coordinate_descent(
/home/sfgary/.miniconda3/envs/superlearner/lib/python3.9/site-packages/sklearn/linear_model/_coordinate_descent.py:631: ConvergenceWarning: Objective did not converge. You might want to increase the number of iterations, check the scale of the features or consider increasing regularisation. Duality gap: 1.669e+00, tolerance: 4.397e-04
  model = cd_fast.enet_coordinate_descent(
/home/sfgary/.miniconda3/envs/superlearner/lib/python3.9/site-packages/sklearn/linear_model/_coordinate_descent.py:631: ConvergenceWarning: Objective did not converge. You might want to increase the number of iterations, check the scale of the features or consider increasing regularisation. Duality gap: 8.197e-01, tolerance: 2.320e-04
  model = cd_fast.enet_coordinate_descent(
/home/sfgary/.miniconda3/envs/superlearner/lib/python3.9/site-packages/sklearn/linear_model/_coordinate_descent.py:631: ConvergenceWarning: Objective did not converge. You might want to increase the number of iterations, check the scale of the features or consider increasing regularisation. Duality gap: 2.755e-01, tolerance: 2.426e-04
  model = cd_fast.enet_coordinate_descent(
/home/sfgary/.miniconda3/envs/superlearner/lib/python3.9/site-packages/sklearn/linear_model/_coordinate_descent.py:631: ConvergenceWarning: Objective did not converge. You might want to increase the number of iterations, check the scale of the features or consider increasing regularisation. Duality gap: 3.640e-01, tolerance: 2.299e-04
  model = cd_fast.enet_coordinate_descent(
/home/sfgary/.miniconda3/envs/superlearner/lib/python3.9/site-packages/sklearn/linear_model/_coordinate_descent.py:631: ConvergenceWarning: Objective did not converge. You might want to increase the number of iterations, check the scale of the features or consider increasing regularisation. Duality gap: 4.440e-01, tolerance: 2.417e-04
  model = cd_fast.enet_coordinate_descent(
/home/sfgary/.miniconda3/envs/superlearner/lib/python3.9/site-packages/sklearn/linear_model/_coordinate_descent.py:631: ConvergenceWarning: Objective did not converge. You might want to increase the number of iterations, check the scale of the features or consider increasing regularisation. Duality gap: 4.726e-01, tolerance: 4.397e-04
  model = cd_fast.enet_coordinate_descent(
/home/sfgary/.miniconda3/envs/superlearner/lib/python3.9/site-packages/sklearn/linear_model/_coordinate_descent.py:631: ConvergenceWarning: Objective did not converge. You might want to increase the number of iterations, check the scale of the features or consider increasing regularisation. Duality gap: 3.792e-01, tolerance: 2.320e-04
  model = cd_fast.enet_coordinate_descent(
/home/sfgary/.miniconda3/envs/superlearner/lib/python3.9/site-packages/sklearn/linear_model/_coordinate_descent.py:631: ConvergenceWarning: Objective did not converge. You might want to increase the number of iterations, check the scale of the features or consider increasing regularisation. Duality gap: 2.665e-01, tolerance: 2.426e-04
  model = cd_fast.enet_coordinate_descent(
/home/sfgary/.miniconda3/envs/superlearner/lib/python3.9/site-packages/sklearn/linear_model/_coordinate_descent.py:631: ConvergenceWarning: Objective did not converge. You might want to increase the number of iterations, check the scale of the features or consider increasing regularisation. Duality gap: 3.607e-01, tolerance: 2.299e-04
  model = cd_fast.enet_coordinate_descent(
/home/sfgary/.miniconda3/envs/superlearner/lib/python3.9/site-packages/sklearn/linear_model/_coordinate_descent.py:631: ConvergenceWarning: Objective did not converge. You might want to increase the number of iterations, check the scale of the features or consider increasing regularisation. Duality gap: 4.480e-01, tolerance: 2.417e-04
  model = cd_fast.enet_coordinate_descent(
/home/sfgary/.miniconda3/envs/superlearner/lib/python3.9/site-packages/sklearn/linear_model/_coordinate_descent.py:631: ConvergenceWarning: Objective did not converge. You might want to increase the number of iterations, check the scale of the features or consider increasing regularisation. Duality gap: 4.756e-01, tolerance: 4.397e-04
  model = cd_fast.enet_coordinate_descent(
/home/sfgary/.miniconda3/envs/superlearner/lib/python3.9/site-packages/sklearn/linear_model/_coordinate_descent.py:631: ConvergenceWarning: Objective did not converge. You might want to increase the number of iterations, check the scale of the features or consider increasing regularisation. Duality gap: 3.795e-01, tolerance: 2.320e-04
  model = cd_fast.enet_coordinate_descent(
/home/sfgary/.miniconda3/envs/superlearner/lib/python3.9/site-packages/sklearn/linear_model/_coordinate_descent.py:631: ConvergenceWarning: Objective did not converge. You might want to increase the number of iterations, check the scale of the features or consider increasing regularisation. Duality gap: 2.755e-01, tolerance: 2.426e-04
  model = cd_fast.enet_coordinate_descent(
/home/sfgary/.miniconda3/envs/superlearner/lib/python3.9/site-packages/sklearn/linear_model/_coordinate_descent.py:631: ConvergenceWarning: Objective did not converge. You might want to increase the number of iterations, check the scale of the features or consider increasing regularisation. Duality gap: 3.643e-01, tolerance: 2.299e-04
  model = cd_fast.enet_coordinate_descent(
/home/sfgary/.miniconda3/envs/superlearner/lib/python3.9/site-packages/sklearn/linear_model/_coordinate_descent.py:631: ConvergenceWarning: Objective did not converge. You might want to increase the number of iterations, check the scale of the features or consider increasing regularisation. Duality gap: 4.502e-01, tolerance: 2.417e-04
  model = cd_fast.enet_coordinate_descent(
/home/sfgary/.miniconda3/envs/superlearner/lib/python3.9/site-packages/sklearn/linear_model/_coordinate_descent.py:631: ConvergenceWarning: Objective did not converge. You might want to increase the number of iterations, check the scale of the features or consider increasing regularisation. Duality gap: 4.708e-01, tolerance: 4.397e-04
  model = cd_fast.enet_coordinate_descent(
/home/sfgary/.miniconda3/envs/superlearner/lib/python3.9/site-packages/sklearn/linear_model/_coordinate_descent.py:631: ConvergenceWarning: Objective did not converge. You might want to increase the number of iterations, check the scale of the features or consider increasing regularisation. Duality gap: 3.686e-01, tolerance: 2.320e-04
  model = cd_fast.enet_coordinate_descent(
/home/sfgary/.miniconda3/envs/superlearner/lib/python3.9/site-packages/sklearn/linear_model/_coordinate_descent.py:631: ConvergenceWarning: Objective did not converge. You might want to increase the number of iterations, check the scale of the features or consider increasing regularisation. Duality gap: 2.794e-01, tolerance: 2.426e-04
  model = cd_fast.enet_coordinate_descent(
/home/sfgary/.miniconda3/envs/superlearner/lib/python3.9/site-packages/sklearn/linear_model/_coordinate_descent.py:631: ConvergenceWarning: Objective did not converge. You might want to increase the number of iterations, check the scale of the features or consider increasing regularisation. Duality gap: 3.664e-01, tolerance: 2.299e-04
  model = cd_fast.enet_coordinate_descent(
/home/sfgary/.miniconda3/envs/superlearner/lib/python3.9/site-packages/sklearn/linear_model/_coordinate_descent.py:631: ConvergenceWarning: Objective did not converge. You might want to increase the number of iterations, check the scale of the features or consider increasing regularisation. Duality gap: 4.550e-01, tolerance: 2.417e-04
  model = cd_fast.enet_coordinate_descent(
/home/sfgary/.miniconda3/envs/superlearner/lib/python3.9/site-packages/sklearn/linear_model/_coordinate_descent.py:631: ConvergenceWarning: Objective did not converge. You might want to increase the number of iterations, check the scale of the features or consider increasing regularisation. Duality gap: 4.780e-01, tolerance: 4.397e-04
  model = cd_fast.enet_coordinate_descent(
/home/sfgary/.miniconda3/envs/superlearner/lib/python3.9/site-packages/sklearn/linear_model/_coordinate_descent.py:631: ConvergenceWarning: Objective did not converge. You might want to increase the number of iterations, check the scale of the features or consider increasing regularisation. Duality gap: 3.846e-01, tolerance: 2.320e-04
  model = cd_fast.enet_coordinate_descent(
/home/sfgary/.miniconda3/envs/superlearner/lib/python3.9/site-packages/sklearn/linear_model/_coordinate_descent.py:631: ConvergenceWarning: Objective did not converge. You might want to increase the number of iterations, check the scale of the features or consider increasing regularisation. Duality gap: 2.728e-01, tolerance: 2.426e-04
  model = cd_fast.enet_coordinate_descent(
/home/sfgary/.miniconda3/envs/superlearner/lib/python3.9/site-packages/sklearn/linear_model/_coordinate_descent.py:631: ConvergenceWarning: Objective did not converge. You might want to increase the number of iterations, check the scale of the features or consider increasing regularisation. Duality gap: 3.645e-01, tolerance: 2.299e-04
  model = cd_fast.enet_coordinate_descent(
/home/sfgary/.miniconda3/envs/superlearner/lib/python3.9/site-packages/sklearn/linear_model/_coordinate_descent.py:631: ConvergenceWarning: Objective did not converge. You might want to increase the number of iterations, check the scale of the features or consider increasing regularisation. Duality gap: 4.505e-01, tolerance: 2.417e-04
  model = cd_fast.enet_coordinate_descent(
/home/sfgary/.miniconda3/envs/superlearner/lib/python3.9/site-packages/sklearn/linear_model/_coordinate_descent.py:631: ConvergenceWarning: Objective did not converge. You might want to increase the number of iterations, check the scale of the features or consider increasing regularisation. Duality gap: 4.711e-01, tolerance: 4.397e-04
  model = cd_fast.enet_coordinate_descent(
/home/sfgary/.miniconda3/envs/superlearner/lib/python3.9/site-packages/sklearn/linear_model/_coordinate_descent.py:631: ConvergenceWarning: Objective did not converge. You might want to increase the number of iterations, check the scale of the features or consider increasing regularisation. Duality gap: 3.698e-01, tolerance: 2.320e-04
  model = cd_fast.enet_coordinate_descent(
/home/sfgary/.miniconda3/envs/superlearner/lib/python3.9/site-packages/sklearn/linear_model/_coordinate_descent.py:631: ConvergenceWarning: Objective did not converge. You might want to increase the number of iterations, check the scale of the features or consider increasing regularisation. Duality gap: 1.034e+00, tolerance: 2.771e-04
  model = cd_fast.enet_coordinate_descent(
/home/sfgary/.miniconda3/envs/superlearner/lib/python3.9/site-packages/sklearn/linear_model/_huber.py:342: ConvergenceWarning: lbfgs failed to converge (status=1):
STOP: TOTAL NO. of ITERATIONS REACHED LIMIT.

Increase the number of iterations (max_iter) or scale the data as shown in:
    https://scikit-learn.org/stable/modules/preprocessing.html
  self.n_iter_ = _check_optimize_result("lbfgs", opt_res, self.max_iter)
/home/sfgary/.miniconda3/envs/superlearner/lib/python3.9/site-packages/sklearn/linear_model/_huber.py:342: ConvergenceWarning: lbfgs failed to converge (status=1):
STOP: TOTAL NO. of ITERATIONS REACHED LIMIT.

Increase the number of iterations (max_iter) or scale the data as shown in:
    https://scikit-learn.org/stable/modules/preprocessing.html
  self.n_iter_ = _check_optimize_result("lbfgs", opt_res, self.max_iter)
/home/sfgary/.miniconda3/envs/superlearner/lib/python3.9/site-packages/sklearn/linear_model/_huber.py:342: ConvergenceWarning: lbfgs failed to converge (status=1):
STOP: TOTAL NO. of ITERATIONS REACHED LIMIT.

Increase the number of iterations (max_iter) or scale the data as shown in:
    https://scikit-learn.org/stable/modules/preprocessing.html
  self.n_iter_ = _check_optimize_result("lbfgs", opt_res, self.max_iter)
/home/sfgary/.miniconda3/envs/superlearner/lib/python3.9/site-packages/sklearn/linear_model/_huber.py:342: ConvergenceWarning: lbfgs failed to converge (status=1):
STOP: TOTAL NO. of ITERATIONS REACHED LIMIT.

Increase the number of iterations (max_iter) or scale the data as shown in:
    https://scikit-learn.org/stable/modules/preprocessing.html
  self.n_iter_ = _check_optimize_result("lbfgs", opt_res, self.max_iter)
/home/sfgary/.miniconda3/envs/superlearner/lib/python3.9/site-packages/sklearn/linear_model/_huber.py:342: ConvergenceWarning: lbfgs failed to converge (status=1):
STOP: TOTAL NO. of ITERATIONS REACHED LIMIT.

Increase the number of iterations (max_iter) or scale the data as shown in:
    https://scikit-learn.org/stable/modules/preprocessing.html
  self.n_iter_ = _check_optimize_result("lbfgs", opt_res, self.max_iter)
/home/sfgary/.miniconda3/envs/superlearner/lib/python3.9/site-packages/sklearn/linear_model/_huber.py:342: ConvergenceWarning: lbfgs failed to converge (status=1):
STOP: TOTAL NO. of ITERATIONS REACHED LIMIT.

Increase the number of iterations (max_iter) or scale the data as shown in:
    https://scikit-learn.org/stable/modules/preprocessing.html
  self.n_iter_ = _check_optimize_result("lbfgs", opt_res, self.max_iter)
/home/sfgary/.miniconda3/envs/superlearner/lib/python3.9/site-packages/sklearn/linear_model/_huber.py:342: ConvergenceWarning: lbfgs failed to converge (status=1):
STOP: TOTAL NO. of ITERATIONS REACHED LIMIT.

Increase the number of iterations (max_iter) or scale the data as shown in:
    https://scikit-learn.org/stable/modules/preprocessing.html
  self.n_iter_ = _check_optimize_result("lbfgs", opt_res, self.max_iter)
/home/sfgary/.miniconda3/envs/superlearner/lib/python3.9/site-packages/sklearn/linear_model/_huber.py:342: ConvergenceWarning: lbfgs failed to converge (status=1):
STOP: TOTAL NO. of ITERATIONS REACHED LIMIT.

Increase the number of iterations (max_iter) or scale the data as shown in:
    https://scikit-learn.org/stable/modules/preprocessing.html
  self.n_iter_ = _check_optimize_result("lbfgs", opt_res, self.max_iter)
/home/sfgary/.miniconda3/envs/superlearner/lib/python3.9/site-packages/sklearn/linear_model/_huber.py:342: ConvergenceWarning: lbfgs failed to converge (status=1):
STOP: TOTAL NO. of ITERATIONS REACHED LIMIT.

Increase the number of iterations (max_iter) or scale the data as shown in:
    https://scikit-learn.org/stable/modules/preprocessing.html
  self.n_iter_ = _check_optimize_result("lbfgs", opt_res, self.max_iter)
/home/sfgary/.miniconda3/envs/superlearner/lib/python3.9/site-packages/sklearn/linear_model/_huber.py:342: ConvergenceWarning: lbfgs failed to converge (status=1):
STOP: TOTAL NO. of ITERATIONS REACHED LIMIT.

Increase the number of iterations (max_iter) or scale the data as shown in:
    https://scikit-learn.org/stable/modules/preprocessing.html
  self.n_iter_ = _check_optimize_result("lbfgs", opt_res, self.max_iter)
/home/sfgary/.miniconda3/envs/superlearner/lib/python3.9/site-packages/sklearn/linear_model/_huber.py:342: ConvergenceWarning: lbfgs failed to converge (status=1):
STOP: TOTAL NO. of ITERATIONS REACHED LIMIT.

Increase the number of iterations (max_iter) or scale the data as shown in:
    https://scikit-learn.org/stable/modules/preprocessing.html
  self.n_iter_ = _check_optimize_result("lbfgs", opt_res, self.max_iter)
/home/sfgary/.miniconda3/envs/superlearner/lib/python3.9/site-packages/sklearn/linear_model/_huber.py:342: ConvergenceWarning: lbfgs failed to converge (status=1):
STOP: TOTAL NO. of ITERATIONS REACHED LIMIT.

Increase the number of iterations (max_iter) or scale the data as shown in:
    https://scikit-learn.org/stable/modules/preprocessing.html
  self.n_iter_ = _check_optimize_result("lbfgs", opt_res, self.max_iter)
/home/sfgary/.miniconda3/envs/superlearner/lib/python3.9/site-packages/sklearn/linear_model/_huber.py:342: ConvergenceWarning: lbfgs failed to converge (status=1):
STOP: TOTAL NO. of ITERATIONS REACHED LIMIT.

Increase the number of iterations (max_iter) or scale the data as shown in:
    https://scikit-learn.org/stable/modules/preprocessing.html
  self.n_iter_ = _check_optimize_result("lbfgs", opt_res, self.max_iter)
/home/sfgary/.miniconda3/envs/superlearner/lib/python3.9/site-packages/sklearn/linear_model/_huber.py:342: ConvergenceWarning: lbfgs failed to converge (status=1):
STOP: TOTAL NO. of ITERATIONS REACHED LIMIT.

Increase the number of iterations (max_iter) or scale the data as shown in:
    https://scikit-learn.org/stable/modules/preprocessing.html
  self.n_iter_ = _check_optimize_result("lbfgs", opt_res, self.max_iter)
/home/sfgary/.miniconda3/envs/superlearner/lib/python3.9/site-packages/sklearn/linear_model/_huber.py:342: ConvergenceWarning: lbfgs failed to converge (status=1):
STOP: TOTAL NO. of ITERATIONS REACHED LIMIT.

Increase the number of iterations (max_iter) or scale the data as shown in:
    https://scikit-learn.org/stable/modules/preprocessing.html
  self.n_iter_ = _check_optimize_result("lbfgs", opt_res, self.max_iter)
/home/sfgary/.miniconda3/envs/superlearner/lib/python3.9/site-packages/sklearn/linear_model/_huber.py:342: ConvergenceWarning: lbfgs failed to converge (status=1):
STOP: TOTAL NO. of ITERATIONS REACHED LIMIT.

Increase the number of iterations (max_iter) or scale the data as shown in:
    https://scikit-learn.org/stable/modules/preprocessing.html
  self.n_iter_ = _check_optimize_result("lbfgs", opt_res, self.max_iter)
/home/sfgary/.miniconda3/envs/superlearner/lib/python3.9/site-packages/sklearn/linear_model/_huber.py:342: ConvergenceWarning: lbfgs failed to converge (status=1):
STOP: TOTAL NO. of ITERATIONS REACHED LIMIT.

Increase the number of iterations (max_iter) or scale the data as shown in:
    https://scikit-learn.org/stable/modules/preprocessing.html
  self.n_iter_ = _check_optimize_result("lbfgs", opt_res, self.max_iter)
/home/sfgary/.miniconda3/envs/superlearner/lib/python3.9/site-packages/sklearn/linear_model/_huber.py:342: ConvergenceWarning: lbfgs failed to converge (status=1):
STOP: TOTAL NO. of ITERATIONS REACHED LIMIT.

Increase the number of iterations (max_iter) or scale the data as shown in:
    https://scikit-learn.org/stable/modules/preprocessing.html
  self.n_iter_ = _check_optimize_result("lbfgs", opt_res, self.max_iter)
/home/sfgary/.miniconda3/envs/superlearner/lib/python3.9/site-packages/sklearn/linear_model/_huber.py:342: ConvergenceWarning: lbfgs failed to converge (status=1):
STOP: TOTAL NO. of ITERATIONS REACHED LIMIT.

Increase the number of iterations (max_iter) or scale the data as shown in:
    https://scikit-learn.org/stable/modules/preprocessing.html
  self.n_iter_ = _check_optimize_result("lbfgs", opt_res, self.max_iter)
/home/sfgary/.miniconda3/envs/superlearner/lib/python3.9/site-packages/sklearn/linear_model/_huber.py:342: ConvergenceWarning: lbfgs failed to converge (status=1):
STOP: TOTAL NO. of ITERATIONS REACHED LIMIT.

Increase the number of iterations (max_iter) or scale the data as shown in:
    https://scikit-learn.org/stable/modules/preprocessing.html
  self.n_iter_ = _check_optimize_result("lbfgs", opt_res, self.max_iter)
/home/sfgary/.miniconda3/envs/superlearner/lib/python3.9/site-packages/sklearn/linear_model/_huber.py:342: ConvergenceWarning: lbfgs failed to converge (status=1):
STOP: TOTAL NO. of ITERATIONS REACHED LIMIT.

Increase the number of iterations (max_iter) or scale the data as shown in:
    https://scikit-learn.org/stable/modules/preprocessing.html
  self.n_iter_ = _check_optimize_result("lbfgs", opt_res, self.max_iter)
/home/sfgary/.miniconda3/envs/superlearner/lib/python3.9/site-packages/sklearn/linear_model/_huber.py:342: ConvergenceWarning: lbfgs failed to converge (status=1):
STOP: TOTAL NO. of ITERATIONS REACHED LIMIT.

Increase the number of iterations (max_iter) or scale the data as shown in:
    https://scikit-learn.org/stable/modules/preprocessing.html
  self.n_iter_ = _check_optimize_result("lbfgs", opt_res, self.max_iter)
/home/sfgary/.miniconda3/envs/superlearner/lib/python3.9/site-packages/sklearn/linear_model/_huber.py:342: ConvergenceWarning: lbfgs failed to converge (status=1):
STOP: TOTAL NO. of ITERATIONS REACHED LIMIT.

Increase the number of iterations (max_iter) or scale the data as shown in:
    https://scikit-learn.org/stable/modules/preprocessing.html
  self.n_iter_ = _check_optimize_result("lbfgs", opt_res, self.max_iter)
/home/sfgary/.miniconda3/envs/superlearner/lib/python3.9/site-packages/sklearn/linear_model/_huber.py:342: ConvergenceWarning: lbfgs failed to converge (status=1):
STOP: TOTAL NO. of ITERATIONS REACHED LIMIT.

Increase the number of iterations (max_iter) or scale the data as shown in:
    https://scikit-learn.org/stable/modules/preprocessing.html
  self.n_iter_ = _check_optimize_result("lbfgs", opt_res, self.max_iter)
/home/sfgary/.miniconda3/envs/superlearner/lib/python3.9/site-packages/sklearn/linear_model/_huber.py:342: ConvergenceWarning: lbfgs failed to converge (status=1):
STOP: TOTAL NO. of ITERATIONS REACHED LIMIT.

Increase the number of iterations (max_iter) or scale the data as shown in:
    https://scikit-learn.org/stable/modules/preprocessing.html
  self.n_iter_ = _check_optimize_result("lbfgs", opt_res, self.max_iter)
/home/sfgary/.miniconda3/envs/superlearner/lib/python3.9/site-packages/sklearn/linear_model/_huber.py:342: ConvergenceWarning: lbfgs failed to converge (status=1):
STOP: TOTAL NO. of ITERATIONS REACHED LIMIT.

Increase the number of iterations (max_iter) or scale the data as shown in:
    https://scikit-learn.org/stable/modules/preprocessing.html
  self.n_iter_ = _check_optimize_result("lbfgs", opt_res, self.max_iter)
/home/sfgary/.miniconda3/envs/superlearner/lib/python3.9/site-packages/sklearn/linear_model/_huber.py:342: ConvergenceWarning: lbfgs failed to converge (status=1):
STOP: TOTAL NO. of ITERATIONS REACHED LIMIT.

Increase the number of iterations (max_iter) or scale the data as shown in:
    https://scikit-learn.org/stable/modules/preprocessing.html
  self.n_iter_ = _check_optimize_result("lbfgs", opt_res, self.max_iter)
/home/sfgary/.miniconda3/envs/superlearner/lib/python3.9/site-packages/sklearn/linear_model/_huber.py:342: ConvergenceWarning: lbfgs failed to converge (status=1):
STOP: TOTAL NO. of ITERATIONS REACHED LIMIT.

Increase the number of iterations (max_iter) or scale the data as shown in:
    https://scikit-learn.org/stable/modules/preprocessing.html
  self.n_iter_ = _check_optimize_result("lbfgs", opt_res, self.max_iter)
/home/sfgary/.miniconda3/envs/superlearner/lib/python3.9/site-packages/sklearn/linear_model/_huber.py:342: ConvergenceWarning: lbfgs failed to converge (status=1):
STOP: TOTAL NO. of ITERATIONS REACHED LIMIT.

Increase the number of iterations (max_iter) or scale the data as shown in:
    https://scikit-learn.org/stable/modules/preprocessing.html
  self.n_iter_ = _check_optimize_result("lbfgs", opt_res, self.max_iter)
/home/sfgary/.miniconda3/envs/superlearner/lib/python3.9/site-packages/sklearn/linear_model/_huber.py:342: ConvergenceWarning: lbfgs failed to converge (status=1):
STOP: TOTAL NO. of ITERATIONS REACHED LIMIT.

Increase the number of iterations (max_iter) or scale the data as shown in:
    https://scikit-learn.org/stable/modules/preprocessing.html
  self.n_iter_ = _check_optimize_result("lbfgs", opt_res, self.max_iter)
/home/sfgary/.miniconda3/envs/superlearner/lib/python3.9/site-packages/sklearn/linear_model/_huber.py:342: ConvergenceWarning: lbfgs failed to converge (status=1):
STOP: TOTAL NO. of ITERATIONS REACHED LIMIT.

Increase the number of iterations (max_iter) or scale the data as shown in:
    https://scikit-learn.org/stable/modules/preprocessing.html
  self.n_iter_ = _check_optimize_result("lbfgs", opt_res, self.max_iter)
/home/sfgary/.miniconda3/envs/superlearner/lib/python3.9/site-packages/sklearn/linear_model/_huber.py:342: ConvergenceWarning: lbfgs failed to converge (status=1):
STOP: TOTAL NO. of ITERATIONS REACHED LIMIT.

Increase the number of iterations (max_iter) or scale the data as shown in:
    https://scikit-learn.org/stable/modules/preprocessing.html
  self.n_iter_ = _check_optimize_result("lbfgs", opt_res, self.max_iter)
/home/sfgary/.miniconda3/envs/superlearner/lib/python3.9/site-packages/sklearn/linear_model/_huber.py:342: ConvergenceWarning: lbfgs failed to converge (status=1):
STOP: TOTAL NO. of ITERATIONS REACHED LIMIT.

Increase the number of iterations (max_iter) or scale the data as shown in:
    https://scikit-learn.org/stable/modules/preprocessing.html
  self.n_iter_ = _check_optimize_result("lbfgs", opt_res, self.max_iter)
/home/sfgary/.miniconda3/envs/superlearner/lib/python3.9/site-packages/sklearn/linear_model/_huber.py:342: ConvergenceWarning: lbfgs failed to converge (status=1):
STOP: TOTAL NO. of ITERATIONS REACHED LIMIT.

Increase the number of iterations (max_iter) or scale the data as shown in:
    https://scikit-learn.org/stable/modules/preprocessing.html
  self.n_iter_ = _check_optimize_result("lbfgs", opt_res, self.max_iter)
/home/sfgary/.miniconda3/envs/superlearner/lib/python3.9/site-packages/sklearn/linear_model/_huber.py:342: ConvergenceWarning: lbfgs failed to converge (status=1):
STOP: TOTAL NO. of ITERATIONS REACHED LIMIT.

Increase the number of iterations (max_iter) or scale the data as shown in:
    https://scikit-learn.org/stable/modules/preprocessing.html
  self.n_iter_ = _check_optimize_result("lbfgs", opt_res, self.max_iter)
/home/sfgary/.miniconda3/envs/superlearner/lib/python3.9/site-packages/sklearn/linear_model/_huber.py:342: ConvergenceWarning: lbfgs failed to converge (status=1):
STOP: TOTAL NO. of ITERATIONS REACHED LIMIT.

Increase the number of iterations (max_iter) or scale the data as shown in:
    https://scikit-learn.org/stable/modules/preprocessing.html
  self.n_iter_ = _check_optimize_result("lbfgs", opt_res, self.max_iter)
/home/sfgary/.miniconda3/envs/superlearner/lib/python3.9/site-packages/sklearn/linear_model/_huber.py:342: ConvergenceWarning: lbfgs failed to converge (status=1):
STOP: TOTAL NO. of ITERATIONS REACHED LIMIT.

Increase the number of iterations (max_iter) or scale the data as shown in:
    https://scikit-learn.org/stable/modules/preprocessing.html
  self.n_iter_ = _check_optimize_result("lbfgs", opt_res, self.max_iter)
/home/sfgary/.miniconda3/envs/superlearner/lib/python3.9/site-packages/sklearn/linear_model/_huber.py:342: ConvergenceWarning: lbfgs failed to converge (status=1):
STOP: TOTAL NO. of ITERATIONS REACHED LIMIT.

Increase the number of iterations (max_iter) or scale the data as shown in:
    https://scikit-learn.org/stable/modules/preprocessing.html
  self.n_iter_ = _check_optimize_result("lbfgs", opt_res, self.max_iter)
/home/sfgary/.miniconda3/envs/superlearner/lib/python3.9/site-packages/sklearn/linear_model/_huber.py:342: ConvergenceWarning: lbfgs failed to converge (status=1):
STOP: TOTAL NO. of ITERATIONS REACHED LIMIT.

Increase the number of iterations (max_iter) or scale the data as shown in:
    https://scikit-learn.org/stable/modules/preprocessing.html
  self.n_iter_ = _check_optimize_result("lbfgs", opt_res, self.max_iter)
/home/sfgary/.miniconda3/envs/superlearner/lib/python3.9/site-packages/sklearn/linear_model/_huber.py:342: ConvergenceWarning: lbfgs failed to converge (status=1):
STOP: TOTAL NO. of ITERATIONS REACHED LIMIT.

Increase the number of iterations (max_iter) or scale the data as shown in:
    https://scikit-learn.org/stable/modules/preprocessing.html
  self.n_iter_ = _check_optimize_result("lbfgs", opt_res, self.max_iter)
/home/sfgary/.miniconda3/envs/superlearner/lib/python3.9/site-packages/sklearn/linear_model/_huber.py:342: ConvergenceWarning: lbfgs failed to converge (status=1):
STOP: TOTAL NO. of ITERATIONS REACHED LIMIT.

Increase the number of iterations (max_iter) or scale the data as shown in:
    https://scikit-learn.org/stable/modules/preprocessing.html
  self.n_iter_ = _check_optimize_result("lbfgs", opt_res, self.max_iter)
/home/sfgary/.miniconda3/envs/superlearner/lib/python3.9/site-packages/sklearn/linear_model/_huber.py:342: ConvergenceWarning: lbfgs failed to converge (status=1):
STOP: TOTAL NO. of ITERATIONS REACHED LIMIT.

Increase the number of iterations (max_iter) or scale the data as shown in:
    https://scikit-learn.org/stable/modules/preprocessing.html
  self.n_iter_ = _check_optimize_result("lbfgs", opt_res, self.max_iter)
/home/sfgary/.miniconda3/envs/superlearner/lib/python3.9/site-packages/sklearn/linear_model/_huber.py:342: ConvergenceWarning: lbfgs failed to converge (status=1):
STOP: TOTAL NO. of ITERATIONS REACHED LIMIT.

Increase the number of iterations (max_iter) or scale the data as shown in:
    https://scikit-learn.org/stable/modules/preprocessing.html
  self.n_iter_ = _check_optimize_result("lbfgs", opt_res, self.max_iter)
/home/sfgary/.miniconda3/envs/superlearner/lib/python3.9/site-packages/sklearn/linear_model/_huber.py:342: ConvergenceWarning: lbfgs failed to converge (status=1):
STOP: TOTAL NO. of ITERATIONS REACHED LIMIT.

Increase the number of iterations (max_iter) or scale the data as shown in:
    https://scikit-learn.org/stable/modules/preprocessing.html
  self.n_iter_ = _check_optimize_result("lbfgs", opt_res, self.max_iter)
/home/sfgary/.miniconda3/envs/superlearner/lib/python3.9/site-packages/sklearn/linear_model/_huber.py:342: ConvergenceWarning: lbfgs failed to converge (status=1):
STOP: TOTAL NO. of ITERATIONS REACHED LIMIT.

Increase the number of iterations (max_iter) or scale the data as shown in:
    https://scikit-learn.org/stable/modules/preprocessing.html
  self.n_iter_ = _check_optimize_result("lbfgs", opt_res, self.max_iter)
/home/sfgary/.miniconda3/envs/superlearner/lib/python3.9/site-packages/sklearn/linear_model/_coordinate_descent.py:631: ConvergenceWarning: Objective did not converge. You might want to increase the number of iterations, check the scale of the features or consider increasing regularisation. Duality gap: 1.034e+00, tolerance: 2.771e-04
  model = cd_fast.enet_coordinate_descent(
/home/sfgary/.miniconda3/envs/superlearner/lib/python3.9/site-packages/sklearn/linear_model/_coordinate_descent.py:631: ConvergenceWarning: Objective did not converge. You might want to increase the number of iterations, check the scale of the features or consider increasing regularisation. Duality gap: 9.009e-01, tolerance: 2.426e-04
  model = cd_fast.enet_coordinate_descent(
/home/sfgary/.miniconda3/envs/superlearner/lib/python3.9/site-packages/sklearn/linear_model/_coordinate_descent.py:631: ConvergenceWarning: Objective did not converge. You might want to increase the number of iterations, check the scale of the features or consider increasing regularisation. Duality gap: 8.296e-01, tolerance: 2.299e-04
  model = cd_fast.enet_coordinate_descent(
/home/sfgary/.miniconda3/envs/superlearner/lib/python3.9/site-packages/sklearn/linear_model/_coordinate_descent.py:631: ConvergenceWarning: Objective did not converge. You might want to increase the number of iterations, check the scale of the features or consider increasing regularisation. Duality gap: 8.599e-01, tolerance: 2.417e-04
  model = cd_fast.enet_coordinate_descent(
/home/sfgary/.miniconda3/envs/superlearner/lib/python3.9/site-packages/sklearn/linear_model/_coordinate_descent.py:631: ConvergenceWarning: Objective did not converge. You might want to increase the number of iterations, check the scale of the features or consider increasing regularisation. Duality gap: 1.669e+00, tolerance: 4.397e-04
  model = cd_fast.enet_coordinate_descent(
/home/sfgary/.miniconda3/envs/superlearner/lib/python3.9/site-packages/sklearn/linear_model/_coordinate_descent.py:631: ConvergenceWarning: Objective did not converge. You might want to increase the number of iterations, check the scale of the features or consider increasing regularisation. Duality gap: 8.197e-01, tolerance: 2.320e-04
  model = cd_fast.enet_coordinate_descent(
