1.2.0
Parsing SuperLearner input arguments...
--conda_sh
--superlearner_conf
--n_jobs
--num_inputs
--predict_var
--cross_val_score
--model_dir
--hpo
--smogn
--data
--backend
NOTICE: Filling any NaN with mean values!
NaN in training data will cause a crash.
Loading SuperLearner configuration...
Loading from: /home/sfgary/sl_core/sample_inputs/superlearner_conf.py
Dirname:  /home/sfgary/sl_core/sample_inputs
Basename: superlearner_conf
Running HPO for output Normalized_Respiration_Rate_mg_DO_per_H_per_L_sediment and estimator nusvr-rbf
Running HPO for output Normalized_Respiration_Rate_mg_DO_per_H_per_L_sediment and estimator nusvr-lin
Running HPO for output Normalized_Respiration_Rate_mg_DO_per_H_per_L_sediment and estimator nusvr-poly
Running HPO for output Normalized_Respiration_Rate_mg_DO_per_H_per_L_sediment and estimator nusvr-sig
Running HPO for output Normalized_Respiration_Rate_mg_DO_per_H_per_L_sediment and estimator knn-uni
Running HPO for output Normalized_Respiration_Rate_mg_DO_per_H_per_L_sediment and estimator knn-dist
Running HPO for output Normalized_Respiration_Rate_mg_DO_per_H_per_L_sediment and estimator pls
Running HPO for output Normalized_Respiration_Rate_mg_DO_per_H_per_L_sediment and estimator mlp
Running HPO for output Normalized_Respiration_Rate_mg_DO_per_H_per_L_sediment and estimator ridge
Running HPO for output Normalized_Respiration_Rate_mg_DO_per_H_per_L_sediment and estimator lasso
Running HPO for output Normalized_Respiration_Rate_mg_DO_per_H_per_L_sediment and estimator linear
Running HPO for output Normalized_Respiration_Rate_mg_DO_per_H_per_L_sediment and estimator enet
Running HPO for output Normalized_Respiration_Rate_mg_DO_per_H_per_L_sediment and estimator huber
Running HPO for output Normalized_Respiration_Rate_mg_DO_per_H_per_L_sediment and estimator xgb
Running HPO for output Normalized_Respiration_Rate_mg_DO_per_H_per_L_sediment and estimator etr
Defining estimator for output: Normalized_Respiration_Rate_mg_DO_per_H_per_L_sediment
Training estimator for output: Normalized_Respiration_Rate_mg_DO_per_H_per_L_sediment
Evaluating estimator for output: Normalized_Respiration_Rate_mg_DO_per_H_per_L_sediment
Evaluating estimator on holdout(test) high/low set for output: Normalized_Respiration_Rate_mg_DO_per_H_per_L_sediment
Hold out metrics:
{
    "Normalized_Respiration_Rate_mg_DO_per_H_per_L_sediment": 0.7820692452457968,
    "Normalized_Respiration_Rate_mg_DO_per_H_per_L_sediment_high": -0.24324707398364476,
    "Normalized_Respiration_Rate_mg_DO_per_H_per_L_sediment_low": -45.6481873632445
}
Evaluating estimator for output: Normalized_Respiration_Rate_mg_DO_per_H_per_L_sediment
Classical metrics:
{
    "Normalized_Respiration_Rate_mg_DO_per_H_per_L_sediment": 0.9185625060144189
}
Save train/test data
